3.684159704171572467e-08
3.684159704171572467e-08
3.684159704171572467e-08
3.684159704171572467e-08
3.684159704171572467e-08
3.684159704171572467e-08
1.607449516669566524e-06
1.268447506648859172e-04
3.188523277061742027e-06
3.188523277061742027e-06
3.188523277061742027e-06
1.027777083213155645e-07
3.684159704171572467e-08
3.684159704171572467e-08
2.736738641583394446e-08
3.684159704171572467e-08
3.684159704171572467e-08
3.684159704171572467e-08
3.684159704171572467e-08
3.684159704171572467e-08
3.684159704171572467e-08
3.684159704171572467e-08
5.839893306585268320e-08
2.977380524100814630e-09
2.977380524100814630e-09
2.977380524100814630e-09
1.741628731728871345e-04
1.169801671895573242e-08
1.169801671895573242e-08
1.169801671895573242e-08
2.529583406297457262e-06
6.988815261531098331e-08
6.988815261531098331e-08
6.988815261531098331e-08
6.988815261531098331e-08
3.684159704171572467e-08
3.684159704171572467e-08
2.311812743554054280e-08
3.684159704171572467e-08
2.740339243200826992e-08
3.820348390191547253e-05
7.554285085705405473e-06
3.241227350776259340e-09
1.658042547715991726e-07
6.075730974840977596e-10
6.075730974840977596e-10
1.521272980698431790e-08
3.803566835016457577e-08
1.582474037994169970e-07
3.684159704171572467e-08
1.652120981491944499e-04
8.363645826087084768e-10
8.363645826087084768e-10
8.363645826087084768e-10
5.354842909861045264e-10
1.399124730172068235e-07
1.399124730172068235e-07
2.509941993700430368e-08
3.684159704171572467e-08
3.684159704171572467e-08
2.509941993700430368e-08
3.684159704171572467e-08
2.509941993700430368e-08
2.462477054166475504e-08
8.685188082914109734e-09
3.684159704171572467e-08
3.684159704171572467e-08
3.187353046766394959e-09
3.684159704171572467e-08
1.671513907780196914e-07
9.233979498010211330e-08
3.345230134635545261e-05
1.637054026449961535e-06
2.012166059409374344e-09
3.092524867541022614e-05
2.814316701082293924e-07
2.814316701082293924e-07
3.107745059968441636e-08
2.599405907407646897e-08
2.599405907407646897e-08
3.684159704171572467e-08
2.599405907407646897e-08
1.329788779706304229e-08
1.329788779706304229e-08
6.088220220660130703e-09
1.665365844347910949e-07
4.163137307408170553e-09
6.082181092017823845e-08
3.684159704171572467e-08
3.253938794399963662e-06
3.684159704171572467e-08
9.293592817281689636e-07
3.173025495205064736e-09
3.684159704171572467e-08
3.684159704171572467e-08
3.684159704171572467e-08
3.712885867461309322e-08
2.595911683817299682e-06
2.189125501881159757e-09
2.189125501881159757e-09
2.378077451090007549e-08
4.937417390261548235e-07
3.058520303527889125e-07
4.286195926828960657e-08
3.684159704171572467e-08
8.296069934362357582e-08
3.684159704171572467e-08
5.658600652120643699e-07
3.531752860765766021e-09
3.684159704171572467e-08
3.531752860765766021e-09
3.432598691032898024e-09
3.432598691032898024e-09
4.615558814353574407e-09
3.843890940921916470e-08
1.393305788524807628e-09
1.393305788524807628e-09
3.684159704171572467e-08
1.023355961745571568e-06
7.686866338235351189e-06
1.472954277459425183e-09
1.472954277459425183e-09
1.472954277459425183e-09
1.472954277459425183e-09
4.039604789552472154e-08
7.655623526876325593e-08
3.684159704171572467e-08
3.684159704171572467e-08
2.701966782850275304e-07
4.816968329817152786e-04
4.403425540552727821e-09
4.403425540552727821e-09
4.176493458682091428e-06
3.206974963071574556e-08
2.179685754282720050e-05
3.684159704171572467e-08
2.179685754282720050e-05
3.684159704171572467e-08
4.856712663006556355e-06
9.175307847278606330e-06
1.990248757613129155e-08
3.064550955923428065e-08
1.997973059927889973e-09
3.684159704171572467e-08
4.443105853546885259e-08
3.684159704171572467e-08
3.031201231103780504e-04
3.684159704171572467e-08
7.799115573302736147e-08
1.670432952869429528e-07
7.942829451773633943e-06
1.393305788524807628e-09
3.684159704171572467e-08
9.456395922087788841e-02
7.347109421213956718e-08
2.831314627549666575e-08
7.686866338235351189e-06
2.831314627549666575e-08
4.654557468966289003e-06
2.140602743972270198e-07
1.236753675432903720e-08
5.832856629633769898e-08
1.315501224727601702e-05
6.577356383023776998e-05
1.211559829809194549e-04
2.468352507240237323e-06
1.441013063378280366e-06
1.401411014820864261e-06
9.532241572032984741e-06
3.684159704171572467e-08
3.684159704171572467e-08
9.532241572032984741e-06
1.436740099601979250e-07
4.569022991344329267e-09
1.693824708998676280e-05
2.711924297771983283e-04
2.522257171553892039e-07
1.704745446421366995e-08
2.465597633202133605e-08
1.396402273132652503e-08
7.457527109238579565e-09
9.473056612213571255e-09
2.498840298440562213e-01
3.684159704171572467e-08
1.144963608705063782e-08
6.232000902209888090e-07
3.684159704171572467e-08
1.938895224345795818e-07
1.169801671895573242e-08
3.684159704171572467e-08
2.204739399112671128e-03
6.711581774560539885e-05
3.684159704171572467e-08
2.661292749615833712e-06
1.359428415438463752e-08
3.684159704171572467e-08
1.396402273132652503e-08
1.298636795946226252e-05
7.642073478396885542e-06
3.684159704171572467e-08
3.684159704171572467e-08
3.684159704171572467e-08
1.292825611622534684e-08
1.011476091817812425e-08
2.851998139073720342e-06
4.199147700264136086e-07
7.290632219261903228e-07
1.617892822225420822e-08
2.232016830818534232e-08
7.078529556817605051e-09
3.684159704171572467e-08
3.684159704171572467e-08
6.685580630801328139e-06
2.291184896045530580e-09
5.293535597731193451e-09
4.350982807028033064e-08
2.655636422943930836e-08
1.231306309538707221e-07
3.684159704171572467e-08
5.790952326943980796e-09
3.684159704171572467e-08
4.876318278687801280e-03
1.619654595876047337e-04
3.684159704171572467e-08
3.684159704171572467e-08
9.202362742435218158e-06
2.009784177617996944e-04
3.164373912406014611e-08
3.164373912406014611e-08
3.684159704171572467e-08
2.931803061791422608e-07
1.072271250836080957e-08
9.085859120580552203e-07
3.238708951455997621e-04
9.220276531598303142e-07
1.148579156310711816e-07
4.462844059930633445e-05
3.684159704171572467e-08
1.216711909192494269e-08
2.262025380343464935e-06
2.271143801191072545e-06
3.494694029819859354e-08
1.714177968275409535e-07
3.684159704171572467e-08
1.421576215721189774e-06
2.144436677011744883e-09
7.408848146612897328e-08
1.698840483114408253e-06
3.684159704171572467e-08
1.936277230158302520e-05
3.684159704171572467e-08
6.855850398073648388e-06
7.643740958107426278e-08
3.684159704171572467e-08
1.090301355729222636e-06
3.684159704171572467e-08
3.610987135576900535e-07
7.686866338235351189e-06
7.686866338235351189e-06
6.369708794887787520e-08
7.147528353611390234e-09
1.161583640946344455e-08
8.556569865103836719e-06
6.116641058233930261e-07
9.450964624574902402e-08
8.742610465409719688e-07
8.742610465409719688e-07
4.564701200586922057e-07
3.209231099025759610e-07
1.129240833735649779e-08
5.078699381174963496e-05
1.282153786029281303e-05
3.333456911738635594e-04
5.845805704018260251e-08
3.684159704171572467e-08
4.373065127487914616e-08
3.642253524900334039e-09
3.684159704171572467e-08
2.322700938181567813e-09
3.684159704171572467e-08
1.379880649218226429e-08
1.188266295564772877e-09
1.188266295564772877e-09
2.955096759586428204e-10
2.395543327370616555e-05
8.314165461829013136e-08
1.393263778761266727e-09
1.674533511282129752e-08
3.684159704171572467e-08
3.684159704171572467e-08
4.976626285539067715e-09
9.735656018106761955e-01
9.735656018106761955e-01
1.398543343980659130e-08
3.446682259045798316e-07
3.446682259045798316e-07
3.568471399159183280e-03
2.791782473028422055e-09
7.959170667122323906e-01
7.959170667122323906e-01
3.684159704171572467e-08
1.250511177460782767e-08
3.684159704171572467e-08
3.684159704171572467e-08
3.684159704171572467e-08
1.250511177460782767e-08
6.041262628393437312e-07
3.684159704171572467e-08
8.404780642643732609e-07
4.577501139128563233e-09
4.577501139128563233e-09
3.684159704171572467e-08
3.684159704171572467e-08
7.871539116239949880e-08
1.037893712466414223e-07
4.339693958709839479e-06
5.637238409750019417e-09
4.610669213357483251e-06
9.338093486190351690e-08
7.959170667122323906e-01
9.119481381947431701e-09
1.148508498445664404e-05
8.305132568377670842e-09
1.429321495645683012e-07
3.684159704171572467e-08
1.016744914590935221e-09
5.158433058779916377e-09
8.276257760494689313e-08
3.949714305168276298e-08
3.684159704171572467e-08
3.684159704171572467e-08
2.902383206167550538e-07
2.902383206167550538e-07
1.909198790461491423e-06
1.909198790461491423e-06
4.339567663856496648e-08
2.003972421926361406e-06
2.383101985411236348e-07
1.818176168528316527e-08
5.581932940235872557e-07
2.358814911372255141e-05
5.069554840028300433e-05
3.451935926743168838e-07
7.686866338235351189e-06
2.620763073917843221e-08
7.201498991245465011e-09
7.201498991245465011e-09
1.627865350463668882e-05
7.686866338235351189e-06
7.686866338235351189e-06
7.599272409068489810e-08
4.429969786763794411e-06
1.014560037221531491e-06
8.975737543938178749e-05
3.314642111781630378e-08
3.388307598092189722e-08
1.721339186001915346e-06
1.721339186001915346e-06
9.895226593346111210e-08
3.405468308482727363e-09
3.684159704171572467e-08
6.026649184890621304e-08
4.747368901788544703e-07
2.176888930450780250e-09
1.361159983146194153e-08
9.189130434347912909e-08
9.132560268206110684e-09
2.632686185776983445e-08
3.361364037162293465e-04
3.361364037162293465e-04
8.227824343053914307e-08
5.964710418279864662e-09
3.588245006835353504e-08
3.684159704171572467e-08
3.684159704171572467e-08
6.996236038056674318e-05
6.996236038056674318e-05
6.996236038056674318e-05
6.996236038056674318e-05
6.996236038056674318e-05
3.684159704171572467e-08
5.781473907054034077e-07
4.906754031976512712e-07
4.906754031976512712e-07
1.024424871820182001e-07
2.097797575742405157e-06
2.097797575742405157e-06
3.798977544364622067e-09
3.684159704171572467e-08
3.684159704171572467e-08
3.684159704171572467e-08
3.684159704171572467e-08
3.684159704171572467e-08
4.374001409204597626e-07
7.959170667122323906e-01
3.684159704171572467e-08
2.449228296260671777e-06
2.449228296260671777e-06
1.276791721571621808e-06
3.684159704171572467e-08
