1.058907126959752381e-03
1.058907126959752381e-03
1.058907126959752381e-03
1.058907126959752381e-03
1.058907126959752381e-03
1.058907126959752381e-03
1.478814271232705303e-03
1.117256407557163213e-03
1.316961839330351488e-03
1.316961839330351488e-03
1.316961839330351488e-03
1.534620716170071808e-03
1.058907126959752381e-03
1.058907126959752381e-03
1.312819178547864870e-03
1.058907126959752381e-03
1.035634871202250002e-03
1.058907126959752381e-03
1.035634871202250002e-03
1.035634871202250002e-03
1.058907126959752381e-03
1.035634871202250002e-03
1.497892744908598146e-03
2.034394187515212258e-03
2.034394187515212258e-03
2.034394187515212258e-03
2.424937078970028706e-03
1.190824214393838018e-03
1.190824214393838018e-03
1.190824214393838018e-03
1.068689967125453912e-04
2.651863831044356992e-03
2.651863831044356992e-03
2.651863831044356992e-03
2.651863831044356992e-03
1.058907126959752381e-03
1.058907126959752381e-03
1.990183376059594892e-03
1.058907126959752381e-03
3.375487011754138827e-03
7.580997751133646944e-04
7.355168958741933752e-04
8.461695223435454147e-03
7.926739498990248130e-04
1.478078363823481344e-04
1.478078363823481344e-04
3.369494074173197320e-04
1.272599937274221903e-03
6.717022604150669389e-04
1.058907126959752381e-03
8.117163224537208210e-04
1.964748666357251598e-03
1.964748666357251598e-03
1.964748666357251598e-03
1.085742086500031314e-03
7.456812153424464485e-04
7.456812153424464485e-04
1.163378582727658296e-03
1.058907126959752381e-03
1.058907126959752381e-03
1.163378582727658296e-03
1.058907126959752381e-03
1.163378582727658296e-03
3.892329036101993718e-03
4.393957501666899195e-04
1.058907126959752381e-03
1.058907126959752381e-03
1.245990421329653446e-03
1.058907126959752381e-03
5.593106097870457864e-03
1.367166106247367412e-03
1.128926921780879422e-03
1.993363811555827914e-03
3.910066993540694505e-04
9.647664067528781634e-04
2.619192166857028849e-03
2.619192166857028849e-03
1.061121444993348099e-03
7.650934866321601338e-04
7.650934866321601338e-04
1.058907126959752381e-03
7.650934866321601338e-04
1.586028519423790615e-03
1.586028519423790615e-03
1.153770186103711144e-03
3.328561150054881995e-03
3.708664541317509993e-04
5.046671890357088373e-04
1.058907126959752381e-03
1.011828717772815999e-03
1.058907126959752381e-03
3.601923276673298568e-04
7.022958363555066846e-04
1.058907126959752381e-03
1.058907126959752381e-03
1.058907126959752381e-03
5.843527881607704861e-04
1.861711129446937379e-03
6.964111638211769716e-04
6.964111638211769716e-04
1.135264968366473575e-03
1.805540664516784057e-03
4.308428096357794462e-04
6.178738554327697701e-04
1.058907126959752381e-03
2.122117011631239562e-03
1.058907126959752381e-03
4.528017611495009209e-04
4.969233847368110125e-04
1.058907126959752381e-03
4.969233847368110125e-04
8.190217090834880920e-03
8.190217090834880920e-03
4.142289868094978234e-03
3.660739105615841253e-03
3.044807065637599049e-04
3.044807065637599049e-04
1.058907126959752381e-03
5.653857079817148747e-04
9.394712361466949900e-05
5.788113573683415555e-04
5.788113573683415555e-04
5.788113573683415555e-04
5.788113573683415555e-04
9.760551938701092891e-04
9.148246714789240669e-04
1.058907126959752381e-03
1.058907126959752381e-03
9.898146208952756167e-04
1.064013860060488911e-03
1.099525228913223081e-03
1.099525228913223081e-03
1.140654969444148065e-03
4.162102053425151011e-04
8.237825666562246640e-04
1.058907126959752381e-03
8.237825666562246640e-04
1.058907126959752381e-03
1.154732635052003716e-03
6.270947956080581915e-04
6.979404036749188795e-04
6.749308499450340764e-04
1.086812308089250010e-03
1.058907126959752381e-03
1.045248309026159620e-03
1.058907126959752381e-03
7.140385467858509274e-04
1.058907126959752381e-03
1.195331018472946261e-03
5.660240424212415822e-04
4.815662022108443724e-04
3.044807065637599049e-04
1.058907126959752381e-03
6.743140150352898215e-04
8.904207867875397987e-04
3.372895591018944175e-03
9.394712361466949900e-05
3.372895591018944175e-03
6.489465555526899689e-04
1.170326901788391319e-03
8.677275370723388538e-04
2.380388470142718368e-03
1.059773724781989815e-03
8.962013875420653947e-04
5.383357314790778586e-04
1.246688944136615162e-03
5.576458680488577879e-04
8.518606367116265954e-03
7.584115981417704480e-04
1.058907126959752381e-03
1.058907126959752381e-03
7.584115981417704480e-04
1.439414134380668023e-03
5.239137982877643254e-04
9.796188243137290627e-04
7.556820597658036676e-04
8.229421871875196174e-04
1.794269980590837942e-03
1.085127189911488195e-03
1.788248540872499443e-03
1.338056994878320145e-03
8.909257026117240602e-03
2.060083137318525354e-03
1.058907126959752381e-03
6.015081121475999645e-03
4.656862823910205471e-04
1.058907126959752381e-03
2.429042911899592476e-03
1.522786839212660667e-03
1.058907126959752381e-03
4.995994107567374191e-04
3.197761114974240551e-04
1.058907126959752381e-03
6.210008926729262708e-04
1.913283991519791833e-03
1.058907126959752381e-03
1.830151118807664574e-03
1.041787906539883924e-03
3.224062460306274737e-04
1.058907126959752381e-03
1.058907126959752381e-03
1.058907126959752381e-03
1.488650991899739427e-03
1.010315481319110347e-03
5.385489502913188556e-04
4.723490143800178689e-03
1.394134936330237518e-03
9.217167096433102023e-04
7.893708200789776664e-04
1.779830621157469034e-03
1.058907126959752381e-03
1.058907126959752381e-03
6.785464843491289784e-04
1.565914352692520436e-03
4.823019652400712017e-03
7.509664152350872465e-04
3.455295043089053096e-04
9.080512099349596043e-04
1.058907126959752381e-03
7.872414185084803057e-04
1.058907126959752381e-03
1.704640328474434389e-03
1.732717203352116876e-04
1.058907126959752381e-03
1.058907126959752381e-03
1.119891166194348026e-03
4.663010849231239460e-04
5.021798670246651209e-04
5.021798670246651209e-04
1.058907126959752381e-03
4.646507893483919254e-04
6.565937138980174363e-04
1.883927884896718702e-03
2.696076012061384168e-04
9.222143989451887097e-04
4.511245120521973143e-04
5.379038442385118387e-04
1.058907126959752381e-03
7.505899904505374150e-04
3.924952850554610899e-04
4.166961758780590068e-04
1.450102956128545900e-03
1.910169283516820237e-03
1.058907126959752381e-03
9.104491052610577066e-04
1.955774034072469639e-03
5.001477742776240520e-04
1.506075228869660368e-03
1.058907126959752381e-03
5.176246213321430197e-04
1.058907126959752381e-03
2.349828970346073877e-03
1.566557062732475787e-03
1.058907126959752381e-03
1.917021533447625138e-03
1.058907126959752381e-03
4.118752439519678295e-03
9.394712361466949900e-05
9.394712361466949900e-05
1.188451506441232357e-03
1.061019443048826210e-03
4.635784204436376138e-04
2.132455757637467743e-04
2.161744108634386374e-03
4.107630031555916435e-04
7.745184516164376875e-04
7.745184516164376875e-04
3.410613349407907828e-03
1.214538132675733496e-03
4.993082753755999923e-04
1.859608330198611137e-04
1.726373269461139396e-03
6.478496152381284928e-04
3.617168782548846068e-04
1.058907126959752381e-03
8.010164081519189358e-04
2.910810549450945899e-03
1.058907126959752381e-03
6.620473668418743948e-03
1.035634871202250002e-03
1.726227358078844020e-03
5.715789524294312158e-04
5.715789524294312158e-04
4.933508872581526209e-04
9.383020118769159167e-04
1.706227081523484625e-03
9.257739493587582337e-04
8.299373064380268557e-04
1.058569596521795808e-03
1.058907126959752381e-03
3.135146636584528802e-04
7.327048129787498958e-04
7.327048129787498958e-04
1.192218029103452601e-03
1.071708401219025660e-03
1.071708401219025660e-03
2.028479204347807038e-03
1.342302547676674923e-03
9.727472227156873652e-01
9.727472227156873652e-01
1.185326230645980397e-03
2.085222003862658151e-04
1.058907126959752381e-03
1.058907126959752381e-03
1.058907126959752381e-03
2.085222003862658151e-04
9.713106655115868885e-04
1.058907126959752381e-03
5.526284142694766824e-04
8.872258691421499102e-04
8.872258691421499102e-04
1.058907126959752381e-03
1.058907126959752381e-03
1.103953390564962065e-03
1.262157610096447400e-03
1.146398033299296125e-03
4.933607349552779527e-03
1.583330840292775793e-02
1.554921657673484156e-03
9.727472227156873652e-01
5.647831563960923826e-04
1.912623008883023454e-03
8.127257872642004808e-04
9.279843229291280700e-04
1.058907126959752381e-03
3.673791566403139270e-03
2.282858913193837845e-03
5.771198044432994563e-03
1.101155698468806376e-03
1.058907126959752381e-03
1.058907126959752381e-03
3.967397992810850135e-03
3.967397992810850135e-03
1.594110207587761579e-03
1.594110207587761579e-03
6.412294107106827987e-04
6.200020798693882612e-04
5.823856976857409284e-04
1.154560986533848107e-03
1.162452518635030988e-03
7.048044634676301151e-04
8.378481972010887700e-04
2.143511183629864206e-03
9.394712361466949900e-05
6.345198321859050940e-04
7.313507084266216958e-04
7.313507084266216958e-04
6.188548322606572628e-04
9.394712361466949900e-05
9.394712361466949900e-05
4.627020526309511407e-04
1.120943987508321105e-03
3.421234156669879754e-03
4.436413621808538740e-04
9.618826827733312039e-04
4.250953176034541784e-04
7.071527744416725289e-04
7.071527744416725289e-04
1.081498856021610114e-03
3.110644355252373608e-03
1.058907126959752381e-03
2.014208913124936745e-03
1.393434274363794306e-03
7.718696093090798675e-04
1.395927730283995100e-03
6.122585679547156660e-04
1.666765098367305360e-03
4.061171762502666614e-04
4.063523639170355732e-04
4.063523639170355732e-04
4.409138188978464225e-04
3.444196171236904493e-03
1.275589938853264813e-03
1.058907126959752381e-03
1.058907126959752381e-03
2.130673666117166229e-04
2.130673666117166229e-04
2.130673666117166229e-04
2.130673666117166229e-04
2.130673666117166229e-04
1.058907126959752381e-03
8.063868322465790259e-04
2.212038553790209808e-03
2.212038553790209808e-03
2.091083982962843590e-04
3.978562497329673586e-04
3.978562497329673586e-04
7.640043636656731899e-04
1.058907126959752381e-03
1.036818089702125400e-03
1.036818089702125400e-03
1.036818089702125400e-03
1.058907126959752381e-03
4.815603019115729079e-04
9.727472227156873652e-01
1.048974270010621544e-03
1.125807601047183922e-02
1.125807601047183922e-02
5.965840861685700472e-04
1.058907126959752381e-03
