2.800509015720022794e-04
2.800509015720022794e-04
2.800509015720022794e-04
2.800509015720022794e-04
2.800509015720022794e-04
2.800509015720022794e-04
2.640491155652446680e-03
4.949903774265291927e-03
1.370992627309567107e-04
1.370992627309567107e-04
1.370992627309567107e-04
6.404419018748067722e-04
2.800509015720022794e-04
2.800509015720022794e-04
1.774093948807878806e-04
2.800509015720022794e-04
2.517706061924134420e-04
2.800509015720022794e-04
2.517706061924134420e-04
2.517706061924134420e-04
2.800509015720022794e-04
2.517706061924134420e-04
3.003211418715552236e-03
8.202834677392198534e-04
8.202834677392198534e-04
8.202834677392198534e-04
2.250941650707884503e-03
1.416553323531221265e-04
1.416553323531221265e-04
1.416553323531221265e-04
9.577402484597077326e-01
5.607793255065916978e-04
5.607793255065916978e-04
5.607793255065916978e-04
5.607793255065916978e-04
2.800509015720022794e-04
2.800509015720022794e-04
2.518195371754005383e-04
2.800509015720022794e-04
5.111220353301454151e-04
6.482108345394631179e-04
1.957343450063544653e-04
3.765302801134858750e-04
1.886399598446941175e-04
3.145118934709717744e-03
3.145118934709717744e-03
4.900060468307083352e-04
1.586170240507902792e-04
1.419993686174750519e-04
2.800509015720022794e-04
1.769561672732663691e-04
6.464423032491507272e-04
6.464423032491507272e-04
6.464423032491507272e-04
9.072047478673291509e-04
1.947238351619323400e-04
1.947238351619323400e-04
8.582467957773961360e-04
2.800509015720022794e-04
2.800509015720022794e-04
8.582467957773961360e-04
2.800509015720022794e-04
8.582467957773961360e-04
5.648575276103308482e-04
4.200277021887221618e-04
2.800509015720022794e-04
2.800509015720022794e-04
2.994617886488987451e-03
2.800509015720022794e-04
2.167208368921334782e-03
2.275554767169326654e-04
9.642924303086588544e-01
1.077252437010226623e-04
2.537991158717689132e-04
1.118457567848973573e-03
1.053958314053498289e-03
1.053958314053498289e-03
3.156448142959954488e-04
3.580344156051550215e-04
3.580344156051550215e-04
2.800509015720022794e-04
3.580344156051550215e-04
6.253973408516791052e-04
6.253973408516791052e-04
1.820068398031946151e-04
4.268424734313371873e-04
1.127344093044608435e-04
6.853661825096379065e-04
2.800509015720022794e-04
5.493462670295892747e-03
2.800509015720022794e-04
6.134854176524944967e-04
2.704206810781128556e-04
2.800509015720022794e-04
2.800509015720022794e-04
2.800509015720022794e-04
1.372771557581327307e-04
8.956908915397869672e-04
1.258880359936271308e-03
1.258880359936271308e-03
1.493234207467796816e-04
9.725010073127178870e-04
3.622589417293556433e-04
3.682353901860707657e-02
2.800509015720022794e-04
7.793064546616038665e-05
2.800509015720022794e-04
3.832809565606175566e-04
8.638100603014938449e-04
2.800509015720022794e-04
8.638100603014938449e-04
1.435820780508718615e-03
1.435820780508718615e-03
3.831247281486795217e-04
2.089527693101458211e-04
5.276071230192043394e-04
5.276071230192043394e-04
2.800509015720022794e-04
1.869379149335278307e-03
5.287385498570544790e-04
2.303719226373260060e-03
2.303719226373260060e-03
2.303719226373260060e-03
2.303719226373260060e-03
9.949963705002415424e-04
1.961159359440382973e-04
2.800509015720022794e-04
2.800509015720022794e-04
2.073158524087109886e-04
5.983074691723159338e-03
6.024120856159367876e-02
6.024120856159367876e-02
2.268786236348481651e-03
7.433339259886597664e-04
1.740860915909519038e-02
2.800509015720022794e-04
1.740860915909519038e-02
2.800509015720022794e-04
1.635661326482358915e-02
3.777932733727804872e-04
8.829488853223957379e-02
4.775888662996754380e-02
1.634785870458200889e-03
2.800509015720022794e-04
1.002008640006609103e-03
2.800509015720022794e-04
2.400963647901541761e-03
2.800509015720022794e-04
5.279804434691618342e-04
1.413698171955519610e-03
1.021945735784732283e-04
5.276071230192043394e-04
2.800509015720022794e-04
1.086363483885836477e-03
4.118513490555628098e-03
4.633087294349145461e-04
5.287385498570544790e-04
4.633087294349145461e-04
9.947891866681476958e-03
2.255207817639992346e-04
9.327057829439451726e-04
2.736343872560832963e-04
3.027147041837820185e-02
2.888115771522494629e-02
8.948837295529660230e-02
1.643660497738788032e-03
7.986201406156223301e-04
2.542466834767029109e-03
3.091229065085362646e-02
2.800509015720022794e-04
2.800509015720022794e-04
3.091229065085362646e-02
1.594170815954104364e-04
3.164835283773274584e-04
2.066040596968685833e-02
5.824644851869175376e-03
7.696932194789501015e-04
2.966312031044301707e-03
2.204490587968072155e-03
1.254036511798370000e-03
4.246392485781659565e-04
7.759593329910852285e-04
5.284108501023180660e-04
2.800509015720022794e-04
7.393251257101447543e-04
1.328879499949147443e-03
2.800509015720022794e-04
7.963029806864074410e-04
8.542229542994667004e-05
2.800509015720022794e-04
3.862975149917451220e-04
5.642087868048884566e-04
2.800509015720022794e-04
1.874599153032749680e-03
5.001530736521722859e-04
2.800509015720022794e-04
5.147643492983917718e-04
9.182203799731390812e-04
2.131200205286983354e-03
2.800509015720022794e-04
2.800509015720022794e-04
2.800509015720022794e-04
5.677904069608924855e-04
7.122823487554436409e-04
5.041110434469899849e-03
3.494254557724570977e-04
1.915782791180323108e-05
3.291315365982804778e-03
2.687189205069090165e-04
1.396656573597046362e-02
2.800509015720022794e-04
2.800509015720022794e-04
1.015487812750644593e-03
4.187277678116539149e-04
2.544260172631324719e-04
1.599184668014291854e-04
6.586057358934330370e-04
2.173011168427741021e-04
2.800509015720022794e-04
4.680082830392349839e-03
2.800509015720022794e-04
4.306558128681070834e-04
3.620911007514932348e-04
2.800509015720022794e-04
2.800509015720022794e-04
4.027100062105610080e-04
4.479823695353865598e-03
4.343236306595009899e-04
4.343236306595009899e-04
2.800509015720022794e-04
1.130597179268252048e-03
9.511265993623309529e-05
1.700143954297521744e-03
2.853733419134391915e-04
4.324299774817857425e-04
1.021729144537502493e-03
2.184893938856484995e-03
2.800509015720022794e-04
1.233583909142479517e-03
4.194542181291781172e-04
4.242891539986899966e-04
2.521615606296948031e-03
2.630581305414487862e-04
2.800509015720022794e-04
5.523070340707218393e-05
3.382966775260470133e-04
1.810818889754464830e-03
3.684339295423297062e-04
2.800509015720022794e-04
4.879935899048803028e-04
2.800509015720022794e-04
1.420684399522954659e-02
2.913685637548639375e-04
2.800509015720022794e-04
1.079251674888317443e-04
2.800509015720022794e-04
1.466110761525987901e-04
5.287385498570544790e-04
5.287385498570544790e-04
3.898494297796058932e-04
3.174005489492162332e-04
4.092139478450047005e-04
1.764348837190762298e-01
5.181576364732339186e-04
1.549468677785139888e-03
3.313618905806692185e-03
3.313618905806692185e-03
9.493674573571821347e-05
2.529277770098314893e-04
1.091627476178945629e-03
2.359278728252193601e-03
3.419845152440105268e-04
2.530141594915744346e-04
3.030046207978151192e-04
2.800509015720022794e-04
2.889959191110778891e-04
6.651907117275199840e-04
2.800509015720022794e-04
3.695547618264245554e-04
2.517706061924134420e-04
2.634052953206794537e-04
2.241797868597609925e-04
2.241797868597609925e-04
4.703585101143371492e-04
9.705037233078736125e-04
1.627522224967860537e-04
5.475336580999752350e-04
9.984270714436876363e-04
2.771405374963616477e-04
2.800509015720022794e-04
1.633072287894336198e-04
4.078511151701327440e-04
4.078511151701327440e-04
5.271175245709417128e-04
3.860618010525168424e-04
3.860618010525168424e-04
2.115821148356391613e-04
1.217009429666537391e-03
9.304029346551700053e-05
9.304029346551700053e-05
2.725178317481095208e-04
1.512061034092111820e-03
2.800509015720022794e-04
2.800509015720022794e-04
2.800509015720022794e-04
1.512061034092111820e-03
1.075640678468003887e-03
2.800509015720022794e-04
1.475056762526741707e-04
2.499173927381405109e-04
2.499173927381405109e-04
2.800509015720022794e-04
2.800509015720022794e-04
9.641989598683538623e-03
9.936007195080766817e-04
7.850054489258376624e-04
3.093968986034846980e-03
1.234863446065141040e-04
2.598621811229893551e-04
9.304029346551700053e-05
1.091915280034186754e-03
2.356935018126635878e-04
6.288593040396652477e-04
3.700734439292890053e-03
2.800509015720022794e-04
5.478191058874590192e-04
1.370976242125000483e-03
9.870285482226710729e-04
6.160613322205780833e-04
2.800509015720022794e-04
2.800509015720022794e-04
3.659712250903634454e-05
3.659712250903634454e-05
1.273581591526793668e-03
1.273581591526793668e-03
3.318352865693746721e-04
3.826389251603252799e-04
3.375536470929048523e-04
1.054205129117186676e-03
5.711110588516879688e-04
3.641471858011046401e-04
8.746487242779251835e-04
2.017948734170225034e-04
5.287385498570544790e-04
1.282170351211315467e-03
1.245916866408630077e-03
1.245916866408630077e-03
1.713166458081789314e-04
5.287385498570544790e-04
5.287385498570544790e-04
7.762940005373432460e-04
2.954042204560326942e-04
8.253696241642527855e-04
1.256586021012599287e-03
2.784616209865897079e-04
1.112872578388266311e-03
1.523869798499205357e-04
1.523869798499205357e-04
1.571509624065633764e-04
5.405392342714053716e-04
2.800509015720022794e-04
5.083451902382390281e-03
1.867167537466003216e-03
7.758100887589412104e-04
9.060610339110033431e-05
1.107287117923768445e-04
3.831581653178368733e-04
6.162147147551608932e-04
1.010902602353076774e-02
1.010902602353076774e-02
5.131842707118764975e-04
1.374391621023544723e-02
2.976290895221000120e-04
2.800509015720022794e-04
2.800509015720022794e-04
8.874514575353192945e-05
8.874514575353192945e-05
8.874514575353192945e-05
8.874514575353192945e-05
8.874514575353192945e-05
2.800509015720022794e-04
7.305647579291304344e-04
1.807494595750863122e-03
1.807494595750863122e-03
4.624475322527155877e-04
2.951984579821084970e-04
2.951984579821084970e-04
1.355194046329009959e-03
2.800509015720022794e-04
2.982832329584988356e-04
2.982832329584988356e-04
2.982832329584988356e-04
2.800509015720022794e-04
9.072818713868195965e-04
9.304029346551700053e-05
2.269573376418570077e-04
9.886380950429572451e-04
9.886380950429572451e-04
4.079609712799024679e-02
2.800509015720022794e-04
