2.673300594269719394e-05
2.197725028458722774e-04
1.000000099473604149e-07
5.582901770246687347e-07
5.406977847991535358e-07
1.080463751352125337e-06
9.517714323596126492e-04
4.746143385329222066e-03
3.174154056886065861e-02
8.521541313879841921e-04
1.640103321774780663e-04
5.678265074758470377e-05
4.837149115303844481e-06
5.132008471093292627e-05
2.388077797368640263e-07
1.631385113976454855e-05
2.008557179391915704e-06
3.806059823095935630e-05
1.281098689080930051e-05
6.606327117610208898e-05
3.403617502037836192e-06
1.882923937147742573e-07
1.652951072689027402e-05
1.595938660089970054e-02
5.887368242746226231e-06
1.222542823882115739e-06
3.619590519693928411e-05
1.000000099473604149e-07
2.997300640769291519e-04
2.151022622449401730e-06
5.020188431450132836e-05
2.785495134220650464e-03
5.315959623182381116e-05
3.587323358307178533e-03
7.538206446031507905e-07
1.287678848382623526e-07
1.518313712966611884e-06
1.000000099473604149e-07
1.420575398457851794e-05
2.711623281543597622e-02
1.060430099605293783e-07
4.490223216512618707e-04
1.978290921801570141e-03
2.410468824688755133e-06
1.208916279846222757e-04
3.078456046930317898e-05
2.492252519224344377e-06
2.725956254099342981e-05
1.185672834404117578e-06
1.622417085106923675e-06
1.599870111442406868e-07
6.283932699994415182e-04
2.581145560898786694e-04
5.166182577247333607e-07
8.047656893342376917e-06
4.385368049694612767e-05
2.328204204557421123e-05
1.304705268487028980e-05
1.307898753254040674e-06
5.441930726600037517e-06
1.734049739195336925e-05
8.727569731104609080e-06
6.429258526449600905e-04
7.263958242349502065e-06
1.834262263677431082e-05
4.119327103545302290e-06
1.269705814394899141e-05
5.012927917961420773e-05
1.000000099473604149e-07
8.138207724329288216e-06
6.084793589410673015e-06
4.558246188049597930e-05
1.397546317073817342e-04
1.488081348837017723e-06
2.337310160936633847e-05
1.429419250327260050e-05
5.178882580115384097e-06
9.731992722603818597e-05
8.636312320527599477e-06
9.708378642638249392e-07
1.232431529254558990e-06
7.756444937362888640e-07
1.058655610200680316e-05
2.859556640112276033e-05
6.371720195537744804e-06
1.557538155937319055e-05
7.434370319630451425e-07
1.251889852911407578e-04
5.440760702224520087e-06
6.456759347050085567e-04
1.988617563668915236e-06
5.742234141598420900e-05
1.000000099473604149e-07
1.867471098847529406e-06
3.740317244527076459e-05
8.476298703405003416e-07
8.033186182371292946e-07
6.700593728794643078e-07
3.958776412901066017e-07
6.469232223399934584e-06
4.282084321955919952e-05
2.130892815480098603e-04
2.803043592442560572e-06
2.333543352699138354e-06
2.333543352699138354e-06
7.176257089292678571e-05
2.333543352699138354e-06
3.993098484452289448e-05
4.406552803597183088e-06
2.655946918674686325e-02
5.114922627108866774e-07
8.490811019560478012e-01
1.455670898918654863e-06
3.787346680705088188e-07
3.988542989372309940e-06
7.960184368520176144e-06
2.380706899958383173e-07
8.836313753838967095e-07
3.914700244521408508e-06
3.102428743046610861e-06
7.308893543298524054e-07
4.546104197089217373e-04
1.119387065768991801e-02
9.679903089914028110e-07
8.279621284927304924e-05
2.099939312492974498e-05
3.608981418337502418e-07
4.686979605937640699e-06
3.051244849174155967e-05
9.881226566813911799e-06
3.291098824984963812e-05
1.259989792666809782e-06
1.067989602653644270e-05
3.268497828470901066e-06
5.395384390664911082e-06
6.625312675893617471e-07
2.286141466463888055e-06
4.016018359769209851e-07
5.357953265226048288e-07
3.808163633579589625e-07
2.748784921751206930e-06
2.133888192764156237e-06
1.921588369726175748e-06
2.407777727149205618e-05
1.495613697296106361e-06
1.865217100328525048e-06
1.789980341951136643e-06
1.428516385789142903e-06
1.533119331707120589e-05
1.094642264579753892e-06
6.225645451656719107e-03
8.640491636859111055e-05
2.757160863511680382e-04
2.132197998785460678e-06
1.927749586109533504e-06
2.299613704259843264e-07
1.169233158098051480e-05
2.736618606786063756e-07
2.075984408816353719e-06
6.890960612634689517e-05
1.628523800905527785e-02
5.552745172428778103e-02
1.625125026068165838e-05
7.997164264418575122e-06
1.196984376968423364e-06
1.477836586124709409e-07
9.330979073931645607e-01
2.948276007239244140e-06
4.427599840287006262e-04
1.394689247899978461e-06
5.697164984428139887e-06
1.121447412019867167e-06
3.628335429426124463e-05
1.011351098565842996e-07
1.022827723076579376e-05
1.008494845272059274e-05
6.779388583513019726e-07
8.881790838799606766e-07
4.711486856828047613e-04
1.420451589363876284e-02
5.289202429896034660e-05
2.938794984302768691e-06
5.557596334468834846e-06
3.768399193763499137e-03
7.119782010156014765e-03
2.146486516227362609e-06
4.636944589844386273e-04
1.001600312142661164e-05
1.877569569597013375e-05
3.181990750669189127e-01
3.096448017843501542e-05
4.118866668969312127e-04
1.191530296188425806e-06
3.067633742148497339e-07
1.395760464784482941e-06
4.088449355222729956e-06
4.224831911899574411e-06
2.363681466712637430e-06
2.333543352699138354e-06
6.694514883842287920e-03
4.158922457571033766e-06
8.955852726524698924e-07
1.475034688875127067e-05
1.790852104701658731e-01
4.501069118933187529e-05
2.413559260562703895e-02
1.107129891110843417e-03
8.023275736580314958e-06
7.571791544854173333e-07
1.143930945251220959e-06
2.874780644493635378e-05
2.208156894771661025e-03
2.214115983167082083e-06
1.201940004580940880e-04
2.947740236872040761e-06
3.993755296987322955e-04
6.151107760761560144e-04
1.876749760321465782e-07
1.721573771918703791e-06
2.754746489797036278e-05
1.111971560036579993e-05
1.727282642518479191e-04
3.108162125624964717e-07
2.333543352699138354e-06
5.400551963087800824e-06
2.111511494071228616e-05
1.096144440195894486e-05
1.000000099473604149e-07
1.000000099473604149e-07
6.979076103772092771e-04
1.463316175820964607e-05
6.417393605370200992e-06
9.225126306727688032e-06
1.000000099473604149e-07
5.169973331818138683e-05
6.351340910232569463e-03
1.958649804788993412e-06
1.343593457831609135e-06
2.687499481938126491e-06
2.591060350580370049e-06
1.085894984368528013e-06
2.224201258911511566e-06
3.432863821923744886e-05
4.790276790390148021e-05
8.407148804276763220e-05
1.353874992226834830e-07
7.652953959053433773e-04
7.313755570075089203e-06
6.961465714770406288e-04
2.333543352699138354e-06
2.889034477427240429e-05
2.835921060728875219e-06
2.492489774956316954e-06
3.749032579033819714e-04
1.086377780221416912e-06
3.955542017387680124e-06
4.524825576807830997e-04
2.874074336917364892e-04
2.267301864859711316e-02
3.322320003193328677e-06
4.095119840461374559e-06
3.425079198237296457e-06
1.129582241429830623e-02
1.034387129833945951e-04
1.469685849038961931e-06
1.337990960893220733e-03
2.017214766919519829e-06
1.953670531783468489e-07
6.152712980034489285e-05
3.718125180112698893e-05
7.156916947525147929e-07
1.293268925464963790e-05
7.388469212781790770e-05
2.527651739347483960e-04
8.654267592074776786e-04
6.064158871654242540e-05
1.925729480856786891e-04
2.333543352699138354e-06
2.779929435621095909e-07
1.895049572034137610e-05
5.866585311461763031e-06
3.456808626362410287e-07
6.991498478957804130e-02
4.343708431901071322e-06
5.001562258112168986e-03
6.931094717040303492e-04
6.610559490555798466e-03
4.611847175406719613e-04
5.231150588899610043e-05
2.154445546808815577e-06
1.751589716761396408e-05
2.649562175911837614e-05
9.841688503265341205e-04
2.333543352699138354e-06
7.927545231964986709e-06
2.816686167823441119e-04
2.467248248609264411e-05
1.118919566398217239e-04
2.644381858095560736e-05
2.476796941436396421e-06
2.681518346784295850e-05
7.163765263698778054e-07
9.433808302699049218e-05
1.585349373764146055e-06
7.125327030578452562e-07
1.014620838486187478e-04
4.514264919433955765e-06
8.582142205512309307e-06
2.826269710652737246e-04
2.141365828575893661e-04
3.456808626362410287e-07
5.790246627000115095e-06
6.912489653841195982e-07
4.675193070764884851e-04
1.533399628881936504e-03
1.458475001613317862e-03
5.358070187157500646e-06
9.508222983524767147e-05
1.955848134067311896e-07
5.322458266325131698e-05
1.546543378810170998e-03
4.840985077818124599e-05
1.000000099473604149e-07
4.376016540262746800e-04
1.217456247909648112e-03
7.190472715602127683e-05
1.485910701346538329e-05
1.890476866993547292e-06
1.000000099473604149e-07
4.235706130385957292e-06
2.421994610114489542e-03
5.303923075057662728e-06
2.737370598084340622e-05
2.789363130331095827e-02
1.023689923489661461e-05
1.557081861492373893e-04
3.148244295384283650e-05
6.700080458297022425e-05
7.979864353597345694e-01
3.908941196662611413e-05
2.323737022877112035e-02
1.151309281919066101e-06
1.387911989938557458e-06
1.309525928448162504e-04
3.555614631627924712e-06
2.461244654596282552e-05
1.021976224109724229e-03
4.719433892583191451e-05
2.045249409833221899e-02
8.340131582655447087e-03
1.372323084708950125e-06
2.032813057507135731e-05
1.000000099473604149e-07
4.725139688582828072e-04
5.734167211261702660e-04
8.969189839642142155e-07
1.013645745522325141e-06
9.000004037361169922e-07
1.125683248987873518e-07
2.457083367545261433e-06
2.333543352699138354e-06
2.277945635010828179e-03
1.342126092604509257e-03
6.365170806341372868e-03
2.270484093356651099e-03
3.364729972711762840e-05
1.422467209053814515e-05
2.160333736755076267e-07
9.454803157356947039e-04
9.953150568390369823e-01
5.403929816574414230e-04
3.464631512342265102e-04
7.502777943254981038e-04
8.268044821655065439e-05
2.748639762679836373e-04
8.437561173720943336e-04
8.037284874909886301e-04
2.333543352699138354e-06
3.540822497835789667e-06
6.024996236088867713e-05
1.974588868426877116e-04
2.067043401685633025e-02
8.191120788164488187e-03
2.333543352699138354e-06
2.890150814957704542e-06
1.777110828220394580e-06
1.520138224675312582e-05
7.434903692471486704e-04
1.032399150718959482e-03
1.620772311457963782e-05
7.172977537643884034e-05
5.821446247789451453e-07
8.077922677900821846e-07
5.020281367643352068e-05
4.910973603688359465e-07
1.000000099473604149e-07
5.729234392512219491e-03
1.590100534507420810e-02
2.628176585636329699e-05
4.476084947735117808e-05
3.455062658179029337e-06
9.091387491030088804e-04
5.841306997287421313e-06
2.355066146063487158e-07
3.992737076430001820e-07
1.865464794340839655e-06
3.793916608069808861e-07
2.131200229447430868e-03
7.196657743120916332e-04
1.274729518415736540e-05
5.464231415935819210e-05
3.402267599653615843e-06
1.008892202196034170e-03
5.260299278284538254e-06
1.279546475142635364e-04
2.569706653599530209e-05
5.760747922433180005e-05
4.144538748710306833e-06
6.557753053844945362e-04
2.607951713349333550e-04
7.467926317928443577e-06
6.922618987147337137e-04
3.361965958587532257e-06
1.834262263677431082e-05
1.000000099473604149e-07
4.099002772612020639e-06
3.237003976491281080e-03
2.015549169688805891e-07
2.310392476332696925e-06
7.214461543893559689e-06
1.451349792763223665e-06
5.324901796047383821e-05
2.245152490039656749e-06
1.322075396242683111e-05
1.000000099473604149e-07
2.282676821095186502e-04
1.492465308706640038e-07
2.406231216598858635e-04
6.816028505573554389e-07
2.445624770363415883e-06
5.565671176339330624e-03
4.473894137215475831e-07
1.719649000776518513e-04
2.247605468837028702e-05
7.125115821449268479e-07
1.711102752509686558e-07
5.191835386707103349e-06
1.520168202280968231e-02
3.512150219348634063e-06
1.685770777724223885e-05
5.291403750845351704e-06
1.628035904239386258e-06
5.257347793199177263e-05
3.512500973406050314e-04
2.333543352699138354e-06
1.318741145881815839e-02
1.081034440415982220e-06
1.807548186824769262e-06
4.327743583136557276e-06
6.254694124531261907e-07
2.827562387044244633e-06
4.380344543414649777e-05
1.855267093179231627e-05
1.449438790662077229e-05
1.081581114003434957e-01
7.766877054295696770e-07
1.426169225839287320e-06
1.473083608621705690e-04
2.228903195630445736e-05
1.000000099473604149e-07
1.593831980814298361e-06
7.174875924256407276e-07
1.802846219160220148e-05
1.337304749864387798e-01
2.293758365354385792e-07
9.350514309659371537e-07
4.416119782079789581e-05
1.520193844512126050e-06
4.100157051903329078e-07
1.618822746309492679e-04
9.280743600482096965e-06
1.715618929268829979e-07
3.456808626362410287e-07
1.492781672230721578e-02
2.521147610374090413e-04
1.652348686675265300e-07
1.832453057731604079e-02
3.867046344582470644e-05
7.210192076213195935e-07
2.051608382945234319e-05
1.327662681759002404e-07
7.566845683640299027e-07
1.862542007772131566e-02
1.515495202209347306e-03
4.435330160818384543e-07
1.083751267315691594e-05
1.911540538059149286e-06
1.055227607460533886e-06
6.953062287616923387e-07
4.425610928572215086e-06
1.716887066617230615e-04
1.999114528080639045e-06
1.941606190887366621e-07
2.468942955989305104e-06
1.007681466858626021e-04
4.603611853850911266e-07
4.715293971225968314e-03
1.000000099473604149e-07
9.140619358493536073e-03
1.943272955861076175e-05
5.448960549977577945e-05
2.980700010000623349e-06
6.491703925702507718e-06
7.099505263187111523e-04
1.921359322418186421e-04
1.672092877261446189e-06
1.001172579537881164e-06
2.007003963469594296e-02
1.000000099473604149e-07
7.520599727857894245e-07
5.166739470585907345e-05
6.799053554260756592e-05
3.256361402801419615e-06
9.437755581253181745e-06
2.333543352699138354e-06
2.000338746414534886e-04
2.333543352699138354e-06
2.333543352699138354e-06
6.947473160680303003e-07
1.006378538729247511e-04
1.161654933757852796e-06
8.744775943468239502e-05
2.025098746917023575e-05
2.948550510506491576e-07
7.181955247587349574e-06
4.666725936716571868e-06
4.636264749876349675e-05
2.333543352699138354e-06
7.417942647101021136e-07
3.749286965789152350e-05
2.579028910316987291e-02
1.756252494912637595e-03
5.181717235982043548e-04
3.456808626362410287e-07
1.564772934510330515e-05
1.019240957554361682e-04
2.333543352699138354e-06
1.226588153535398247e-06
9.082740424657487704e-06
4.147055730219227156e-06
1.358668440277716145e-07
4.037922247809212755e-06
2.333543352699138354e-06
3.255595829651767520e-06
1.381866006064003334e-07
1.945320207728249244e-06
2.031573554189166622e-04
1.851733357493040276e-06
1.225425958883513966e-01
3.824300691779535633e-05
1.229395223076285015e-01
1.008253773229549560e-04
1.802208730638610420e-07
1.393749617250737401e-03
6.737457940694014952e-04
1.417479120720801793e-07
1.432670610060056138e-01
3.778605336159968525e-05
6.009979589068995009e-05
3.909719134117483317e-05
5.025273733415988690e-05
5.038011556600211242e-04
1.030184989326983063e-06
2.964657021052721467e-06
1.343536293566157853e-05
2.264389202660631989e-04
4.531517181444547228e-05
2.333543352699138354e-06
7.519780813356700131e-05
2.314673893733526912e-04
6.245545645556431874e-07
2.155672724017628993e-06
2.333543352699138354e-06
5.641395843529701536e-06
3.943439571302809177e-04
2.333543352699138354e-06
2.305835577514582166e-02
8.728557899067101968e-07
3.762391939540827212e-04
8.134689198158222586e-07
6.461297017225271754e-06
4.208905602845813479e-05
4.594032984120518159e-05
1.764942517615556629e-06
3.683692005042620341e-05
2.215619784269273751e-02
7.722478969785945030e-05
2.032804655965411364e-03
7.503061814725207218e-05
2.111416788654509394e-02
1.148680578885808226e-03
1.512737767166263663e-05
4.708230719751813910e-04
1.060493175114222248e-04
2.491066449511186410e-06
1.468722885056212580e-05
2.137421794265744563e-04
1.782748013027317968e-05
2.783261403277244344e-05
4.236090443187469608e-07
4.893050746917905860e-05
2.889829755056913269e-03
6.011006475975663125e-04
7.907886256526478050e-04
8.931831768392597373e-05
1.386117894612702464e-04
4.573447430240666216e-05
1.052862538947789510e-05
6.421708019127106442e-07
1.271845540788267693e-05
8.398866550738846512e-05
9.291771885847839425e-06
2.752426475524884832e-06
1.903652625063352422e-06
2.706933245229954700e-06
7.915310298507482140e-07
5.781903428822212244e-04
3.032347485201683575e-05
4.630749357954710987e-03
1.054956860772729713e-05
8.344731267070751752e-06
7.418549046703487408e-05
1.000000099473604149e-07
2.157592845140384873e-05
3.508378921837898616e-05
9.695343616489193697e-07
4.627476436372260289e-05
4.121786752292465360e-05
1.169816015832552468e-06
7.577108428021572579e-06
3.252084736620753140e-07
1.000000099473604149e-07
2.679292738455418561e-03
4.491360502221943950e-04
3.117317975185757585e-07
7.904906162935803260e-04
2.361062790277302346e-04
1.921752877875430594e-05
6.738365105943869656e-06
5.422522812789433861e-05
1.747842322739607277e-03
1.878742104153501393e-04
1.190010105590392467e-05
1.153109584111545083e-04
1.977707420184558943e-05
7.418567016362171381e-07
4.399632816917380530e-06
6.556836491943615639e-07
2.814535830524452589e-07
5.303915912562844927e-03
1.000000099473604149e-07
7.131056403187255159e-05
1.032658828431681211e-03
1.704536518458070907e-05
5.039213133166005988e-05
4.625819337527334744e-06
5.350400396579006954e-07
4.821559271947589015e-03
5.423786379122901062e-05
9.278187019359701582e-03
5.680924202781205378e-06
1.865369689617201162e-06
7.261238265625980296e-05
4.026505853528388536e-07
1.265617355668061887e-07
3.586206035239815825e-06
6.939325721747457033e-04
2.200370120145247045e-04
1.511477604101470652e-05
3.844820148512829327e-05
1.657829846048079411e-02
2.282877549180696659e-06
2.674045910555334992e-05
1.563370168158987373e-06
1.000000099473604149e-07
8.633936922118969114e-04
3.317815148878984851e-06
2.278279199267489507e-06
2.691248531558490211e-05
2.333543352699138354e-06
1.877881234549830958e-07
1.460677250862189272e-05
5.184131374783962598e-05
3.886165646960687251e-06
5.781774308209432748e-07
8.335876860221465333e-05
6.942617601309294324e-07
4.750589996827869266e-05
1.141950705564131970e-04
8.472255104423939942e-07
7.181973576133376057e-05
2.340670716967529607e-03
2.066175402990995659e-06
2.527672664145303911e-05
1.570054173357479142e-06
5.232221923463870470e-06
7.253638814911453228e-05
1.000000099473604149e-07
1.038831474251252079e-01
1.935512521516522585e-03
3.460027528719309087e-06
1.583383201415155728e-06
1.273329217162579874e-06
3.239284562111928120e-05
3.057093411353994147e-03
1.774415260362598558e-03
1.315656204682645949e-03
3.456808626362410287e-07
3.263830585247138249e-05
2.253408144149950457e-02
1.572960931668027000e-06
1.566940837093906301e-05
2.449127606210314005e-06
4.261796395254660450e-05
3.840622236961711345e-04
1.526627569904612846e-06
1.000000099473604149e-07
4.033719800177859691e-04
9.179092214915795768e-06
6.072623849132299456e-06
1.401353987976041672e-06
2.113283608651273039e-05
2.071603541539334652e-07
1.237799436795642758e-05
3.456081177471145155e-02
1.181241510684164934e-04
6.444348808991732570e-05
2.480228550155345879e-04
3.456808626362410287e-07
9.673804631815423533e-05
8.392002655401808152e-07
1.028565182589717147e-06
6.519010633696003267e-06
1.973957563396645600e-05
5.714561018973550677e-05
5.814059401400882438e-06
1.707717769131128484e-06
1.800663374132376521e-06
1.589420634601069321e-07
8.414057839440323636e-03
4.120495501558378799e-06
3.385391015549450299e-06
1.816484665023323619e-05
5.599467678869914609e-03
4.151299041684743986e-03
8.448869550217373628e-07
7.624460566252043028e-06
8.787439638514391179e-06
1.000000099473604149e-07
7.316810805384842240e-05
1.427851654277970724e-03
2.342693330371735795e-04
2.218881553494835490e-05
2.333543352699138354e-06
2.333543352699138354e-06
3.456808626362410287e-07
1.094203699814828498e-02
3.870915693275214275e-06
4.970970633685145655e-05
1.215754299018817467e-06
3.132005036597702586e-05
3.996474627053665118e-05
9.372420775230393348e-04
2.343439960716266717e-05
2.413414356677458358e-04
1.978985915500994861e-06
1.820211154405760819e-04
1.487596525386460132e-03
2.154755781984273568e-06
5.437181875501539974e-01
2.333543352699138354e-06
2.889832484461680925e-05
2.498311521306552960e-05
9.703419314121976660e-06
4.953495114201809355e-07
1.161832076137197455e-06
4.294956954133695556e-06
3.015133256092845061e-06
4.044865879636470418e-07
6.668981147866619231e-06
4.140799989334138093e-02
9.010084909446159283e-07
1.528989415068847398e-06
2.621276242893653263e-05
9.630488574188982164e-06
2.190523588268856472e-04
2.428839737007377639e-06
1.789332860785321456e-06
9.277982128116083653e-05
2.100972497092827986e-06
1.454275533823411735e-04
9.321498603125089044e-04
3.544196915285205964e-06
2.851233409047080923e-06
3.456808626362410287e-07
1.931582565072558089e-07
1.754318281039619344e-06
2.333543352699138354e-06
4.497290574776810382e-04
3.062621683622494784e-05
6.938141099502058765e-05
4.213315942538560250e-04
2.247951733389469474e-04
2.621455311613558233e-05
1.086564470373346684e-05
9.442319328636450412e-06
4.209026873063533811e-05
9.568315556622169032e-06
9.708227173091068434e-04
6.490364708879830093e-05
2.333543352699138354e-06
7.429070889741401917e-07
4.426238408924550345e-03
2.172671451993135258e-02
1.482022529575650287e-05
3.570293622148487667e-02
5.910663539487178049e-03
1.392075524899530359e-05
1.000000099473604149e-07
8.875893521146123043e-05
1.675340414746546774e-03
2.792187474566235820e-04
6.998154558271245028e-07
8.159483147617503976e-05
2.333543352699138354e-06
9.766756470103011582e-07
1.495228444106776070e-04
2.575386486281950726e-04
2.896597711150126968e-05
1.743957441910316811e-05
2.023898405067856964e-03
3.781666341879992864e-05
5.110481676197676111e-05
4.038815196186514797e-06
1.000000099473604149e-07
4.669260434896762003e-06
5.277424085752279614e-05
7.781609909934463699e-07
1.163247552056253845e-06
2.608776870870709464e-03
1.634334262486341061e-01
1.078699598627327200e-02
1.356271414826067984e-07
2.395029592619960404e-05
8.378220664760604173e-05
3.763262673818929547e-05
2.727367067438321337e-06
1.106416295198183470e-05
2.334567158042087688e-05
5.349340914092715110e-06
5.293819762301587287e-05
1.341306525803329975e-04
4.648688340512308124e-04
1.900915778906974059e-05
1.509345831711691804e-04
3.551138252251521011e-03
3.226002729612659735e-03
1.568383415985496225e-07
1.027156998240966223e-03
4.078135389204461721e-05
7.484103923138018928e-06
1.055556734382651725e-03
2.686837342033897818e-06
1.492154448842638348e-06
6.830323757870871326e-05
1.856736710515177845e-07
1.000000099473604149e-07
4.282972237157005828e-05
2.827762684956127832e-06
1.083539911785032169e-06
1.194333893416875147e-05
2.880909039458929745e-06
1.104701521255339117e-05
4.151060463551999990e-04
2.535705173347135012e-06
7.168233280508397492e-07
1.101947621013348857e-03
2.415436101491117935e-06
1.336561455322949399e-06
3.196348180196939045e-06
1.137813101271652275e-06
2.765916414190812484e-06
7.875260381737955403e-05
3.955923129741261107e-05
1.477712908289365383e-06
5.535789353641564680e-05
5.187884392773558985e-05
5.218835887847026344e-06
1.960573144524386667e-04
8.373503238564308088e-03
1.243489351967226434e-04
2.637661030316784585e-03
2.333543352699138354e-06
2.317570728334192244e-04
3.456808626362410287e-07
1.239583272988415341e-04
3.129097908726380124e-03
9.652525733117898544e-04
3.094339502835732544e-02
5.823818849336499634e-07
4.006283612062527474e-06
1.199689257596976884e-04
3.125399044631404751e-04
1.016235608774120459e-06
1.963033884480929741e-05
5.081317530062749698e-06
3.667814869294540672e-07
4.585026771738614380e-06
3.026243551186662069e-07
1.352857770305137066e-04
5.467992885654800173e-05
3.917865845288426851e-01
5.130716581498532061e-03
3.468715320336056952e-06
3.291162777228978317e-05
2.867282465254030258e-03
1.908152658054378196e-07
1.220095215791997499e-02
3.377702590532385349e-07
4.899722763493343707e-07
1.195220241684842925e-06
7.053718366631788995e-07
4.683978632571343496e-03
4.879693231574155099e-06
1.673468306748057530e-06
1.284076626299049466e-06
2.594457846970345954e-03
2.959559290503786886e-03
1.923347224333886480e-06
1.000000099473604149e-07
3.299606416593654595e-07
9.145832462402517487e-05
2.787716849740317152e-03
5.064126606878026061e-05
9.202984566963052682e-06
1.165524503060817209e-03
2.204986851675617949e-06
1.060820978956242158e-05
4.582134154259440845e-02
6.562569564622336058e-06
2.227731239169322096e-06
1.430067848161719089e-05
2.588572403706703947e-04
1.517137810010460777e-04
1.226503637045212278e-06
1.658194869283270516e-04
3.183273462291045981e-07
3.536241413062023360e-04
1.115478691722070279e-07
1.000000099473604149e-07
4.668314698791980471e-06
6.320002523186636504e-07
7.165128075516480143e-07
2.129413448647106204e-04
1.373816926019308556e-02
6.083644162224409582e-05
1.914987335994699792e-06
2.026721060700127113e-06
1.041726154392898479e-06
1.926103862294966415e-05
3.216050957823623372e-06
2.567809887985875388e-06
1.174064290407423050e-07
2.130005684841622133e-03
4.483403418298017997e-06
1.800555664709643029e-04
1.255885697602813880e-06
3.700784403102483344e-05
7.498394318566215097e-04
3.283221167894967798e-05
5.119295653528855882e-07
2.120923334004692687e-05
2.310718146923382602e-04
2.945285251067801980e-06
5.179217262866186525e-06
7.510110017975497050e-06
2.117919844584040300e-04
2.290688415774455301e-06
6.886679973287326861e-06
1.000000099473604149e-07
1.384428155983070041e-04
3.346812311631045007e-07
4.310698986348129802e-07
3.119335694491061451e-06
2.094268836185615450e-07
4.277550452562615983e-06
2.333543352699138354e-06
6.356724020062167505e-07
2.733625453673289838e-06
1.053083704150435429e-04
3.493717188452822321e-06
5.960688751098398881e-06
6.987277260549337385e-04
2.640937601451188950e-05
3.493125013003530070e-06
2.849492629706127576e-06
3.132209260912396339e-06
3.678860381424998154e-06
3.741952961049733077e-07
1.122097969316021126e-04
1.684929359487214243e-04
3.940930398682295903e-05
1.685512062325216059e-05
2.975584372230564314e-05
1.017699530329013019e-04
3.168141444940834254e-05
1.355040765894019710e-03
1.094108392352779679e-06
8.933138646481834726e-05
3.564489442307925227e-06
6.106633170674809074e-06
1.058218635964949835e-05
2.564819118517298448e-05
1.988232787926254994e-06
9.338483302118219781e-06
1.786086255516956008e-06
5.842169392647543480e-02
9.362776119618360988e-06
1.350493140815104173e-06
1.175818178578254687e-06
1.050978285413827601e-05
6.620588251246622565e-06
3.475311359048237483e-05
1.611193838565794519e-06
2.054450536418962183e-05
1.751528609202698794e-06
1.004324710764460839e-04
1.883882350040366632e-06
1.517166134203619086e-05
3.896698962567323761e-05
4.102906656926532849e-07
1.901183608781482067e-06
2.166787891925649970e-03
1.305788503611723383e-01
5.606034383979228622e-05
9.374883236126854702e-02
4.441374644898478635e-06
3.810277041568708696e-04
3.734879055135015670e-04
4.008309804718424539e-03
3.656103388477110029e-04
4.672492970223696292e-04
2.415964923812366494e-03
1.165359056420040929e-04
4.488905185084172527e-05
1.226335187767507341e-05
4.398467868189434068e-06
5.177349467226653040e-02
1.838485887838242527e-05
3.140473170012967354e-06
4.402067391237540798e-06
5.837571093644412920e-04
2.917655855239981166e-03
4.702542284282540380e-07
8.417594570371553635e-06
1.538039827668446742e-04
1.071675698874179320e-05
2.239828225669168068e-05
1.426281346976376166e-05
1.113710055971796629e-04
1.000000099473604149e-07
4.181010224315351320e-06
2.333266581734830085e-03
2.131741245867551757e-06
8.008818415688654085e-05
2.827133941712731244e-04
1.354198990105012381e-05
1.000000099473604149e-07
1.469619289803948930e-04
7.048582753290857731e-06
1.213336058750566429e-05
3.067633742148497339e-07
1.917804948494949869e-07
4.768065348764061184e-03
1.025262739815793518e-06
9.461832950213741429e-07
4.346345349347159755e-04
1.977619606691396675e-06
5.057163605303414966e-05
1.196629701274426780e-06
6.483481593571944123e-04
2.142820361074711043e-05
6.685806381714208618e-06
8.315951126681464555e-05
2.235901076102987835e-03
5.186797559035259290e-05
2.554079042174877529e-04
2.359097047767608169e-05
2.323180602817805513e-05
4.243466973278616722e-07
1.749720084986133845e-05
1.918835196999264606e-07
1.003062124071029654e-06
3.341962317977718415e-07
2.567068992167146831e-06
1.736352287554194195e-04
6.397227789299651706e-06
5.799751458165588832e-06
7.400930348590426986e-05
3.083614752186877221e-05
3.762069736349746534e-06
8.004344269443585577e-07
1.549613453061717515e-03
1.921533638098818530e-04
2.344769935924573600e-06
3.108307060749406624e-06
8.916306813154395851e-05
1.062469974844536632e-04
1.123857724829815423e-06
3.617602065693142805e-06
7.615393764072476589e-07
7.403483570844010566e-06
7.262567942263380343e-06
2.005841663447900823e-06
4.560137585090599799e-03
6.758449880616238545e-05
2.678778450440342834e-04
5.767974010372880003e-04
1.580883549240665259e-03
8.763480361161030206e-05
3.529427234929016676e-07
4.714401228431243547e-03
2.311950620331239512e-07
5.405290571725295192e-06
1.015378759329448146e-06
8.265149438662445841e-05
6.700906760400063442e-06
8.805676239442240054e-07
2.729307269810124617e-06
1.240035738800350069e-05
4.349640211074474734e-04
2.333543352699138354e-06
3.439501556291360263e-06
2.997928378480759752e-06
2.058872481181786412e-07
1.918101515188819731e-06
1.410006901263098379e-06
1.543532135848071663e-05
2.572377593777503552e-05
3.022255933992539631e-05
3.767470555949239702e-06
1.124205673219245407e-03
4.605051413739689312e-06
1.067724484748758242e-05
3.958855290657490970e-03
2.236352113136737423e-05
2.642398393891773486e-04
2.333543352699138354e-06
2.333543352699138354e-06
1.477799186424802812e-05
3.973435665493223084e-06
7.520398408426144220e-04
4.195040953852448556e-04
2.840569131558115241e-05
6.531766969563936888e-05
2.823912375228713331e-05
4.656382113853100057e-06
5.147842703442417672e-06
1.309416965741182161e-04
1.799671292585282557e-06
5.349070738517112122e-01
2.894982938674235649e-05
9.082261955057076286e-03
2.333543352699138354e-06
1.083126374888984359e-07
3.886073084838312882e-06
9.786585543756188028e-06
2.312120217861371116e-04
5.934601134573519931e-04
1.960787609552197487e-06
3.040388263022193748e-04
1.258488444264197034e-04
2.206474715076873999e-06
6.807548016626731693e-06
1.885440083509770937e-01
1.396739730230212357e-07
1.000000099473604149e-07
5.324135229540839198e-06
9.781473237569663359e-01
3.300041337868798711e-07
1.211465700424960303e-04
1.488234489015930001e-06
1.662681365503838528e-06
9.027964250383731844e-05
9.496220942356557644e-07
1.011262923420547444e-06
6.851394498077812159e-06
2.629704424318511020e-06
1.516872874363753111e-06
1.205873616911214300e-06
2.239617962431250696e-04
2.333543352699138354e-06
7.993753675140537383e-06
4.656356765025843080e-04
2.944378898621357143e-06
9.351702123283830518e-06
1.000000099473604149e-07
5.470644028352025010e-06
4.562267857897592624e-05
1.509292712797347187e-06
2.779711204394334733e-06
1.000000099473604149e-07
2.005573473456578000e-06
1.026766465815749066e-04
6.492498380859023905e-07
1.000000099473604149e-07
1.366031218771098013e-06
3.188632095297618593e-03
2.740945238222188045e-06
1.059990169664737939e-06
1.061335660462217918e-06
3.622628477400299421e-06
9.328459282847605565e-07
9.221060055069479518e-07
3.511504324252497176e-03
9.279091748099227042e-04
6.476010589120132161e-05
1.146611062301058018e-06
9.669792142255436148e-06
3.582301408418587011e-05
2.095442557797666583e-07
6.424314438669282783e-07
5.731377183775523618e-03
4.824480212545325845e-05
3.620715453904476983e-06
1.378452062906629948e-06
3.803527264083579509e-05
1.811047253543969954e-05
6.775501852149050722e-03
1.000000099473604149e-07
5.279962045246217441e-05
3.575754930767585996e-05
1.594286416675159751e-04
4.399370243842969899e-04
1.023250668121222345e-04
4.158604000512156849e-05
3.782924617753137295e-06
3.645853426526031111e-06
5.701873445214978263e-03
6.431186105111983764e-05
1.926528915247837422e-03
4.517730103741405290e-07
1.503328698817824225e-07
1.000000099473604149e-07
1.057143289848752420e-04
4.864069232324034955e-04
3.625769164670748906e-06
9.484399164699315783e-05
3.534383847997493792e-07
5.420264347573233401e-05
7.424164027875484334e-05
1.424934160710540404e-04
4.313339040330596737e-04
6.852751937347396904e-02
2.119341602937026419e-05
1.466397826233000387e-05
3.165885628727233778e-05
1.502915957450366160e-06
2.680753089846185281e-05
5.313600324314729437e-07
9.741201181045528820e-06
1.367858557051465484e-06
1.751294882428009597e-03
3.827243848684474825e-06
1.304840358830350903e-06
3.133170240012015124e-06
6.668147783703039504e-05
5.401779896260476289e-05
9.525535129239312809e-07
3.862592390280285878e-05
4.863777661633172467e-06
3.937095723826068141e-04
2.935512179842381586e-04
1.505239701890749338e-05
3.051881052575828919e-06
1.051908111216976437e-03
1.199647618463376217e-05
1.000000099473604149e-07
1.091243897446629168e-06
1.183163250247480844e-06
1.116019259335553617e-05
1.581298661775087239e-02
3.576078789496796661e-06
1.000000099473604149e-07
1.204116712048248200e-05
2.112968704331066351e-03
8.512519005566328723e-04
1.421745489120151366e-04
1.564756835361934010e-05
2.136561323605287676e-07
2.015838652587197396e-06
1.462198720790252357e-04
1.152742232753256179e-04
8.410288550298489099e-05
1.626405668598636129e-03
1.000000099473604149e-07
1.888107207674923228e-06
1.143085761171799275e-06
1.000000099473604149e-07
1.000000099473604149e-07
1.000000099473604149e-07
1.000000099473604149e-07
1.599993892490736167e-06
4.078737650288898064e-03
2.333543352699138354e-06
5.335884850067949106e-07
1.220040127083182635e-04
1.828087352215940233e-05
9.482912643726569718e-07
1.143902560003187955e-06
3.654378638790373133e-06
1.341567866138351082e-06
1.174208103763805501e-05
2.074257468252791974e-05
2.333543352699138354e-06
1.456907833023721490e-05
4.367088567101906973e-04
1.000000099473604149e-07
1.000000099473604149e-07
1.871916674947078922e-06
1.849520694498326884e-07
1.120063255752503444e-05
1.855148411406909665e-03
7.509795651750075706e-07
1.354169479555656603e-05
1.096311790174665270e-03
1.068720773756852080e-02
5.419250965012268901e-04
3.783150768785648229e-06
1.162097538356198769e-03
1.698213798047538086e-05
6.168794522699269271e-06
6.947009396001879917e-05
1.000000099473604149e-07
9.147838287270408891e-06
4.796363221387049528e-04
6.025556198719956079e-06
4.993403625980794948e-07
7.112761525416458981e-05
1.964663544816425421e-07
1.000000099473604149e-07
1.084086153899051002e-05
5.091729811247069736e-05
2.998530729413635514e-03
6.432673670238407823e-04
1.196895878479665109e-05
2.027716231572736774e-06
6.689307066109773927e-05
1.477284438126097868e-05
6.401959568098535920e-06
5.265878790396498650e-07
1.000000099473604149e-07
1.450303047588560260e-06
5.512580708938498724e-05
1.115580039563707358e-07
2.382285512799093164e-03
1.248328048246433045e-05
1.137452389537861575e-07
4.378530641076350911e-04
1.000000099473604149e-07
3.148830529735760479e-07
4.461979374842243214e-04
2.300142801708127112e-06
1.924086863975807176e-06
2.188685124886843896e-05
1.454518431755681468e-03
3.974755672833960377e-03
1.888672260646240850e-04
8.178812763694718818e-06
1.524017590870577307e-04
8.175085219778712928e-03
1.655009963575445762e-04
4.936091028803342684e-07
1.282448170745879033e-06
1.352935429297323854e-05
1.121852766794784927e-05
2.062418590338238714e-05
1.806069670212688994e-04
5.706380863373568895e-07
1.820925542052789087e-04
4.040586927271806739e-03
7.843489695047330452e-06
2.141336277557942221e-06
8.252944478690612715e-05
9.182155185406662534e-06
3.055346750110899572e-05
1.562443201422482218e-06
1.328257056562702540e-06
2.950282571554854478e-03
1.111132705217918062e-06
1.489804161974654415e-06
2.101343413499162465e-05
9.876656424078015259e-06
1.079270435881961825e-06
2.532234450524941688e-07
3.364513949224878593e-06
2.250350555190540650e-04
8.733267326668666362e-04
1.241669614725680285e-04
1.205542264499380491e-06
1.146778767942698720e-05
9.615310231897595338e-07
7.992632425776074163e-06
3.171988751708185948e-05
1.000000099473604149e-07
1.000000099473604149e-07
1.644785684331056329e-06
1.741692267740563227e-06
5.524546204996998121e-07
1.437683050578645151e-07
5.845448819586387495e-05
2.835052235916258115e-03
1.000000099473604149e-07
1.397264107165914947e-05
1.000000099473604149e-07
5.032684874337154703e-03
1.271928729950310296e-05
2.890896187256177033e-06
3.996875627875279384e-06
9.462270999529074947e-07
2.333543352699138354e-06
2.333543352699138354e-06
9.137331682556275232e-07
3.063204013661148820e-06
2.466180346909320822e-02
9.823126406004163473e-07
1.194501629063189933e-03
3.230788452511899475e-07
1.163623336557085434e-06
1.100146913252900719e-04
1.377818062305757767e-06
1.266919912291747704e-05
1.275294152055869082e-06
5.022528995981122291e-03
1.500720315293292131e-06
9.767266666319029513e-07
8.289104802271556247e-07
1.000000099473604149e-07
4.867886518459755108e-06
5.926318699875761423e-06
6.841461046442492717e-05
4.622762279445842024e-07
2.333543352699138354e-06
2.155471941466565617e-07
3.474276202531144920e-07
2.333543352699138354e-06
1.844983826092359413e-04
1.851367860061741138e-06
7.754079364841871244e-07
8.364481768365085966e-04
7.448335744197350818e-03
1.344771578503207933e-04
2.028124197667360010e-06
1.332087730051427102e-05
2.012358120179489306e-03
1.170881232798061296e-06
4.600118585367683814e-05
2.670313953893932489e-04
1.328658903982179616e-04
2.567290775083665746e-05
1.029886245570219037e-06
9.034630342414485095e-04
1.156243131775686590e-05
3.568294628508269735e-07
1.929695585095055626e-06
4.743459781954517291e-06
7.285884760713325678e-05
1.523917634273317257e-04
6.736924411463301998e-05
1.860110050338961295e-04
5.241726109967412304e-06
1.515634046106792121e-05
2.996046169468143957e-06
5.853738055367312121e-03
1.260688664952916828e-05
2.323873129289311091e-04
1.076807598152646492e-03
1.898373814366678647e-06
1.311144033114845428e-04
2.523739238286326769e-05
1.508156524679922419e-03
4.217899432297475049e-04
2.165111669716620905e-05
2.566064975139872229e-06
1.224546129099333134e-04
5.207564459548882783e-05
1.116800952341377023e-03
1.156391150001025846e-07
7.374758600515603744e-04
4.696410567415515327e-04
1.114414548271209235e-03
2.184006538921485943e-04
6.162483937592130520e-03
2.333543352699138354e-06
2.116575483964206711e-06
1.854050234664614513e-06
5.123428745418339217e-03
1.988721605941112000e-04
9.597998242322887292e-07
1.636287277320691309e-05
1.000000099473604149e-07
4.460127976512423301e-06
1.132788167050965697e-06
9.807994600466653160e-07
1.591087406054277185e-06
1.026381740005907918e-06
1.123960726703407729e-04
2.358952111251579552e-04
2.958999144233323515e-06
9.096541006989197070e-03
2.298116936243362826e-06
1.152905831768197276e-02
1.931395681115600759e-05
2.595681324059531168e-06
8.351217836397005704e-06
6.595193177055786544e-05
1.000000099473604149e-07
3.930120600489995890e-03
2.215187844765858529e-04
3.267443530481406922e-06
3.679875230103820671e-06
6.749139860727409513e-05
1.236868127691841284e-07
6.067577768162021279e-06
1.983737252246254697e-05
9.567234816429509808e-06
2.526204494271309046e-07
4.428058408945147324e-07
3.792643032524476494e-07
1.419607023035544141e-06
8.097448994046044951e-06
7.678763581177650753e-06
9.541542620539596471e-06
4.189224302701401635e-07
2.215770029400013474e-06
1.871445885437038714e-07
1.423934628685858544e-03
2.333543352699138354e-06
6.530993752626363432e-05
1.345723341734747979e-03
5.654290285224347363e-04
1.020041193420709731e-07
8.824189385345026667e-07
2.320590310501080704e-05
7.496882500133708008e-05
2.324518897707153527e-05
7.897746079520709025e-07
4.876861266207353608e-07
9.703465697253438091e-06
1.428489579371343453e-03
2.950480281357897912e-05
1.209991535713842953e-07
1.615832951863827753e-06
4.610031023511164047e-03
1.355922241799969372e-06
4.616949380575033920e-07
1.000000099473604149e-07
1.274707280448049079e-05
1.315283774791421569e-06
9.462523491368060819e-07
2.039998432188615523e-03
2.355457738291325153e-05
6.137359061673697269e-01
8.308995326837514961e-01
1.000000099473604149e-07
9.313971609201370359e-07
1.219288569426029128e-05
3.027034625117808056e-04
1.997940590023181460e-05
4.252502040613250303e-06
6.315437666637912974e-06
1.896154099837936183e-05
2.516570892662663568e-06
8.773365865264866236e-06
1.453224143886967936e-05
1.703435184565465189e-05
8.200441783327628881e-05
3.500757499719448287e-04
6.854937079892977399e-04
2.419923379808531128e-04
5.748599999939672942e-06
1.031434518645315082e-04
9.151145249448938701e-01
5.772508871015947146e-05
1.034303258992616553e-07
1.651263401949884432e-06
9.371226263951428947e-07
1.628980259585583793e-07
1.867238549436556867e-05
1.564832694282314012e-06
1.321226126970049510e-06
7.975311633264293445e-05
1.330650809692388862e-05
3.581378760100382210e-05
8.724568648664176012e-04
7.865772170763931167e-06
9.966903143597377919e-06
1.369470690652667217e-05
1.033958735302710785e-05
9.891837930791986866e-06
3.990215262463969368e-04
8.594213042531435908e-05
1.739441637772837493e-06
6.125610931984687370e-05
1.089463366087527353e-07
5.042348529007742889e-06
2.590896863307621292e-07
7.636169283727341586e-06
1.852614291842830975e-04
1.197733858018014961e-04
4.198580104769312842e-04
2.988777191400391661e-06
8.556071886333575971e-07
8.979002306462318826e-05
1.862854394927411733e-05
6.891481444131022135e-05
1.502329447188533763e-03
8.382571057010644182e-06
3.253439749160690870e-07
5.510779560770065819e-06
2.999342856625922037e-07
2.333543352699138354e-06
9.305880741703947312e-07
7.955413991790526379e-04
2.026072471663310694e-03
7.511930521684841693e-07
3.756653396869207850e-01
5.926771319519803353e-06
3.158670044067032601e-06
6.689227845329452137e-07
7.482072877134091689e-04
1.259612565263368776e-07
8.294525663916891543e-07
1.807462521373445762e-06
4.296799056500451052e-07
2.513879096103317438e-06
2.914956662457347225e-05
3.456808626362410287e-07
2.031237174332322545e-05
6.776689263527808856e-07
7.528155816104093153e-07
1.591641945110444618e-07
3.534674819894368897e-07
4.848670774278512819e-06
2.237274716711353439e-06
1.117711891796721937e-03
1.000000099473604149e-07
1.000000099473604149e-07
4.548136509833472694e-07
3.062776728278953780e-06
6.983662956741163389e-07
2.333543352699138354e-06
2.333543352699138354e-06
1.200134222686966381e-06
7.967081588111547678e-05
6.419170854617508356e-05
3.143705715935054862e-07
4.918258542395754070e-07
1.618521093008375473e-05
3.740128419407752188e-06
8.609101438600278491e-06
6.522736033737970663e-07
2.333543352699138354e-06
6.647906926092685993e-06
2.753623608836434141e-04
4.115000584285111618e-05
1.008818375247902865e-06
2.333543352699138354e-06
6.853498630014783800e-03
1.621409011272148004e-07
2.118048045922562233e-07
1.327115780317537184e-05
1.189329430683529486e-04
6.933522241780983649e-05
4.226220723062790673e-04
5.434509555041997517e-05
6.921509911070001965e-06
4.504286933650625811e-04
8.500185996567528532e-03
3.660965692535478636e-05
2.376493352043140715e-06
1.887012166223258327e-07
9.998291390155201628e-05
3.643515412972493959e-05
4.185118306623736208e-04
1.937348526276857249e-05
1.202959443551549220e-07
9.391675932227396234e-05
2.979902862119985236e-06
