2.157635324346029855e-08
7.694454208799912445e-08
1.176598144724279376e-07
1.379312178862515909e-07
1.379312178862515909e-07
1.379312178862515909e-07
4.162445475677206603e-07
1.921123147614881883e-06
1.825190854533198427e-07
1.176385887551065852e-05
7.568390705472932138e-09
1.051459012292421591e-06
6.332020121629372446e-09
2.080284326492469230e-08
7.594085380845054456e-08
3.979684042672905012e-07
6.188634255091019605e-07
1.261070959535664774e-08
2.611790656173179394e-06
3.692615766247652305e-09
1.623782778946251648e-09
1.064646367659289798e-09
1.286163938266490378e-08
2.003957348104094970e-07
2.657903431011121810e-06
1.875214433950889444e-05
2.553995637252574058e-01
5.398903249401113627e-09
9.987308208970408794e-08
1.031994145619990841e-08
1.578144715150801378e-06
6.196977716509601405e-09
1.856007453772012649e-06
6.607508085285220398e-07
9.658626401299218729e-07
6.861228533112687842e-08
2.190011476644010494e-06
4.711048816846233694e-06
4.912395954655155536e-07
2.333681279019197952e-08
4.771240943059635864e-01
9.931550557121925177e-08
8.378917398578263729e-09
7.043486106518040380e-05
2.942002292345240262e-06
2.942002292345240262e-06
3.892703740718707996e-09
8.153239086002516247e-09
1.454559112849902673e-07
5.399620598616058383e-09
3.572520288511005557e-07
1.305884859166442757e-08
2.851100952606861873e-09
2.669972743919987249e-09
2.925793357946336030e-08
5.737375317833000755e-08
1.857427771410226041e-07
5.781617978260742989e-09
2.428420870155594886e-06
9.347422900077870516e-08
4.864556927035856772e-09
7.641479715686819018e-08
1.722362211059591850e-08
1.202437711030754834e-07
1.997617339389143531e-08
3.148655958706036406e-06
7.048989710384900194e-09
1.308317780469784641e-07
1.090867945310190728e-07
1.184057350158668434e-06
3.845072669911869719e-08
1.187357794967573204e-06
5.034327410061477999e-06
3.595855835339935358e-08
5.356741351691891905e-05
9.247797605602488824e-09
8.862566344117505660e-08
6.492109377262955885e-10
1.199856706882309098e-08
1.732554757275820328e-08
3.112001410069133979e-09
1.428874151069071440e-06
1.356846896205200660e-06
3.930225672870612174e-04
1.151718322047452209e-07
3.404052184320817037e-07
2.044502464792723009e-06
1.631256007317147858e-09
9.966945739593405267e-06
3.494050701952876314e-03
2.508329829534157138e-09
2.635728678174332589e-06
1.484053031037707294e-09
6.291760848635578543e-08
1.866622619966050439e-08
4.168040920020010301e-08
9.095568895272008411e-08
2.796489403107317196e-07
3.853425670372196890e-08
2.237183214951610002e-07
3.990964557062246503e-07
1.055723206451570638e-08
1.887292596317975908e-09
4.222580707755579753e-08
2.401073925165208102e-07
2.089500216476423692e-07
3.196259880413039989e-09
9.819747267098594444e-08
7.488224303469939603e-08
4.289964473796186394e-09
1.151579910095743551e-09
5.994488245504273275e-09
1.577278221388211404e-08
6.301591868427979029e-09
5.629513052581020307e-09
5.163483150475842069e-09
7.601476729565560409e-09
8.561891197402792734e-09
2.543407409305850224e-08
6.724456064973251470e-06
1.310812541958520094e-08
1.214122474842579159e-08
3.180421974836379159e-08
1.872602740732609323e-05
4.271536189831691598e-09
9.063758352009096502e-08
6.676765142681629956e-09
2.109524911893576064e-07
4.624872520200451852e-07
3.143180841732025374e-08
1.248645889259806608e-08
5.404874585533040018e-05
6.310912230029236512e-07
3.088960987415026213e-08
1.965596947718718058e-07
8.714473332015415354e-07
1.034200452573610852e-06
2.182458352191402924e-08
1.226043389215167702e-03
1.028845075129320404e-08
2.701181675061889084e-07
3.422470627459195214e-07
7.099428042986946514e-07
8.320464644282438973e-07
1.563367000041351645e-07
3.438636473563723021e-09
5.014869834776601038e-08
3.676265589664019257e-09
6.891616067258298587e-09
8.658256461722487603e-10
1.870199183918762396e-04
5.582097990594684049e-06
1.379312178862515909e-07
6.047423925013815082e-07
2.152214926323900372e-09
4.720658897756817714e-08
1.340386053628302600e-06
4.720658897756817714e-08
7.031304595966649844e-06
6.239913055305369558e-08
9.466628904989389170e-08
1.230182579138039484e-07
4.246900747411092308e-07
7.473846053368745207e-06
4.192387333055115146e-06
1.450559327647189838e-08
2.185531846221471257e-04
1.088753135873106709e-09
1.082794894632250871e-07
9.322206201847534613e-09
2.327735566905465959e-07
8.930623992625796294e-08
1.006625899343044434e-07
8.075781819134006803e-07
2.893566805566552274e-06
1.354532706692762495e-08
1.580498148386116425e-07
5.456102472388182356e-08
7.702981060226036175e-09
5.999421432194538610e-10
3.238237973385025890e-07
7.246318166435842937e-06
9.999477132606733321e-01
1.187495905903885218e-05
3.094674660409790675e-08
1.748092541094515182e-05
1.379312178862515909e-07
2.031076854046770433e-09
4.292502797937692609e-09
1.379312178862515909e-07
1.087845430546865305e-02
1.000576272319888696e-07
7.510778597332087015e-07
4.152623274817790506e-07
3.087399916605502606e-09
1.379312178862515909e-07
4.182118827525092966e-09
1.285551256077232223e-07
7.222785816591629130e-07
3.357042935119632077e-08
1.113921888864231186e-02
5.382423386134341305e-10
1.408306820593240801e-07
9.234262321335609568e-09
1.177679610631784989e-03
2.360564950283399508e-07
2.229109694842260788e-05
2.820351224858892910e-06
4.406612593550299002e-09
3.116588040001082370e-07
1.548555014610293336e-06
3.352124259247533933e-02
3.223678935748088990e-05
1.268416927422704793e-08
2.163253545735626138e-06
7.774399242047002232e-08
3.189234310594279346e-04
3.872397330707685733e-08
2.500734822487022605e-09
4.304073232841376697e-08
1.379312178862515909e-07
2.807060300188781582e-02
2.644689822790050049e-04
1.574566910616028174e-04
1.765342081154848343e-04
9.062833519130312912e-04
2.135068931278597260e-01
3.142954944340902522e-08
1.520085599790301585e-05
6.142505016513639710e-08
6.171725010482510631e-09
3.487059591419150856e-07
3.729969517546460734e-09
4.313674769568798130e-07
2.415851976869076408e-04
2.706965028232871423e-04
5.029721947439769115e-07
3.773810153898529468e-08
5.077924688388456314e-09
8.489210071193723608e-07
8.489210071193723608e-07
4.328247124777641688e-03
3.581165397138594347e-07
1.974633200372268024e-08
1.386874661226546688e-06
2.316978109032083711e-07
1.467389125958401615e-08
3.818267694843586824e-08
1.986283416830462335e-08
2.525639224288605972e-05
8.327901352900129321e-08
5.401236205033688393e-04
2.614718370295846751e-08
1.680521432657326759e-08
1.178613344203413074e-08
1.269163770380665962e-04
5.804436066378586556e-01
2.742163910691969479e-08
2.015264547118526925e-05
3.795379598146950595e-07
5.470981231593639842e-08
7.327294025157628072e-08
3.563739521184883652e-08
1.810843386786846145e-05
4.267170861433637645e-05
2.178728894837379511e-07
8.081056921957881223e-02
3.786889767720547157e-06
5.519429210968855679e-06
3.073390935216636535e-08
2.534697494943414020e-05
1.046488941249679762e-06
4.245802090923747708e-09
5.864565480696208639e-07
4.375579715242410456e-05
1.370083730093139294e-07
7.580639072607567754e-10
6.683989831792295972e-08
4.908760818905278082e-08
5.001326794252774777e-08
2.418266311766459653e-08
2.435510146330728345e-08
4.089852844891089319e-09
4.702967312107958282e-09
5.165989745847872231e-08
1.792519550653577023e-08
2.097111944546378669e-08
8.252127621565971047e-09
1.068034958904125245e-07
1.729044814130929753e-02
4.929210328482400891e-09
1.263885817178707392e-08
1.578378835139324200e-06
3.719685585871490696e-09
2.591774945516840305e-07
1.196251373962572972e-08
1.529373367911572438e-07
9.302887839700119536e-09
1.752296017482339357e-07
4.782507830602096078e-04
3.755810645445587793e-07
6.223244237019232017e-01
3.068852748840237871e-05
1.379312178862515909e-07
1.974633200372268024e-08
4.739641038951543428e-08
4.539307633212911053e-09
1.147844304596199581e-07
3.502618459062084555e-04
6.850857823472285496e-05
7.102811209297491500e-05
1.815030941246536923e-09
6.053347702646518709e-08
9.739731270131827375e-07
1.566140328811486871e-08
2.432414258303804762e-05
1.021524485169764112e-06
1.546631631144576189e-08
1.814137297082717604e-08
1.664976328871368917e-04
8.682338995797241012e-09
7.901669352640532965e-07
1.000008382645872019e-06
1.230366201488166907e-04
1.102812429858162891e-05
7.316909091981395761e-09
8.294548857005006592e-08
1.370847606902004520e-08
5.796000338333994251e-08
5.398986348056899492e-08
1.405622608974097042e-07
3.976691294206092485e-08
1.710241855821561753e-08
2.580682268251064555e-06
4.110094482887791497e-08
1.637093831552457736e-07
6.843620209047215459e-08
4.080638692886828789e-07
1.008698848134550408e-05
1.424374789752849392e-07
5.396384372217525865e-06
1.070850030757317322e-06
5.429330779751828349e-08
1.846944514778200479e-08
1.594780995206101751e-07
7.100397935062552483e-08
6.368691469210602754e-08
9.975932012008990554e-07
6.744650791280788326e-04
1.200466108092949868e-07
1.886618378056603408e-08
1.458713651351730388e-02
2.808704421693549684e-08
4.669434433247514063e-08
2.369332253578747459e-05
3.667336382783584747e-06
5.285245381248921369e-04
1.775390253735061368e-07
5.215382768746130314e-08
4.141923228070304903e-08
1.974633200372268024e-08
1.560903836692464648e-03
3.999539789104636540e-03
4.709061391289764888e-09
1.047711205206209205e-08
7.878717499262173642e-08
7.966654330268746218e-06
7.859487288259578328e-09
7.697308851511910189e-08
6.283615433754355636e-09
1.283929217741795656e-09
1.156392821596666795e-04
7.385405034933633061e-07
1.763814080940117970e-08
1.303583097934957741e-08
1.980610600131215612e-08
9.707390910865623870e-09
1.133368470831668616e-06
4.573282047486535176e-09
4.104903128457540717e-07
1.379312178862515909e-07
8.858849658321951768e-05
8.454020726396775730e-07
2.312511865159710631e-09
2.233402706119892322e-07
1.713511096167087287e-05
1.385465870332791896e-05
2.702030629581482653e-08
6.181176879179898098e-09
2.493415148235896437e-08
1.574712021601145115e-08
1.925518611497448782e-06
1.548240504392804568e-06
5.416261448929021683e-04
9.984403458671974319e-01
1.119716323826034259e-08
2.584317047721432481e-09
1.757293821187809993e-08
1.734816254191182223e-05
1.859269963299803460e-05
