2.357900866623520626e-04
9.652418034666849318e-05
9.604543389240820427e-08
9.403086764395885487e-07
9.403086764395885487e-07
9.403086764395885487e-07
3.961141916210132835e-08
5.940929697049974646e-08
1.024458840598715766e-07
1.667698510449088325e-07
9.999986791968346056e-01
3.845328252284292945e-08
1.053806657251243638e-07
8.331786896393859193e-04
8.669007255149929580e-07
2.794419643567695967e-06
3.277746579296464559e-06
3.710040129809714196e-06
2.917164740660573354e-08
7.611876332229841058e-01
1.924668020926211254e-01
9.999889226338638526e-01
1.209510639839963476e-07
1.658016365455690019e-04
4.146301136405056425e-08
3.843340381666083796e-06
3.700712031776784387e-06
9.325497620738531582e-06
2.342723882178812862e-05
2.362210965842278426e-06
3.973137743597886603e-07
1.136135107975191335e-08
2.114261443602592607e-06
2.011606038785302059e-06
9.562447015932194168e-07
5.339534221081049004e-06
7.579707474473633974e-05
7.186392103065494007e-09
1.111734475209013733e-04
1.150003249232874167e-05
1.527734369502990229e-08
1.010814611713243962e-08
2.201692309216630399e-07
7.561273317430944753e-07
1.156687138534234771e-02
1.156687138534234771e-02
7.415862267353972109e-09
1.333381955373970818e-05
5.075444570493107892e-08
5.146741657946026234e-08
4.929920407537229618e-09
2.052693897429723142e-08
5.037704543714591856e-06
7.233762099990774374e-06
1.094079201391499640e-04
2.078695914071755999e-08
2.162139547718196279e-05
4.860179012915122284e-08
9.776501323134535459e-01
9.033725762673965320e-01
2.042735583250463571e-07
1.425290015181124217e-05
9.339402522091902163e-07
1.498439065036394954e-08
1.738496714828384989e-06
5.669812891434535556e-08
4.337747970231577580e-07
5.425958901485072641e-08
3.235964599708559611e-07
4.045999327090788498e-08
7.047246596407118542e-08
2.259521054316515577e-07
3.269941884525979768e-08
1.779646804246888951e-09
2.367315932301478467e-06
1.419261514407488973e-07
1.555470519046314486e-08
9.710991125572729967e-07
9.417571279352912833e-09
1.854979242449541886e-06
1.194265892593402226e-02
1.541303327337566881e-05
5.239782509789935093e-08
3.292337062042133314e-07
1.554340714530936533e-07
6.498360887296054855e-09
3.675848972609523264e-09
6.070313250379681383e-06
1.632448828143142705e-04
6.157666152498823201e-09
3.896599899158893901e-05
1.351609599060297932e-08
2.052594253101564446e-07
9.999966463305393072e-01
9.615672662610342552e-07
9.010901781360813367e-07
8.144811735654328144e-01
2.721106420459575383e-07
9.339477869018274665e-08
5.335208568095928937e-09
3.898131276789575193e-03
3.363876370230358165e-07
1.162808034563035525e-01
1.139246958624602531e-04
1.992478450935266708e-05
6.746805137084253080e-08
2.148631993528406225e-06
1.973350213711080801e-08
9.190816744246670680e-08
8.654859423688318874e-09
1.240937331352770859e-02
4.118768018900101347e-05
2.058155269212795166e-03
4.627465313449570863e-03
8.836372801414727873e-04
7.270567437716977111e-01
2.195859858101828486e-06
1.723804683429976678e-03
5.313294745570339379e-07
1.052531326703881356e-08
2.752845568893055298e-09
6.475665244339712539e-07
8.195345264354880739e-09
3.914107006133390093e-09
3.948129377815465399e-07
2.108391479873363086e-08
6.609128587514306162e-09
9.402529763862635978e-05
2.624586558895513811e-07
4.692172261920842858e-04
6.803929488423187886e-09
8.835681549178890439e-07
6.466111962885391846e-09
1.767045076532260273e-06
1.094022397526857284e-08
8.436813379213084997e-08
1.582833310294618556e-08
1.420529098061531212e-07
6.609384443470049252e-09
1.048113788385998006e-07
1.120523992860922812e-08
7.559913707785576277e-09
5.013805159356856612e-07
2.436149950592949058e-05
1.860545823657710677e-08
4.320007668722204015e-07
4.840443926523311942e-06
5.152732147711968498e-08
8.517192836272821914e-06
3.640922750248954727e-06
6.334659807493100113e-07
2.772615739749926440e-08
9.403086764395885487e-07
4.228548093317186218e-08
6.180016566086389390e-08
1.596857327904760795e-08
2.932642155354668434e-08
1.596857327904760795e-08
1.034569175151086859e-06
2.676160761073016951e-06
3.656440525257819030e-07
1.884111565343813427e-08
3.329207361200891704e-08
2.810467159037903623e-09
2.723955534046947059e-07
8.093006123661367783e-09
1.149664050785732233e-08
1.486778493043025855e-04
1.299330345910190344e-09
6.419691607347969996e-08
3.756504142561647084e-09
9.608506594730754365e-06
8.897430945379047884e-02
2.854877566596451488e-08
5.893691480187629006e-08
2.998545778444572605e-08
8.733411507770737166e-08
2.112297735591055274e-07
5.479425722128687311e-07
3.700839015285217574e-04
1.214097507389327625e-08
3.938681987760718559e-07
5.880820254397267778e-09
4.901636679394883610e-09
8.071127368198693461e-08
2.487271934973706855e-08
9.403086764395885487e-07
9.202288630254273905e-02
5.439744604581310760e-09
9.403086764395885487e-07
1.309415645572271745e-08
1.877492346505134926e-08
2.206923831423764064e-07
3.726704098315016081e-08
9.644065321201221730e-01
9.403086764395885487e-07
1.911598319209340258e-01
1.206243497011025100e-06
8.640759227086908041e-09
1.150985922766182622e-08
7.351100776792874796e-07
2.702129199921233744e-07
2.334603468441391345e-04
3.085775300472146897e-08
2.441580590874867266e-09
1.054276273169115304e-08
1.766809443012210967e-08
4.144431580458540937e-07
3.031314431662957692e-02
4.507900141818813083e-05
8.080018836200530675e-06
1.619006708180323216e-09
1.072656335321488408e-07
1.243738259051638956e-01
1.103643130684661272e-01
2.229534260402740689e-07
6.618989944382987550e-08
4.530823333679467552e-08
7.702328708773908370e-08
1.853500062852539330e-08
9.403086764395885487e-07
6.443493958372711557e-07
1.312563916794685748e-08
7.263646954865010346e-09
3.535353803541367173e-08
8.815157654752006356e-08
4.583792905627336552e-08
9.351605621441899534e-09
7.274399993352985427e-02
9.758750079653308386e-06
1.845728187725862531e-09
6.104704745054041534e-09
3.997855942024920804e-08
4.094360039336563161e-06
2.660187126408780804e-07
1.090896481615073452e-07
4.000382736168183418e-09
4.538027033873761769e-09
7.232977655833563525e-09
2.551849520749321787e-09
2.551849520749321787e-09
1.478959423548279094e-08
8.384807865526836317e-09
1.110919343244731738e-01
1.302081062931585037e-05
6.687129554918680979e-08
2.614412982639486423e-08
4.565505113637499176e-08
3.132062053096659944e-06
4.000180791581744671e-08
7.443010615478935089e-06
9.478075921328779908e-08
1.426570215889274434e-02
1.346032056676190938e-07
5.322046066325915683e-07
4.959145105080009824e-08
1.722578329111497472e-07
4.205870693016616702e-07
1.252852381324863718e-07
2.407619326195245583e-09
3.504972213306671460e-06
7.139964973343735852e-03
8.108227851325528359e-09
1.357719809426500712e-09
5.361129497097711172e-08
6.271052828413609202e-09
1.337553420681802929e-09
8.177876385595353763e-04
7.103883780870299846e-09
4.951040835450682237e-08
7.646400077168486242e-09
1.859856941758744639e-07
2.116059182918042586e-06
1.854942801183915187e-08
2.135310370310335342e-06
4.885072504258521687e-07
4.692171549648304545e-05
3.406886521311117890e-08
2.778002472366073334e-07
2.542303434673496513e-03
1.639693756911167483e-07
4.262782356732250747e-08
1.088152393881846013e-06
1.295569857301901982e-06
1.094880918441528566e-07
9.333815687348914638e-09
2.940556802433312708e-04
6.877876547737416975e-09
1.360445927063712949e-05
5.467823313152695161e-08
1.530466336712157265e-09
6.610719091981860882e-07
2.893432855060006417e-08
4.160517849557768199e-07
1.274388025396781760e-09
8.863491816072960761e-06
1.695740638870640127e-07
1.219399013312830058e-04
2.868120869950175857e-08
1.347250071494940240e-06
5.795213853307599589e-08
4.886526368055217730e-07
6.192920081428273174e-03
9.403086764395885487e-07
1.110919343244731738e-01
2.037885640602899317e-07
9.007228014709596403e-09
5.417498119638491600e-07
8.745724861807099469e-08
7.778977846828973226e-06
1.520273102508544667e-04
1.910557132327768877e-07
7.946773535758319494e-07
6.020286923657238573e-07
2.718318293648150028e-09
3.135254957087148151e-08
5.308879894814497242e-08
1.927622364556561419e-06
1.846753754995888232e-05
3.392780826699599110e-08
5.044273649559423670e-09
2.235154560336110003e-06
2.791785956375450611e-09
6.596272968420017001e-09
2.385821707293563471e-07
7.827334299037518069e-06
2.556742758688566406e-08
3.977294374380613559e-06
6.998383069914506152e-05
8.347656135799143764e-06
7.793368443432861769e-07
4.624159289575350522e-09
1.223874583288506319e-07
1.379333421557663364e-08
2.426599679346569867e-07
7.863668781479965849e-08
3.166690122727077685e-07
8.704175741640714158e-07
6.439653013356227925e-08
7.143002899097194998e-07
8.505045619056373574e-08
4.491037186685147238e-08
1.104226491262569009e-08
5.485618102233471343e-09
6.417201113119915901e-09
4.496942071170146136e-09
1.703100204150871758e-06
6.099449631280467596e-09
1.617577715895962921e-09
2.539694053333347313e-07
1.754586514640345471e-07
5.421603348292580397e-08
1.584302403369037221e-07
7.782013939614165850e-07
5.820077083788695579e-08
3.594078626573926468e-08
5.144796065578446083e-08
4.203340772530370890e-07
2.552392728014123602e-04
2.795481524573878174e-08
1.110919343244731738e-01
1.685026215556968039e-08
3.619867681618784071e-06
5.721294884132674413e-06
5.630094975405481824e-08
2.434815074708332902e-07
5.506798805595859968e-09
9.646808987540452020e-08
3.086476167591097978e-07
1.229562794376971228e-04
2.038651954898234534e-05
2.656888763758458296e-05
3.152511001026664288e-08
1.018157617544161644e-06
6.956982094088968722e-05
2.239528758700238745e-05
3.173803319072564672e-05
7.778229549904237166e-06
5.545700352542224238e-08
4.948120002904057357e-06
9.403086764395885487e-07
8.303439936601205574e-07
2.172358109130541556e-08
1.900793006295445265e-07
1.076478039258284375e-07
1.066611205215127704e-05
2.499002067702225152e-06
9.263638412982947771e-08
2.058088268888440028e-05
6.752126711335012038e-07
3.204415594968248234e-06
3.672847781378393136e-06
1.274184897620291513e-07
4.136993428509707830e-06
2.365952280904936959e-06
1.286920509127024799e-07
5.155191061006692693e-03
3.764096451540296939e-05
6.974760374277733793e-05
3.347413128473717982e-09
