1.000000099473604149e-07
5.370866622908314033e-06
3.925954586189280827e-07
6.015203006840741103e-07
6.015203006840741103e-07
6.015203006840741103e-07
6.313904525591706957e-07
1.583697838499227150e-04
2.523479447677592460e-05
1.662360348000802044e-06
7.728656879292585691e-06
1.000000099473604149e-07
4.589975177816287672e-05
2.789950379726052042e-07
7.095564005400697473e-06
1.000000099473604149e-07
4.347487772293282524e-05
1.174611268554324594e-07
8.677059314457449433e-04
1.411637298795214806e-06
3.871519007664673350e-07
3.538552644034557085e-07
4.300239964598954583e-05
3.305206929286237597e-06
6.332979203121007360e-06
1.273295366956869005e-07
1.863179761303290785e-05
1.000000099473604149e-07
1.000000099473604149e-07
1.000000099473604149e-07
3.469145197788990021e-07
1.828994435652902964e-06
3.819145373035723238e-07
3.713594001375833023e-07
3.614329912740220654e-07
3.579192408981677579e-07
4.020720473047448285e-02
8.016183083381562242e-06
6.979572390731756061e-06
1.000000099473604149e-07
4.495679249204513617e-03
8.120080125191832832e-06
1.000000099473604149e-07
2.463474966603310477e-06
1.930955910546491589e-07
1.930955910546491589e-07
2.036954697124032166e-04
2.501447462056799807e-07
6.788570025401814397e-04
6.367497743541239217e-06
3.080450907085984652e-04
3.243737595904595260e-06
3.303529552113775111e-07
2.707785914173037600e-01
1.221077224519871111e-03
8.354828149623290649e-07
1.065571713389562654e-07
2.720459336016455988e-05
3.159219765766039746e-07
3.568513369245583242e-07
1.000000099473604149e-07
9.505278566453993816e-07
1.000000099473604149e-07
1.173740825191113981e-05
2.316733646397099274e-06
3.060828383689000875e-05
2.618488053515109545e-05
1.205455670766523208e-05
1.558998281489619913e-07
1.000000099473604149e-07
5.617921112484007080e-07
9.110548202131099060e-01
9.120862136366719600e-05
2.087595396659492692e-05
4.930160808367702041e-06
6.019164415128450100e-06
1.163471450699462808e-06
2.070542635292244353e-07
6.941692412320515326e-07
9.151197446471838638e-07
7.001975099729717645e-07
1.256201694403754920e-06
1.111666798842033050e-06
1.376627254074420266e-07
4.337203696602840039e-07
1.057786708914084625e-06
7.288540536743272694e-05
1.336355967701902181e-06
1.615234523906251338e-07
5.061905579026389304e-07
5.133262015925926025e-07
4.430075388919284588e-05
1.384576363208429064e-05
2.925239199588293565e-06
4.061602351186940123e-06
1.722396433914896693e-06
1.029124878254344995e-06
4.821485484514828433e-05
2.146098156793787147e-07
1.000000099473604149e-07
1.000000099473604149e-07
1.000000099473604149e-07
2.252526916117369382e-07
6.202482348006663519e-05
1.370957520772059755e-02
9.185541254848177624e-06
3.760784614554464742e-06
3.389077145386044878e-06
2.450944112452028423e-01
2.703039875634984297e-06
3.830964922979348025e-07
2.878887645513085814e-07
2.145243591119657659e-07
2.401905991476273982e-07
2.672762291980326775e-07
1.759094254393926738e-07
5.338408413011320724e-07
2.405753447903152496e-07
1.000000099473604149e-07
2.298648636070151172e-04
2.052141992990656446e-05
3.687908898305414319e-07
9.498744531579924059e-05
2.256141469824536454e-06
1.000000099473604149e-07
7.392017406720911171e-07
7.390713401303693538e-06
4.052846154766750955e-07
3.435600442421091053e-05
3.623338843872743021e-06
9.499515771918352900e-07
6.585748059777522731e-07
1.633115098954170249e-03
3.576407767689283651e-04
7.616048702563291660e-04
1.000179883851990857e-03
1.000000099473604149e-07
7.981925611490525490e-04
2.438550196409577930e-02
1.000000099473604149e-07
4.834715928031473042e-02
8.942197434246818011e-01
5.124108242396258773e-06
1.000000099473604149e-07
7.934433320291893864e-06
2.299144966522963642e-06
8.658679529510349593e-06
1.646166286843766051e-06
6.006842399019982130e-07
6.658812897781853949e-06
7.600419520535852715e-07
1.000000099473604149e-07
6.015203006840741103e-07
1.806601171439854790e-05
4.842737932297517975e-06
5.500551556709257260e-04
3.555576985473815561e-06
5.500551556709257260e-04
1.772586568650855045e-07
1.000000099473604149e-07
1.547653561765057752e-06
6.595025883285076922e-06
5.661462633587308058e-02
2.195868372804790473e-04
1.189891966198938127e-03
6.857425520680869189e-04
1.412920128904256604e-05
2.893281789704829889e-07
6.803753536988059687e-06
7.136455783231151475e-05
3.953206968919547454e-02
2.395022860537965811e-05
4.301064146201047882e-06
1.469228501358606345e-05
1.276188506039298992e-04
3.293988700217349462e-04
8.492477502212919863e-05
2.318540579741090133e-07
4.559097628737816069e-06
1.000000099473604149e-07
2.164572457603579510e-05
6.781998614857041602e-04
4.887414500114609989e-06
1.115506369839647889e-04
9.273596896000953118e-06
4.476971070809941162e-05
6.015203006840741103e-07
3.786432865433426410e-07
1.507946475943574081e-06
6.015203006840741103e-07
6.492751017170255562e-05
1.545312088568173540e-04
3.738050923797923497e-04
2.289269706343452226e-01
2.408001531119862839e-05
6.015203006840741103e-07
2.520298363481743768e-07
1.354553944124410256e-03
1.312165753303601678e-05
9.867311101605259760e-02
2.678796848476011850e-06
2.942630282844879734e-06
1.105534099917121423e-07
3.507429039180107649e-06
2.202949005830331713e-04
8.693724786381982425e-07
1.201685893946979190e-05
1.446124983829491582e-04
1.000000099473604149e-07
1.000000099473604149e-07
1.887777145703124644e-07
4.102228672364122982e-05
7.791871596317671425e-07
1.000000099473604149e-07
3.903045049526946700e-07
1.716618112258200480e-05
2.596689882421623734e-04
5.224350178834311164e-06
4.696567517904040497e-05
8.308045865808600934e-05
6.015203006840741103e-07
2.563326020930668109e-02
3.243525873720830472e-05
4.764361149992245303e-02
1.422237860399153717e-06
4.678171574056952592e-05
2.774206676520991460e-06
1.000000099473604149e-07
1.523753349490801589e-06
1.000000099473604149e-07
2.785296394734495645e-05
4.325628804930481516e-04
3.460923553553749875e-05
2.809649808516031199e-05
6.704383113597875421e-04
2.685858195587284743e-07
1.323298907245898125e-05
1.306447001266470411e-05
8.820281865330532238e-05
1.473580405227342001e-05
1.473580405227342001e-05
3.590208513334262301e-06
3.955282862715434289e-05
1.000000099473604149e-07
2.322830240716419086e-04
1.963242184290577012e-06
7.081621565069770564e-05
1.974334432616599126e-03
5.589674861026087960e-02
1.206866504723983495e-07
3.416790745380402008e-07
6.179654220645256326e-05
1.000000099473604149e-07
1.915199597020164653e-05
1.909084014122699218e-05
7.007551270406405230e-07
1.812595051754776990e-07
2.117910801562718911e-05
1.000000099473604149e-07
1.747200155007224140e-06
1.259238901979579127e-06
1.073207034594809882e-06
1.132376492534353924e-06
6.125563290057475102e-03
5.915333331851163406e-05
7.428520593032063330e-06
8.661503834697316625e-06
1.164922373684429948e-06
7.732961937637727089e-07
1.886917628967401288e-06
5.143797490365870789e-07
1.396716062205694150e-04
2.856662857286137417e-06
2.564847984353027903e-05
8.280035832768888535e-07
1.000000099473604149e-07
1.000000099473604149e-07
2.447438890375407215e-03
1.905350130996581637e-07
1.000000099473604149e-07
1.000000099473604149e-07
4.629742506750048775e-07
2.437588322470932061e-06
1.000000099473604149e-07
3.506653846748631075e-05
1.235956962575501133e-06
2.183634726911268449e-07
9.170975872235665577e-05
3.929783327604510204e-05
1.340772405370685861e-04
6.011437988495959710e-06
4.614539405069123285e-05
7.953348215066280151e-07
1.475714052700013962e-05
1.473019908673781936e-05
2.421404337159812326e-07
6.383286257450089546e-07
1.451026487458341815e-07
3.591520085596951399e-07
7.293979480406647028e-07
5.510752143869403055e-07
2.863593833090411412e-06
2.337331293037697689e-07
6.015203006840741103e-07
1.000000099473604149e-07
1.502724203293439581e-07
3.781138063324783564e-06
5.881758075339507554e-06
8.621880220982557603e-06
2.319950302259506323e-05
1.584443525050054189e-06
1.486284807476618544e-04
2.373044687670622859e-07
1.181854272015031920e-07
2.819621258803764495e-07
2.576440885561589490e-03
1.024881373539205723e-06
2.196071944486407725e-06
7.378272648849321243e-07
7.589497224488176448e-06
2.784392153925137510e-03
2.122418489562080364e-07
4.978643605986944750e-05
1.985153749197909656e-05
9.181548568218149621e-07
2.872709177552730164e-07
2.029814325186261393e-04
3.176483626252055983e-04
2.959259731994777431e-06
3.120496360430706495e-04
2.373309849022787300e-07
6.407730274431591232e-06
6.354329877687749401e-07
3.329943962856997123e-06
3.946706426222148687e-05
3.754142574709630822e-05
7.049986207886118153e-05
1.654929026260880634e-05
2.621139464679921597e-06
1.043403663913670180e-06
2.225335847430196488e-04
2.304776508258836177e-06
1.239703484788152407e-07
1.522527058216459709e-05
1.012054645822469337e-06
2.903971556090084928e-07
1.000000099473604149e-07
1.542022189170471879e-05
1.696815794908836295e-07
1.828272263798453069e-06
3.083871995109917642e-07
6.594190513707758817e-06
1.382721941995375377e-05
4.516240695405479219e-03
2.113109587522471400e-07
1.076346564980978442e-05
5.916944833036771011e-03
3.093286197748563569e-06
1.043890476400171443e-05
8.140808629753918946e-07
1.000000099473604149e-07
2.211417633184923668e-05
1.322148603480605318e-02
2.495714745679440391e-06
1.332418717167155016e-04
2.021016052519701808e-05
1.391294977904412244e-06
6.380969269000287771e-07
1.139597759316162973e-06
1.782404224387740868e-07
2.367330851111548866e-07
5.394295545740431523e-07
2.512143828599059192e-05
1.009880658942776276e-07
2.230365487186377021e-06
7.665503852218230390e-04
2.125751850122410476e-07
2.447694105755806213e-06
4.184446116406047489e-07
1.000000099473604149e-07
6.015203006840741103e-07
3.744059866133264296e-06
1.000000099473604149e-07
1.289558539231097225e-06
1.753191934465751238e-05
6.035626949565454313e-07
1.451319732166331419e-06
2.585093251632583908e-06
1.000000099473604149e-07
1.526119932405995678e-07
1.202221848944166406e-07
9.854615350579254541e-07
4.505098656447064905e-07
1.896568975964175367e-04
4.185069870199351148e-07
1.000000099473604149e-07
3.842284741199469759e-07
1.000000099473604149e-07
1.281382679734545914e-02
1.198029089864633724e-02
