2.179279396729023877e-01
6.310304345321689212e-02
1.996505360958420686e-03
3.737341252391382374e-02
1.195273426979192276e-02
9.257758824340170173e-04
1.447502917647482774e-03
9.781472245840886967e-04
9.686164903373023613e-05
4.488156153490898440e-05
9.613673528859619335e-05
8.903597933894519733e-04
4.903948665607226007e-04
5.558441284550679796e-04
6.483000807240698812e-03
8.854106612998400780e-05
1.764334548203173501e-04
4.017272622511202859e-04
6.538307021654019557e-01
1.341529346320508020e-01
9.585394616964697711e-05
1.203630528611946419e-04
4.598612879761220548e-04
1.139735623343421920e-04
6.763142316437535939e-01
8.861094600228786033e-01
9.091560007169733337e-01
7.503532515932082037e-01
2.883771019398316646e-04
1.922845697550770250e-04
1.618674814259599701e-03
1.946193967842047370e-04
2.916571833921301660e-04
1.685152610347357598e-04
1.257727524015985864e-04
1.608366092269593024e-04
1.967171194423819364e-04
2.058655599707331213e-04
1.578117037766419957e-03
3.128039013038117020e-04
3.589107501305109204e-04
1.540861699968803166e-04
1.461140058803457207e-04
3.205442557674137308e-04
8.645266173069341223e-05
2.557005801067563342e-05
9.065762449140927787e-04
1.180600462858263049e-04
6.126632280344867024e-03
3.910037422536338379e-04
1.940944649251043989e-03
1.328318514018702592e-04
1.519614052746429372e-04
1.701388982527048187e-04
1.547369059780307615e-02
3.028810675272141764e-05
6.841105039309959795e-05
2.881064445154853972e-05
9.027849599904922459e-05
4.507678139772260920e-04
3.781884487200024443e-05
5.923510978972932120e-04
9.864618363123125067e-05
7.731086745069781015e-05
1.516469023877479040e-04
1.542790726004870689e-04
3.810082321845644979e-04
2.249622534099629545e-04
4.066031789831486137e-03
2.688440413316679767e-04
3.894706496459983424e-04
1.009064134814286877e-04
1.210724285083090860e-04
4.019216174247591117e-03
2.437073774367593535e-04
2.875697363181620387e-04
1.493473859708470040e-04
9.306798846902401313e-04
1.011033310417116323e-04
4.547141907006112239e-05
1.412093865344476610e-05
3.334198157578832004e-05
2.160990733010583476e-01
4.172020144581095494e-04
2.110643875530053234e-04
6.080644034946835856e-04
1.691428595352723041e-04
3.298716023692415799e-03
1.792248967927247605e-04
1.490309619750280925e-04
2.403995724351642657e-04
1.118601386182860693e-04
1.236318770355488090e-04
1.113304771163498664e-04
4.110675579195096502e-05
4.383192137927767245e-04
1.001037808416607261e-04
2.881125483042553878e-04
9.999531525951050812e-03
1.632313242151876116e-04
3.747698703540587378e-05
1.748813788567324661e-04
1.786351147328154654e-04
1.336447730070957891e-04
1.336447730070957891e-04
6.600028653513770360e-05
1.336447730070957891e-04
6.783716814120750449e-01
1.412217377031006142e-04
8.155989651581171170e-04
1.140846223061798409e-04
1.036665573031269553e-03
9.884546479839713129e-01
2.385499788267291324e-02
2.709731035689231793e-01
7.836149521240625901e-03
7.430654397032723235e-01
1.016091186631018078e-01
6.271785587052788099e-04
1.002012115702438394e-04
2.425820786617368763e-04
4.579084490463001785e-04
1.959569647728380678e-04
6.405715116448971211e-05
6.756275070974712064e-05
1.079084414954048889e-03
6.698092314484428433e-01
1.446754565645441259e-03
9.884237530590990195e-01
6.733272723124452686e-01
9.879358845847117099e-01
9.949672637903193007e-01
1.354763860083174208e-04
1.899587634562236685e-04
2.523621707140268522e-04
4.447465338306155931e-03
7.830571653633855433e-01
9.884568706774373714e-01
9.963012534443379531e-01
9.467816529803635417e-01
9.999919850606864280e-01
8.699177679072548353e-01
2.791773375139316310e-03
8.489256255611659860e-05
2.983682424132150495e-03
1.124408560611573661e-02
3.177237229067640255e-04
3.137850138431114090e-04
6.305167879324730107e-01
9.749139158848618703e-01
1.006101760765804677e-04
2.960090721366183657e-04
2.768869596393384847e-04
1.621343108877704999e-04
1.392362584568788844e-04
1.081565926399914154e-04
1.011720669321773566e-04
7.888608051095563948e-05
4.172293772197046093e-04
1.308554154789890725e-03
6.706636767767298717e-04
2.895300412136807711e-04
4.567898921900105658e-03
1.806267195530239235e-05
1.079002254467174241e-03
2.345595705148477168e-03
6.431343251350919851e-04
4.529160674742498810e-03
8.904941985004032100e-05
9.792112192471809085e-01
2.201319370972985054e-04
9.216404493719204308e-06
3.317842653048417418e-04
1.241954158699811513e-03
9.753239165281786006e-04
1.228662118336755862e-05
2.952262067311122048e-04
1.673947457888406076e-03
1.123561233686817454e-04
3.118586713074818066e-05
1.060440598418448479e-04
9.083726424989651193e-05
1.350019961648422613e-03
8.789655007360630719e-05
2.371254999309025470e-05
1.090932294630605256e-04
6.831810693652309158e-05
1.014338552259218219e-03
3.111666460930334664e-05
3.933142315172679987e-04
3.508145342329514483e-05
4.020156251424043467e-04
4.854678899828310219e-05
8.205509555552306135e-05
8.764968650323097174e-03
1.547706104232254593e-04
1.049477375033466516e-04
1.119678989069681553e-04
1.336447730070957891e-04
1.122127478547779446e-04
2.826280806562600370e-05
7.667491414813176287e-05
1.095381974981123540e-04
1.191363070754419303e-04
1.604919976775456315e-04
8.906572359089091548e-05
3.988974636431500765e-04
4.919015035695109518e-04
1.246060126856581940e-04
7.861752825461916169e-05
2.691731995830398661e-04
1.580305162380917809e-05
4.640685620735600071e-05
9.325320250843003480e-06
7.386648561057170665e-05
1.408819509476268584e-04
3.260334622570377561e-04
1.860640297621006338e-04
1.761510899989676031e-04
1.437493533962462049e-05
9.004558754557475655e-05
5.058932090702700918e-04
9.329399948895694163e-04
1.336447730070957891e-04
4.639641272968723640e-01
9.882396898343965841e-01
9.862173834098375558e-01
7.243791417990629380e-03
3.104553931637324925e-03
5.881037771218451497e-05
4.663589942310331104e-04
2.092652146692158171e-04
4.107495700218746770e-03
1.397757576222285328e-05
1.785996643501379944e-05
5.006908330247711710e-05
9.201898206762813490e-03
1.358829905954266337e-01
8.903322711902268499e-05
1.529458786079257058e-04
7.859835583763564726e-01
1.037053058920635751e-04
6.592700328473479919e-04
2.152607016523361630e-03
2.908656014886625146e-05
1.290317628603306424e-04
6.042856632556200007e-04
5.864382957915081066e-05
8.401871464781737178e-05
1.336447730070957891e-04
3.431687778232813475e-04
1.912005854919379648e-05
1.218843986531966902e-04
7.833545632486443888e-05
2.163513576335719159e-04
1.415373129054181258e-05
1.436908991744689334e-04
5.079823036229747196e-05
1.480536267436529209e-04
1.064307900348507405e-04
2.045563471062445153e-05
6.522097892230821264e-04
2.587170897712589993e-04
6.433388419745807130e-05
8.512284372623608571e-04
1.805597888130849909e-05
9.508020375597451418e-03
1.336452753420399925e-04
3.553750310939416085e-04
1.850825985859381551e-04
1.093222658785068411e-03
4.186185928284141892e-05
2.262004356299514329e-04
8.549236435907498670e-04
9.390283884108614797e-05
4.294843850805035593e-04
6.545793582994197514e-05
1.336447730070957891e-04
1.110342782871655363e-04
4.158545902895762858e-05
4.131043082364590558e-05
1.675401489550099867e-03
5.733002618380013166e-05
3.250694873559218279e-04
5.139960394485248128e-04
4.871929326579515812e-04
3.350005968944008879e-04
1.279898899024148979e-04
6.363845123504260123e-04
2.662013996554059726e-04
8.817915707899447566e-05
2.281381863351881003e-04
5.354845279604688799e-04
1.336447730070957891e-04
1.731911228830072119e-04
1.466831678956219843e-03
1.067419398406147164e-04
1.194016005597338566e-03
1.186006322958946084e-02
1.785046659456346069e-03
4.807369796896728920e-05
6.651715794086900946e-01
1.406325341269974239e-04
1.574819392769863542e-04
4.358759317962368593e-04
2.435379430020456141e-04
1.309736846323755581e-03
1.096755408471752148e-04
1.804730964377434567e-04
1.713291764898491963e-04
1.675401489550099867e-03
1.177523263612041411e-04
4.272452299340802188e-04
3.234963756194727212e-05
1.860378840535852280e-04
1.471243116372176010e-04
4.925407244270581762e-03
1.294194860185936995e-04
2.464911822600777394e-04
2.076489382248745968e-05
1.077682734006482331e-04
4.737496145561253700e-05
1.297361971870480794e-02
1.187304288640572193e-04
2.901925276098784646e-04
2.336393190664337051e-04
4.247006221400021907e-05
8.621074965212518256e-05
1.940283316662908463e-04
6.958916787229161628e-05
3.524438928024057358e-05
4.504289999282477808e-03
2.528869253602383026e-05
2.095203939444709976e-04
5.391725687386062123e-05
8.768114440176485135e-04
1.518603801504908113e-04
4.207182886349377857e-03
1.847930144055352135e-04
1.732225560948464298e-05
1.667866279175963487e-04
5.792923182552097740e-03
7.031258615034189675e-03
4.412067848579267278e-05
4.326946617051054267e-03
2.091936090111251817e-04
4.841343707569259979e-05
9.900329546252287032e-05
2.157642208302644102e-04
3.495398017725520661e-05
3.944203527833224334e-05
6.154423356091997263e-05
2.794899316938220888e-03
5.974020516425503812e-05
1.146497042051770334e-04
2.904913344113475184e-05
5.238609915506202072e-03
2.251559789573021747e-03
1.731998576870851788e-05
7.809224100172927163e-05
1.336447730070957891e-04
8.229122135983615708e-05
1.997027572786227168e-05
5.710496944436791161e-04
2.058328307451966557e-02
1.011767325127358201e-04
1.433775499665862485e-04
1.800639123126828649e-04
4.104227464874035295e-05
1.231713249592420953e-04
9.250093572581529855e-05
3.518642913218585273e-05
5.819363614364333337e-05
2.166166361522053364e-04
2.949569430971903214e-04
1.070826532631559067e-04
1.058916432761020186e-03
1.336447730070957891e-04
1.659952564934186189e-05
9.611922208635540171e-05
4.732705887998572191e-05
1.618205210255893101e-04
1.361941672628968830e-04
1.336447730070957891e-04
1.941192029669734718e-04
5.246017673457055051e-05
6.646427317565355847e-05
9.270055256740340386e-05
2.412734320297697365e-03
4.206160034033929775e-04
2.048181636703559172e-04
7.926429227489915333e-05
5.371151601295102475e-04
5.766723199920083113e-05
2.177228829094456954e-04
2.028501662849691630e-04
1.567846820645900035e-05
1.097336577029270474e-04
1.155916294963817799e-03
6.398348771901296291e-05
4.266908117127298232e-04
8.553095407636156417e-05
1.735507129437378632e-04
2.245463619640589604e-04
2.242124671890841862e-04
1.407926279367523355e-03
8.279300253092944373e-02
6.320491774680791617e-06
4.767315606932637635e-05
2.442660708151775427e-04
1.803250021656586358e-04
3.785819121918189466e-04
9.101244783427346466e-06
4.385505857684826635e-05
7.486734670265813272e-05
7.303183997870448419e-05
7.580683262053314710e-05
9.673467918207043323e-05
2.305960564566804025e-03
2.941493701662926431e-04
1.296698077686337389e-03
5.609755003234036128e-05
9.847818148750277548e-05
1.516469023877479040e-04
2.650497090512539118e-04
2.908433222766827102e-04
1.824267603221676570e-04
5.995757343881431844e-05
1.120659299476347080e-05
5.454814395106865569e-05
6.558321027362067675e-04
1.973921118382898599e-04
3.137693538712008588e-03
1.989618459435937880e-04
4.958629615064242581e-03
8.529653412895070886e-04
1.159607563467144253e-03
3.104305387099607835e-02
3.871435744520944030e-04
1.350829036436818466e-04
1.917769331011738576e-04
9.932410182378258678e-05
3.769692523650862090e-03
1.224994017906560378e-04
2.292398113498821956e-04
5.661013882842094247e-04
9.031988491157495226e-05
6.261984777986225091e-04
1.823013218126828133e-04
1.801901168566398374e-04
4.731297673332056320e-04
2.158878129279093866e-03
1.301214354792338602e-04
1.961806672727294844e-03
1.336447730070957891e-04
1.396275689821044569e-04
1.479746073437746001e-04
1.095720739290636364e-04
1.029049943611474744e-04
1.944090644139634307e-03
6.816878530620369648e-04
1.011765765716053037e-03
8.299014732083446284e-05
2.636353111319041142e-04
1.237940708340829984e-04
1.413930237094739115e-04
3.153026082893354036e-04
2.761279954901394232e-03
1.840548217725142233e-04
1.114767582645639910e-01
4.489137381112371186e-04
7.473621662950316674e-06
1.327293333654273812e-04
2.347694093620867240e-04
1.152247263261685958e-04
5.461900802066658534e-04
6.684294816732238827e-05
1.955121906355818454e-04
1.752145694559585230e-04
1.321329236511238972e-03
5.044985518883900568e-04
5.311541308061436956e-03
1.675401489550099867e-03
1.425332513708645250e-04
2.251403451742297235e-04
5.000000000000000000e-01
5.380395312907960016e-04
8.443424290693787556e-05
2.811573649177444376e-04
7.175921001946168609e-02
8.547531004573004441e-04
9.403889865265812470e-04
2.237850765733009493e-04
8.561571525667943173e-05
7.054171081036527888e-03
7.847808907581741485e-04
1.575795653943524608e-03
1.662530749801708306e-04
1.461394601697370776e-04
1.359930750010180614e-04
2.772350668855012856e-04
1.692135323443046862e-04
3.967128048245931117e-04
4.585776400494294695e-05
2.656975127346671299e-04
4.611135385997383943e-03
1.754402915308472203e-04
1.276296814458562664e-04
7.951990926964207847e-05
8.161223415227931901e-04
4.312675695378694919e-04
1.114514649980660944e-04
1.580948841757239638e-04
2.363791166700249539e-04
2.173448118745121562e-04
1.591755008892625279e-04
4.925516380509685401e-04
9.133760672666841436e-05
3.646536972459203359e-04
7.979227692892277061e-05
8.267622917186221148e-05
7.414227384856841071e-05
2.205541001268355094e-04
4.716440005850442872e-05
1.336447730070957891e-04
1.926775931206846316e-04
1.336447730070957891e-04
1.336447730070957891e-04
1.390452600427036393e-05
1.622849746253309682e-04
1.458274001996494459e-04
1.481754886361330310e-04
6.453157140248118621e-04
3.403874323254150970e-04
1.003144312157804247e-03
7.710716502992255377e-05
3.321273127912081772e-04
1.336447730070957891e-04
7.579249705008309470e-04
2.803278112610174330e-02
3.099379998534627033e-05
1.724835777625262931e-04
1.614911406970507602e-04
1.675401489550099867e-03
8.128222015363024218e-05
1.264564897644978615e-04
1.336447730070957891e-04
1.013131829493292536e-04
4.453447391173660628e-05
1.434811494934861570e-04
3.852691629842976053e-03
8.374946970305820041e-05
1.336447730070957891e-04
8.580687877480993068e-05
1.614125080943405732e-04
3.338052411244769781e-03
9.704151805226064373e-05
1.576212895438908581e-04
3.672878235375020227e-04
4.781130444396987822e-05
3.446987450231267405e-04
3.344897883595119919e-04
5.792805317467087821e-04
1.024409540474744464e-04
5.647454590717854021e-05
1.305781296609887692e-03
1.097535520088543075e-04
1.572986496254165270e-04
5.399692165828942446e-05
3.795597971728128573e-04
1.592441400515056662e-04
6.888804039423947559e-05
6.780399912483546293e-04
5.716713676272310073e-04
8.130909724518997498e-04
2.195805804508597762e-04
9.509946336506787303e-04
1.336447730070957891e-04
7.847930469208234743e-05
7.223224147318189968e-05
1.588389561277679825e-04
1.711460138673961138e-04
1.336447730070957891e-04
2.171620404721194900e-02
1.361024349343925707e-04
1.336447730070957891e-04
1.093236423171354573e-04
3.937989232347639747e-05
6.408567415240345360e-04
6.779057229207466437e-05
5.712806900782765640e-05
3.947565064818431974e-03
4.483649562552243699e-05
5.540260318517574624e-05
1.279717964628494472e-04
4.010523280422943868e-04
4.914228195488387038e-05
1.740563741500659794e-04
8.131155749169299504e-05
4.009199422855698447e-04
1.146561546975539557e-04
2.319354617993858215e-04
3.507134543795526209e-05
2.476603153378149663e-04
1.077858306951237763e-03
9.302830817697575066e-05
3.659440041959934249e-05
6.849597857183471143e-04
1.068214915538524952e-05
1.012105419951629448e-05
3.678942396720330727e-05
8.466580313417905153e-05
7.168474693003548193e-04
6.124746289585843292e-04
1.868791995815704708e-03
8.703839324053170635e-05
1.763929631408594399e-05
6.927871852073325468e-03
1.753731232358411989e-04
1.411296532130234442e-03
8.308461991093785007e-04
9.296313946384572927e-05
5.864158086645518544e-05
3.229414868754235113e-03
2.894050666640960758e-04
2.060463452506514580e-04
3.842209944332908577e-05
2.274726061486698518e-04
1.283411378212754390e-04
2.133049660294965657e-04
1.494734673255242630e-04
1.152347023011708604e-04
1.873367356571630860e-04
3.773742049740265035e-04
2.469931091954073125e-03
9.841087938163578172e-03
8.472633238990517944e-05
1.453814010137216963e-04
3.859964532307747376e-04
5.499110945894434156e-04
1.586488363170205558e-05
2.169768047713989802e-04
6.296351304000005018e-05
5.131888743317157721e-05
6.206065011827889555e-03
1.458125589527804018e-04
3.002277481194002857e-03
2.458464276551788246e-04
8.284528989766851690e-05
4.209598674450072692e-05
1.906694869760305726e-04
1.635380611413473099e-03
4.200005531895683756e-05
4.250484145747985632e-04
1.251792540676099701e-04
5.015436522881702198e-04
7.014593394980983695e-05
2.908442248164350629e-04
8.817443879310474806e-04
1.750359406046262582e-04
4.936551388363558937e-04
1.973369312899432430e-04
1.103481380823273457e-04
6.361511132416065775e-05
1.776337083059187848e-04
4.853525124573967488e-03
2.282674068643573626e-02
1.316372249586886267e-04
2.889121292823371495e-05
1.226632504963513781e-02
4.493219541652484703e-03
2.253928588144305000e-04
9.073805526894496295e-05
1.373746468159972773e-04
2.973854408924537032e-05
7.056111340535711719e-05
1.666541080065562884e-05
7.396516909923408708e-05
1.587448357230903046e-03
7.960223548635773959e-04
1.922808577277578196e-04
1.258534506624931252e-04
1.874283723628886655e-03
1.025019837263734966e-03
1.105682749815848709e-03
8.523810537358032791e-04
1.043671836468115267e-02
7.083040724200576760e-05
1.147402289493603365e-02
1.336447730070957891e-04
3.167011332820936567e-04
3.491056841076928160e-05
1.927381618129552030e-04
2.734224657596832832e-03
1.174712925202068018e-03
6.222787611501197195e-05
1.663899989746437925e-05
5.999600939518294116e-05
1.536640178130394528e-04
6.567449278945265809e-05
3.408152825248881505e-04
3.962473338629135143e-05
6.551299506467779673e-05
9.977908231725543878e-03
6.022389364513896885e-04
2.340983066519245501e-04
1.617378091682545715e-03
4.567582300801437730e-04
1.556029631440774782e-04
8.068940784093432304e-05
3.164714277587908717e-04
1.085857558127641537e-01
4.469068876695283729e-03
1.071510208543099014e-04
3.315206566837434316e-04
5.259070540563286184e-05
2.035551384389152913e-04
1.675401489550099867e-03
9.775109429737606644e-05
5.207949800179001394e-05
1.944364976783671817e-02
3.799297479364165098e-05
1.702163542829068560e-04
3.864260106404593690e-04
4.113943761312914625e-04
1.048094850338257718e-04
6.068067408272381086e-03
1.350743793444717704e-04
2.793791028193900561e-04
1.874310697537482084e-01
1.706095805770537020e-03
1.339567401674297505e-04
1.801628768193381787e-04
6.981216217481856575e-05
1.507392186297963361e-04
2.043920631377887432e-04
4.618459473062666809e-05
1.302693261078928012e-04
1.675401489550099867e-03
3.109115460657794323e-04
2.668889746390860278e-04
6.392927641380776740e-05
1.297560011696357761e-03
1.538443394786823473e-02
6.613994221488578773e-04
1.733415821453501227e-03
2.527995570578956373e-03
3.776280743378495394e-03
5.449482129123450064e-02
4.180214438308306121e-03
5.681454959807531475e-04
5.052911290913246478e-02
4.177533250475764896e-03
1.124772805832432722e-04
2.082818641868233050e-04
5.904783098602617102e-05
5.462394285678622550e-05
6.137386224266578946e-06
5.835359996075124758e-05
7.741221070044368519e-06
6.015054575160272828e-05
1.219600586770437731e-03
3.993806450453922237e-04
1.336447730070957891e-04
1.336447730070957891e-04
1.675401489550099867e-03
2.179521215992991076e-05
1.178438749539039419e-04
1.266172341703404374e-04
8.134242828920936310e-05
1.516112965510279923e-04
6.615353823264498922e-04
4.679785111989339432e-05
4.613008859783192380e-04
2.726296052766036672e-04
1.331437650191620960e-04
6.812718185455957553e-05
1.614535501090847260e-03
2.987983936308340584e-04
2.741188891293596663e-01
1.336447730070957891e-04
3.000836513307996042e-04
2.400574785137320926e-04
1.384021506330423968e-04
7.096938889172530482e-05
4.628617912338140085e-05
7.155497203233011450e-05
6.082645291360001957e-05
6.339652167213165443e-05
8.561544215826014592e-05
9.171229231184349151e-05
3.683404272929522013e-04
9.510909958311342994e-05
1.431285893470794551e-04
1.958105642402796048e-05
5.716372947959890680e-05
1.174277014065040574e-04
3.268948501514075964e-04
4.689489265233206952e-04
1.458082158667823051e-04
1.163728525599109370e-04
7.177199646697326758e-04
9.294861647436279033e-04
6.936813524697063636e-05
1.675401489550099867e-03
5.727562797338649810e-04
2.650256494755326778e-02
1.336447730070957891e-04
2.874721011709635760e-04
2.618765944594306531e-04
1.794997721749195564e-04
1.112650494105984827e-03
1.016847590892153414e-05
6.541045390270746815e-04
1.589547618818275667e-03
1.432708176000890875e-04
8.099954150814666070e-05
1.530589932354614851e-04
4.881395604908650475e-05
9.989494320651785635e-05
1.336447730070957891e-04
9.470453785079737674e-01
1.591320378477888479e-04
1.029923011597796832e-04
4.477723757017462790e-05
9.259826600664947116e-03
1.242282145561931692e-04
3.772686214521466267e-04
4.901355498730554909e-05
1.384950967448864969e-04
3.055960132028144718e-05
6.732064561008504523e-05
5.953793021195613600e-03
1.630469872938930531e-01
1.336447730070957891e-04
3.271263066650485860e-03
3.522179568217791352e-04
3.771893569947625240e-04
1.930409526102178487e-04
2.416846381119052876e-04
1.859461458308992344e-04
1.934627329792564521e-01
1.289321421427168293e-03
1.172479238456879819e-01
6.381734728225198910e-03
8.208305271966830508e-05
9.666156677036282690e-04
6.099394440865483352e-02
1.452627060597752275e-05
4.856080622698725298e-04
7.460650908124442818e-05
2.652518608724670473e-04
6.416710654282208818e-05
1.496719121075385699e-04
7.619092277225305969e-05
2.154419117414233529e-05
1.795451361549128409e-04
1.425560240099598818e-04
1.651561925922710315e-04
1.404911407283705033e-03
2.731604619766074072e-04
5.328844051735013199e-05
1.932206012828859454e-04
4.928026161551294704e-05
3.016807991722744438e-04
7.323586571904861235e-05
5.334639927354372561e-05
8.979721569467151790e-03
1.388004186971259196e-03
1.190136779486296423e-04
2.495741994640007764e-05
1.642081568687529022e-03
9.838974578708898190e-05
1.012743325558149643e-04
5.652844066456228500e-01
2.571354106279397696e-04
1.809804390196746910e-04
1.243562666426642526e-03
2.930871444639793341e-04
3.544480726310406186e-05
1.267026559835343863e-04
9.392559423523692385e-05
4.332501514587447301e-05
4.677659114552457418e-05
1.136223900327652309e-04
9.104286179539923030e-05
1.791191015698227401e-05
1.199405347155862420e-04
5.953439376845803821e-01
9.286850033667712475e-05
1.044006805790623888e-04
2.499012606107942820e-05
1.596742080254200669e-01
1.443008799057792174e-04
1.581421713098905672e-04
3.495933405564034292e-05
2.221369754181795608e-02
4.227652485592419096e-05
2.435445761428378495e-05
2.645539834387253112e-04
1.171786286677688795e-04
3.151639192086823468e-04
1.336447730070957891e-04
1.578333238142176729e-04
1.675401489550099867e-03
1.453999595381713639e-03
4.320542671505491535e-04
5.067011394926570757e-05
3.502583901093167529e-01
3.494423409308443124e-05
3.839824954234048260e-04
6.581607681701231332e-05
1.025087814498947718e-04
5.421111842874923661e-03
1.782137870003612165e-03
6.193143744213602223e-05
2.199345833510888142e-04
1.843524323911955882e-04
1.500525974908611688e-04
8.675327248937568243e-05
1.095560405221768880e-05
5.435251464411418711e-05
1.996097781988807483e-04
2.059123891370853103e-04
3.854113337789398172e-04
7.204563948373345550e-05
2.740421458887650208e-01
1.666441212012215840e-04
5.942321065364880583e-04
2.847994477612677232e-03
7.981275179098034495e-03
3.992729100317640245e-05
3.918005701534113229e-05
2.839069795385942819e-04
9.684886161150732542e-05
1.138944695871882276e-03
1.616393641254272812e-04
1.789270877387097360e-03
8.138446700556345762e-05
2.224948170507369104e-03
8.317894491834256854e-05
1.194142166612231477e-04
7.133752935111919741e-05
7.603786029324622814e-06
4.300900098571139828e-05
5.282011028468121418e-05
1.311328477103124591e-04
1.835143329711638044e-02
3.561264178764022756e-04
4.881556992715219839e-02
7.870430193006470109e-05
2.090004869900850912e-03
4.293608866538613841e-04
8.986513047695381395e-01
1.965034967372816018e-03
1.572245059708584844e-02
6.393842747368193580e-01
1.341607588725375665e-04
1.990696985145434491e-04
1.102777981640160922e-02
2.184868568702002384e-02
1.245962697856589120e-03
1.598034855929820789e-05
8.413908937770903898e-05
1.943107915626324179e-04
1.163312609562264879e-05
4.382741334509354409e-05
5.951160674888093804e-03
7.881262891942497281e-03
4.138010791915763559e-04
2.422078664181528062e-04
8.254305394553113030e-04
8.513903629497075797e-05
7.012036714324240520e-03
1.270278571469868670e-04
1.781005956334460951e-04
2.321556807502976171e-03
7.398388651944314118e-05
1.191138891812883286e-04
2.349465368324224653e-03
2.044737754660996850e-05
2.055021499349464151e-04
8.178343217991434610e-05
1.290810375659217745e-04
7.300235714619173377e-05
2.744057679332659403e-04
2.272645317966593055e-04
1.020609511249530841e-04
8.922948275251653275e-05
1.736315092770282281e-04
9.783763318529465833e-04
1.598374156411770425e-04
2.291758485736140731e-04
1.418899723096309713e-04
4.595689232891287009e-03
9.196954974733313238e-05
1.336447730070957891e-04
3.516004823146627449e-05
1.118650787521472463e-04
3.041910846846714814e-04
3.381352308136778909e-04
8.430181293700286175e-05
8.291845792756138403e-05
3.880890796201075677e-03
6.707720669113036540e-05
1.114743907517314379e-04
8.118861774177142806e-05
8.471571961404088670e-05
1.728708780352585092e-03
4.211188526686015805e-04
2.575753905728171028e-04
1.051484855117017008e-04
6.327212707041607364e-04
1.732921238616115262e-04
1.194680145792835154e-04
3.958907895139191294e-03
1.752923248543531630e-05
1.805185280544578891e-04
9.018422132979367432e-05
6.960107457638736955e-05
2.839629486880251808e-04
3.429788627605966566e-04
1.194585257373930126e-04
6.612560877332205765e-05
1.127402809200484484e-04
2.351202359977109418e-04
5.665504305224327420e-05
4.032521409412374511e-03
1.178620628610742060e-04
6.874612286953366447e-04
3.752761883217712799e-04
8.333203566618896082e-04
1.524648677489036391e-05
2.326169806099314362e-03
7.899694772721919944e-04
8.230105774580420697e-02
9.085728109518617754e-05
3.769789441227437785e-04
1.347445078744444137e-04
2.706776882979396778e-04
1.406052741560713526e-03
2.364866581636007668e-04
6.817801456587855918e-04
2.425660929222736573e-04
1.004055181881545423e-03
6.796712698456723828e-05
1.342868650322410768e-04
6.130428946557166464e-04
5.610943165262169445e-05
2.376016373113666483e-04
1.073564991388117375e-04
5.556997760049577680e-05
2.156176341462208922e-04
3.000706692979232819e-04
1.393793639033498043e-04
8.232629775265813341e-04
8.306813179713483592e-05
1.840477345082172558e-03
9.843434687751846223e-04
9.994551717281278166e-04
4.670547654141480286e-05
1.564811241747135701e-04
1.556816622818141770e-05
3.986065874620816317e-03
3.619602909163144918e-03
1.679596211210664623e-03
1.590400485907688007e-04
6.809787999234117142e-05
1.102683926511689987e-03
2.622295223223810928e-04
2.799018933472759716e-04
9.197843672307264202e-05
6.371327262277572904e-04
2.016506018818103375e-04
3.466661590722769479e-05
9.458492190018402798e-05
9.124002636971897679e-05
9.063309630714729438e-04
1.062002548364392998e-03
4.650047711638672829e-04
3.588377700497615008e-03
8.205509555552306135e-05
3.666778451870349176e-03
2.565698812737755559e-05
1.777905063349232220e-02
1.128474934808424378e-04
9.306925222372804379e-04
1.743174895198848918e-04
9.719974257663047785e-05
6.961963585348425465e-02
3.325092053889272580e-04
2.668852812171091868e-04
5.784649395615720817e-05
3.202904653109125608e-04
3.696822296993238811e-04
2.149236078902490722e-04
1.286089074203142083e-04
1.770686016763824968e-04
1.333357310814622108e-04
5.085968087715566103e-04
2.222327349671113640e-04
7.606675528198876589e-04
1.138115721222292834e-04
7.971566292396191702e-03
5.725855929355654951e-05
3.068444510834760918e-04
4.143894252230952667e-04
2.548092235089978691e-04
3.994653396900716964e-04
2.218528292383507589e-04
2.200336941696066288e-04
1.100703335325015336e-03
1.256047199792810270e-04
2.171447603132673539e-03
7.672969005595843637e-05
8.702648817964109696e-05
5.517397850115242743e-05
1.019468776484945858e-04
1.224509063592756043e-04
4.551229306355107358e-04
7.738306062802495380e-05
1.499944443648098960e-04
1.415875825729883157e-03
1.110254345855122182e-04
1.140877006002436931e-04
7.399536126309671233e-04
1.874356084696076361e-04
3.750007881434251514e-04
6.977515979970645536e-05
3.721884040318290112e-04
1.630208234115069956e-04
8.118147002647438729e-05
7.930240384854261382e-05
2.113737162475161824e-04
1.547602934486361735e-02
5.135920916323823035e-05
3.029713470678905098e-04
2.668448866096950799e-04
2.257416529707030129e-04
2.612499246917926107e-04
1.679340831575129481e-04
1.336447730070957891e-04
3.559329027522263079e-03
6.708557744610958804e-04
5.368553219763791406e-02
3.567114346198813784e-04
1.820143235287105315e-03
1.890519114766487990e-03
3.831033485362598926e-04
3.246979189272917749e-03
9.941548486395877977e-05
3.100903643821987382e-04
1.472692547796942451e-05
6.877736659841392046e-05
6.051946530945689375e-05
8.828880502572868788e-05
4.371563549621712287e-05
1.336447730070957891e-04
1.336447730070957891e-04
4.176216548425095007e-04
4.106925945396012437e-04
1.984816833127846095e-04
7.285396043979263997e-05
7.493783026846364835e-06
2.228416642408665100e-04
3.064388453282170752e-05
4.563799009746757819e-05
1.785853389918422047e-04
6.576754595149382065e-05
3.226745692533771370e-04
1.667093245106139837e-04
1.078227307115911819e-04
2.014809020658491303e-04
1.336447730070957891e-04
1.943567033940299187e-04
4.902832425367682247e-04
1.834992478325708169e-04
7.826741665095719941e-04
3.855942942771099584e-05
3.173139691395672382e-05
1.969623154507417159e-04
5.842055157225606933e-05
1.718369589047796353e-04
5.482965702744460975e-05
3.755677468836953977e-04
1.379811755216480708e-04
2.636285830276968853e-04
3.953782415923703442e-04
2.263111834362829637e-04
9.079227431217564304e-04
2.682094208532299711e-04
2.034144656438334223e-05
1.326376133233316944e-04
1.847649743978092493e-03
7.717937442172143861e-05
1.709528793197841808e-04
9.686396487529866145e-05
2.638461853255455805e-04
7.212558008407862287e-05
1.195535661983359498e-04
8.059321211914674326e-05
1.336447730070957891e-04
4.015109341562704006e-04
2.485730064751312291e-04
4.379225099735251461e-04
2.417307192193063759e-04
5.266268003737134898e-03
3.936344833409712431e-05
5.030583533502441183e-05
1.158063575113539313e-04
8.321437416248145431e-05
6.496218584048247266e-04
1.533394174158951193e-04
1.559157347150379007e-04
1.062206138482756188e-04
1.626047342093048806e-03
7.144165714479569322e-04
1.073495996599322565e-04
1.679612671721500720e-04
4.708385733996250933e-02
2.517141818250746187e-05
1.121245983360143872e-04
4.927083252701500715e-01
1.614009118368466900e-04
1.471442052102111143e-04
1.808042152805944974e-04
1.427713858563123479e-04
1.694186851217880068e-04
1.372087205393191466e-04
5.165327366603799340e-05
3.543588028877892504e-05
4.177353267046859529e-04
4.071175795445625936e-04
3.520220153730200347e-05
4.413424691644819535e-03
6.040391460911678171e-04
3.949073488494385560e-03
8.111530955665602035e-04
5.568320154426266129e-04
1.428658932439528931e-04
1.655434919775824088e-04
3.028052794973640671e-04
1.770497938572816472e-04
4.755119582067875378e-04
5.882185232070761459e-05
2.471545109359137970e-03
1.180544395499184135e-03
2.429554100047636410e-03
3.099240504020253986e-03
1.594869875724465877e-04
2.600805468458230085e-05
3.340087740387210355e-04
3.527937099020663392e-04
5.742294231525241904e-04
2.096650424427215845e-03
2.724936596780527243e-01
1.027725686447411558e-04
2.938618808872224563e-04
2.490320150307257386e-04
1.305682072019029479e-04
6.120907212296993925e-05
1.485738631912227254e-04
4.203317955166434154e-04
1.918701533921158132e-04
1.836892706107992948e-04
2.215795587880271215e-04
1.828291095827545669e-04
5.979907125078326403e-04
7.620866105382222274e-05
2.192623476459496651e-02
4.055952900048184675e-04
9.681705302859646700e-01
5.041690525587172157e-05
4.370374546083494833e-04
2.969108800015297098e-04
5.298233718136514947e-03
2.210405886220074840e-04
1.760130452172117615e-03
1.066710715732471890e-04
2.399868811885266361e-04
7.791209970050773273e-05
7.110196800512704677e-05
4.396688193132624635e-03
7.572652162023292815e-05
7.493215851033561673e-06
2.973655317945167443e-04
4.713979032156290520e-04
1.441891177897013576e-04
9.847372399395939242e-05
1.372436586480945612e-05
1.968864178988467514e-04
8.005413192977079481e-05
1.604520409156575062e-03
2.254232674552156864e-03
1.496059545381657040e-03
6.443584659299026645e-05
1.608490373399652849e-04
1.073404706032744609e-04
2.139700220289658499e-04
9.144959737404325566e-04
1.200670814868778067e-04
4.943285695850208191e-05
1.848509978872945724e-04
1.091530071522901025e-04
1.757474275686854773e-04
1.078832241630719313e-04
1.215783054824993975e-04
9.389209093654284338e-05
1.794090441047368686e-03
4.857713938970115684e-03
1.000833138040540561e-02
5.476216996841649703e-04
1.408593551918915603e-03
3.688082642004846201e-05
1.336447730070957891e-04
1.451301763493493635e-04
2.180141863369048261e-04
6.289091108880731976e-05
1.763666603211715871e-04
1.485750735360378238e-05
7.775660401771253630e-03
3.061325765932915882e-04
9.274668430054092399e-05
1.527362462939042397e-04
1.336447730070957891e-04
7.108426208057069123e-05
4.321218700265291109e-05
1.874625197835046511e-04
3.675411665539435879e-01
9.440035079239530880e-06
1.009214425892741157e-01
5.022232196242299275e-04
1.256493858172926404e-04
3.114814657543394771e-03
1.926968441069538897e-04
1.346505335836644150e-04
2.071535530218264462e-05
4.339912943382220347e-05
9.687783060903799848e-05
4.898679630517909877e-05
8.468752780139988667e-01
2.773255720976711136e-03
3.997156313992701929e-04
5.269930407454901939e-05
1.128597393073475850e-04
8.449138956914606770e-05
2.017065761797289653e-04
6.105383114991459054e-02
3.368330413331000340e-05
3.779746703743614876e-04
5.033801249780372458e-04
8.324848583613648492e-05
1.910407118197426219e-04
1.708978390870955009e-04
4.613026409118670443e-05
1.838688365618890153e-02
7.619542708720392521e-05
2.105194318560438876e-05
8.020169797444027539e-05
6.783942419874385205e-05
1.798125241554033042e-04
1.976236714451427872e-05
4.372858565001168005e-04
7.071674769407960753e-04
1.252745559273590046e-04
3.669771925610043666e-05
1.505666102034116521e-03
9.078577580428685801e-04
1.305221134176763346e-05
2.747012616607195923e-03
1.612183141260985328e-04
2.636299443683875598e-04
1.009848396935734022e-04
7.419233416678458622e-05
2.087779739046987998e-05
9.690009746357758390e-05
2.713297666151064824e-05
2.298386761342832501e-04
9.505005496823073314e-04
1.103314957522336283e-04
8.777531573904605246e-05
4.897584583330549357e-05
3.550378750514792027e-05
1.499682756249782494e-05
6.843925609734600969e-04
3.271731848995198958e-04
4.822960325845064821e-05
3.949955222591750156e-04
1.569001534786479955e-04
3.481254764655064126e-03
7.489231899370446879e-04
2.494535588816029350e-05
4.057020632078828563e-04
1.060962203113226471e-03
1.457435865390799908e-04
2.638062718231648897e-04
2.021627299423978466e-03
1.836763460218002880e-02
4.219696344068347483e-04
5.473932247015468339e-05
1.907422581677935508e-04
4.005384322345439664e-05
3.571403890798672686e-04
8.097693262867912379e-05
7.277712678448240604e-05
6.639007796109074164e-05
3.160749579823513337e-05
3.244851283801909801e-04
4.449675645909314175e-05
1.104206008502034951e-03
1.286125122254476937e-04
1.365922730252053859e-04
1.156217917446298015e-04
8.418001247896621892e-04
9.895505937397777046e-05
1.818993042269262117e-01
2.670350601510889104e-04
3.770871721627887621e-04
1.621175953995433142e-04
1.136446706042526034e-03
1.333240241323071411e-04
4.125643579897464512e-05
3.336188362403129555e-03
1.608997732748454609e-04
1.370291094140182022e-04
3.788806401831841921e-04
1.550871277927008609e-04
1.295472960227287481e-04
3.547768809112396304e-04
6.874750416915727420e-03
1.336447730070957891e-04
1.336447730070957891e-04
7.757413982617167758e-05
2.063102474531598729e-04
9.866065344909495801e-05
3.638432994865930560e-04
3.094412318665922044e-04
6.104753945552294971e-04
6.520141542803308292e-04
3.498927018288804157e-04
5.440414716994280365e-06
1.151349850351084114e-03
4.480026478073990704e-05
1.163976218652076206e-04
9.183570127820549992e-05
4.249620935722547231e-05
5.936175718629512583e-05
2.581930950089086560e-02
2.192627101305740704e-04
1.520541467409835265e-03
6.840874163030942359e-05
1.116068866682923245e-04
1.336447730070957891e-04
2.554723560076591397e-04
1.543569890136273467e-05
1.336447730070957891e-04
3.173762628859420920e-04
2.547182350268425207e-04
1.023930975350182066e-03
2.905244429275242194e-05
2.153136047414440585e-04
6.610097010982945998e-04
1.395931862031702525e-03
8.413906813867985397e-05
4.256333101276013565e-04
3.129153137160003702e-05
2.509142449713017489e-02
1.370991384559605520e-03
5.650299778283170019e-04
2.307555774606102981e-03
1.339910163592930581e-02
6.193170603050242307e-02
2.113648724726520313e-04
2.342584170829605547e-04
1.162889411709275381e-04
2.737386400375905137e-04
1.450466266231248934e-03
1.282446804139269061e-05
1.671015925571871924e-02
1.775441176525028317e-03
5.944897369152435818e-04
7.665018189392749752e-03
4.347289776682005768e-04
8.515003752411325890e-04
6.388302796384572816e-05
4.446538941888794486e-04
1.086589672177154541e-04
2.247338913625420364e-04
1.331638790873012430e-04
8.736733671161269355e-04
6.738794624609906485e-05
3.385140046548915788e-03
6.069574271395243353e-05
9.509698745258806621e-05
2.112568651121703482e-04
7.392275756906282135e-05
5.603614364016759424e-05
5.822627398561669486e-04
9.062082385309583397e-05
1.364277227473068271e-03
6.019049747138554207e-05
2.419595748355631883e-03
3.210772056372524137e-04
1.336447730070957891e-04
6.245011776579298065e-05
1.673659056631610510e-04
6.770299413714978151e-05
4.090942014122175624e-04
9.972903033871105603e-05
3.467089025321795680e-04
3.553025492347935987e-04
2.389043932393398217e-05
3.617203605092600416e-01
9.058381291988776805e-04
1.231991141160847702e-04
1.700019247655863469e-04
4.313313544447345974e-04
5.152759994280356942e-05
7.718643823289397289e-05
1.608069618925606840e-04
1.106727221366016423e-04
6.972497675623689616e-04
1.125373985838180473e-04
1.747723169443338555e-03
9.455544791442881403e-01
5.631486711354178660e-05
2.596670822110522161e-03
5.952182214706386006e-04
1.448627185288833613e-04
1.297957990282121252e-04
6.386618607024018230e-04
2.069016593114654089e-03
3.225601600643763058e-04
1.181609104739791285e-05
7.787736534677915622e-05
1.047043745934219338e-04
2.059182249394592764e-03
2.943764546932581445e-03
1.050468540812122718e-04
4.156864899017810523e-05
1.814974234683778772e-04
4.642446517719016905e-04
1.902147382519099811e-04
2.213110448143626929e-04
7.647487247873530904e-05
4.704415631440795633e-05
8.177774688985007569e-04
1.336447730070957891e-04
1.579186376127008230e-03
3.279261931667497033e-05
1.560070269601815363e-04
3.705541696755141994e-03
7.029848487358513788e-03
1.108011914779966252e-02
4.277816279140340266e-02
5.578186520318990184e-05
8.921873390259979638e-05
9.191014146065291934e-02
1.098726852294319874e-04
9.409831622430258171e-05
3.629084223394847195e-03
5.088730580787769408e-05
1.041381188297229232e-03
1.230746642420065505e-03
2.187085554544461853e-04
1.377667478218073493e-04
1.427268132815737883e-04
3.898211151146114401e-05
3.220086648208609985e-04
2.291310695288780220e-05
3.602368306221275548e-04
2.978550473040547978e-04
2.239619945476596468e-04
6.278237279649203414e-04
1.639055616854514158e-05
3.060426762542806773e-04
5.646754920295429331e-05
9.668165804260680563e-05
1.157592440568813458e-03
8.842109219594701595e-05
1.757649179499961190e-04
5.826100343366295755e-04
6.400217570163696783e-04
8.374857705992179088e-03
1.122075106463135338e-03
2.483119390109365813e-04
2.019197350219693442e-03
4.002623364391819961e-03
5.235506943387642324e-03
3.558653302656279108e-03
7.818527042159306131e-05
5.953373378451071781e-04
2.478193270584365198e-04
2.055242613458192053e-04
1.877733621142163882e-03
3.256302443867751997e-03
4.138758552178363991e-04
3.795796597124876520e-02
1.450819478704006612e-04
9.217195633064341476e-05
9.662044351302069524e-04
2.424974895026613467e-02
1.039845525317430820e-04
2.399424972761185178e-04
2.201471923137889898e-04
1.755385740884881317e-04
1.570787558208882467e-04
2.063213309639547340e-04
1.497592749115747200e-04
1.621155566123531346e-04
2.875068745791653090e-04
9.212872827611757651e-05
2.659768688761326256e-04
1.900817226117901325e-04
1.098827513000641832e-04
3.540835236595355926e-04
3.812039615665403563e-04
8.314302913538029272e-04
5.940025655901987056e-03
1.665072488032417997e-04
1.413734378512659083e-04
6.925286960622331416e-05
6.677635268399515845e-04
2.558046993554067487e-04
7.827699545204144229e-05
7.809817430461521231e-05
6.232887091568206411e-05
1.560295267550579411e-04
4.160376168605521823e-04
1.292258835064148215e-04
8.796783102413972995e-04
1.336447730070957891e-04
3.807946897918673972e-04
5.660021639937359286e-05
2.345552492632840109e-04
7.224153554420052704e-05
2.341576514380311780e-04
3.613113030367734197e-04
1.247437613242286436e-04
2.788369144602492484e-04
1.713423733290935308e-05
4.046807400470798724e-05
1.033893553314415935e-04
9.499200246639149386e-04
3.967939455217981554e-03
6.816953681979067727e-05
9.213611404978617613e-05
1.675401489550099867e-03
3.807042655647684647e-04
5.336808792811189271e-03
9.264920421915244769e-04
3.983876065226465524e-04
1.947470190844347027e-01
6.370086888466342716e-05
1.891833907426086194e-04
9.071135340723889343e-04
2.665590769020536460e-02
5.314321469170536771e-02
1.665184367481510885e-01
1.685755712248081196e-03
9.007589136670624561e-04
1.336447730070957891e-04
1.336447730070957891e-04
1.269411103471415430e-04
2.469463619459094455e-04
1.918347166601406216e-04
2.074662223305845344e-04
8.431688075903537641e-05
1.276307916797276838e-04
6.708009044612123477e-04
1.455851523821238152e-04
1.376611315544228953e-04
1.336447730070957891e-04
9.726800998671884032e-05
6.076846534474618079e-05
4.331750633256532460e-05
6.788139553388483800e-03
1.336447730070957891e-04
4.244876200825970078e-04
7.591774997702428621e-04
1.555200818172395628e-04
4.243234711694012748e-06
8.556588306892191247e-05
7.628387939480358725e-05
2.648394645827041653e-05
1.589241165436061848e-04
2.691674433322202928e-05
9.364478451907428674e-06
1.486674943725681697e-04
7.468809219109769255e-05
1.392477486863744019e-04
1.274680422777591665e-02
2.302756440436734000e-04
9.838067845850540362e-05
1.856268383146596754e-04
7.746667726257880915e-01
1.776549034027197771e-01
3.047292468417529864e-04
7.685462033718215395e-03
