3.247999838850604397e-08
2.637626250794835803e-07
9.218187479004980034e-01
4.362111679908474267e-08
1.704879985603477149e-08
3.165030098852743535e-06
2.210065626926346926e-04
4.659896718218419810e-03
2.004620816979228606e-04
3.474619520703777485e-04
3.454464676554139181e-05
1.681351130336164587e-04
1.615732246748308567e-04
6.292601274351595775e-01
3.043436564629223209e-03
4.953758176759885768e-06
8.464962425225356312e-05
8.224575210147042551e-08
3.725711245899418062e-08
1.513492973647175967e-07
1.367641073909563260e-07
2.158428747729996863e-06
4.819940053284167648e-04
3.572498446929119514e-06
7.612865137758998746e-08
2.281097148848498819e-08
9.771215459271193269e-07
2.773167665252348264e-07
2.428923636128703378e-02
2.739846896835799843e-03
4.145770248581880974e-06
1.846357838843763999e-06
4.421163063852147404e-07
1.931566850552291832e-05
6.184813233723638345e-07
7.039912662438076666e-07
8.421621716173319643e-07
3.543266083447373946e-08
1.052489475666294114e-07
5.394146917874219520e-07
2.707262004727470992e-06
2.235669347645599481e-07
3.146724120862018673e-07
2.997343443550235958e-08
3.254290441873370753e-04
7.802397410509581547e-06
7.228470909990691902e-08
3.623066031606558817e-06
4.431735860103143223e-08
1.317204807714448107e-08
2.407273934888697756e-08
3.631138923054895470e-06
4.849065536704273805e-07
3.312477348248738677e-07
5.062310231700891848e-08
7.952030843409242933e-07
3.835437234820113622e-07
1.055301635490192136e-06
1.768497459183042848e-07
3.624608708732794250e-08
1.242021087217044013e-07
2.252567668910063333e-07
1.476554535787326134e-06
4.154011343470473141e-06
1.234524383345948787e-08
4.344041443741344755e-07
6.172846881130583758e-08
4.760046303672654374e-06
2.301377923957671704e-08
5.402577500898397833e-04
4.639985033846358565e-07
3.571363218706801242e-07
4.245931639078881928e-07
8.397565762510554741e-08
4.240759592177437838e-08
3.075166405598749653e-08
1.174965234027713398e-07
9.003239251666358934e-08
5.134723399808955440e-06
9.363071603289711052e-09
1.132946312962237878e-08
7.857169549683476786e-09
3.351488371630173504e-08
1.038607764563855916e-05
4.136759756338216285e-04
1.820256245750239015e-05
1.420276318788923589e-08
1.701698676180364932e-07
2.072984427050536188e-05
5.871452399839621359e-04
2.358024165909560928e-06
3.598223325398089928e-08
4.638617522611209398e-09
2.827778870839717756e-08
8.285847157266308430e-07
2.198014866544576906e-08
1.413948487232386132e-07
1.664008787925463834e-06
3.184123693368054672e-07
1.078409001561300209e-06
1.431071430034642021e-06
3.115369685323329521e-07
2.267955835035820156e-08
9.244892339535337074e-09
9.244892339535337074e-09
1.837983171982579090e-07
9.244892339535337074e-09
3.433789123156923746e-07
1.930477248001904112e-07
4.444524081707243683e-06
5.088616033373224637e-06
6.528367768564685534e-06
7.335737330396036995e-08
3.866041650944053707e-07
3.022785991773953585e-07
4.800188005291249064e-08
5.430641596664411745e-08
1.911622255450183177e-07
3.392388587065044148e-02
3.575544783193762392e-04
7.806189203745887052e-09
9.312576394046739618e-07
7.185587519299938612e-07
5.549734822835348863e-06
1.553412644435595528e-06
1.469016064508271091e-06
9.808548604109668590e-09
1.181599654186021414e-06
2.120466669900378892e-07
9.132245252371402382e-07
2.355860434314906269e-07
2.630061903777757618e-08
4.698563011878348256e-07
8.190310254214070523e-07
1.981126734528147877e-07
5.725327651295494576e-08
9.012424803712599657e-09
3.893063434440478961e-08
3.587563899512896218e-08
4.397670999635859628e-08
2.941968525945667923e-05
1.386095280067749469e-08
5.818418801603267978e-08
4.066410323890486762e-05
1.104774141307907149e-08
1.087157335793293024e-08
7.730833591451106339e-09
7.892128031344604661e-09
4.717075232043417168e-08
1.056026191739742712e-08
2.413805273537767710e-07
6.892839482628364576e-07
1.713009353115381970e-04
2.329454611765586250e-05
2.139093100968513931e-06
2.628842539651972707e-08
2.451930196317881906e-08
9.224104550361583627e-09
5.652842902569739234e-06
2.896592004742107313e-07
1.295110532582342118e-06
6.187350785471329712e-07
5.184083645188902023e-07
3.909941602174559480e-07
1.369828688257776653e-08
2.048738930745375107e-08
4.951202499909143105e-07
4.168152034747561558e-07
3.615748260953310618e-05
4.117058833999696233e-06
1.299287015408296358e-07
9.581047812506756041e-09
1.056490067868405108e-06
1.522968814197756277e-08
5.495596062929839376e-07
7.007209259838586582e-06
8.038668350780221285e-08
2.150567820973389497e-08
7.707780731489516653e-07
1.737700958597652243e-06
1.787297215723370722e-07
2.522305851195032866e-08
6.504431097441551526e-08
1.191970719777290247e-05
4.542730808768983825e-07
1.035990908032861000e-07
2.620221925856100688e-07
6.382900787759102361e-07
8.572798696461407471e-06
4.197259476301956919e-04
3.839335678803950799e-07
2.160431246948289166e-04
1.375010732103298352e-06
7.499169634430495323e-08
2.535179489135105587e-08
4.451303489269187500e-08
1.518514711456731957e-04
1.483475241062671883e-08
9.244892339535337074e-09
3.184272805236827053e-08
3.216389165228318169e-04
1.703429779150964664e-07
3.591325606580599747e-06
7.790219908690271901e-06
5.441606669450131169e-07
3.189583811719414407e-04
1.378134940512651543e-06
1.226790980565931667e-06
4.277748215363504848e-06
6.841209433705046456e-08
1.660360630382344884e-06
3.550536159518149236e-07
1.684215178055352340e-07
2.300206683569700186e-06
5.507179428401469894e-08
2.775026291489020709e-05
2.041876020661540917e-06
5.550512656086508305e-08
4.492740172401558226e-07
6.165046962241557011e-06
6.031353849275228062e-07
2.213002892081078138e-06
3.263568235679105592e-08
9.244892339535337074e-09
3.316763353351740168e-08
6.844942262564731994e-07
3.216929513175385055e-08
1.172695406133483357e-08
8.075690406801846185e-09
2.983142153452013576e-05
1.062708756603665749e-07
1.442165494835623270e-07
5.343275062325683011e-07
8.527839904853765719e-09
1.079053234747518581e-04
3.448522832684693916e-06
7.034996939657223449e-08
1.287776723458038458e-08
2.762839901487588290e-08
3.977229563290983262e-08
2.147912559200361554e-08
6.348215566558335459e-08
2.266974254867927082e-07
4.599703982828808901e-08
3.169037180780663411e-07
1.759759753132124574e-08
6.744510487738972719e-06
2.296036459989066877e-08
7.556003662516579030e-07
9.244892339535337074e-09
1.287411375728442482e-07
1.428471659630951734e-07
2.078469988425338930e-06
3.609854151923950200e-08
1.240200943496397538e-08
6.839465517898771912e-07
4.385110161004769608e-08
5.456905306209686167e-07
1.414013177305055717e-06
7.477995911026862389e-08
1.786789249553745939e-05
1.117445973078174703e-07
2.264357050360753156e-03
2.037729624009286746e-07
1.139715744841981286e-08
9.767496157613277592e-08
9.643559503784811615e-09
4.936479983918701782e-08
7.923648089554011315e-07
4.616781709054745888e-07
5.895952311973844027e-07
7.022186936581368388e-08
1.063255944406761716e-08
7.477265175300570230e-07
4.040939212760293227e-03
2.936894733484738543e-05
1.731047274930835042e-07
9.244892339535337074e-09
2.487603053535601033e-06
1.268665715227050369e-07
1.968312432082138083e-04
9.330033193944154979e-09
4.901524420083537281e-01
1.121705506691446343e-07
9.744792546002157527e-06
9.189353417948402164e-05
8.755118635200530839e-05
1.503828069444943466e-07
6.265998873617127640e-05
1.942255494176239964e-07
2.160866932101986881e-01
5.735271797807629012e-06
8.804904858757687039e-05
9.244892339535337074e-09
9.067167464118877541e-08
9.379414930271652876e-05
3.703996119790473200e-07
8.093471652673645907e-07
3.289929733610657614e-07
3.364593232984049982e-08
8.240612607484853753e-07
2.246472246423103167e-08
2.587381620174684536e-04
4.223211419672516408e-07
2.008396763335356777e-06
6.630450077082975710e-08
6.760245966389389853e-08
8.252089132471421282e-08
3.999223154970446812e-07
3.222714582125391828e-07
9.330033193944154979e-09
1.272674542275064088e-06
2.783730351097954499e-07
1.853172210755081949e-07
3.222417470089149780e-04
7.861349871517107069e-01
3.866727367115822692e-04
2.097756219310207243e-07
4.016464000999837968e-06
9.192591233986838854e-06
6.183397138236046940e-05
5.251103929551644662e-04
7.363137570983378287e-08
8.729637147156603036e-03
3.561224858535512926e-07
1.516624105453742102e-07
9.828938631028063533e-01
3.362267757520719924e-08
4.141678148669524426e-08
1.667649868698023181e-08
8.992859440495829318e-07
3.128416841595321523e-07
2.192079524737922814e-06
1.005738033211638760e-04
1.101452675612916768e-07
1.173876548274167062e-05
1.099418508151720139e-06
4.826780996834254542e-08
3.267034610019716697e-07
8.377388832428866943e-06
4.102599349347156219e-07
1.274019862880876242e-05
1.098606706788335776e-05
4.938807024491403269e-02
6.850655506940792366e-06
2.046568345118541129e-08
1.676852548768426876e-08
3.702260029896757023e-06
3.380913887047989246e-04
5.921220616167685825e-06
4.823242427284496872e-07
5.527111445896044920e-07
2.666519245019035099e-07
3.751827870454658171e-07
4.504846286065329245e-07
1.959810474609324053e-07
4.781987279072058696e-05
1.979084600385459040e-07
1.466816291781572342e-08
9.854581006572996592e-07
9.244892339535337074e-09
8.104156158296409700e-06
1.802055479565513066e-07
1.258989265158923558e-07
1.886225570008842889e-01
2.963450103386029369e-07
7.690148428731935766e-06
4.930083308284906772e-07
6.000125618463838122e-07
9.999856514405919272e-01
6.939823137459890387e-04
8.023630204602288297e-07
1.273958860335259030e-07
1.772629277400679760e-07
3.779346501518910578e-06
2.501364265082781019e-07
7.352083828019629701e-08
9.244892339535337074e-09
2.427999116019034787e-01
5.562984082110028478e-05
9.119840211448153043e-06
1.884320661060504346e-02
9.385597534757905735e-05
9.244892339535337074e-09
5.227525514567217219e-08
6.958347924442376226e-07
1.186663045569640160e-07
1.337180662370686002e-06
3.014005549713496272e-07
1.449060068980452298e-06
3.360716192115993662e-08
2.321451515844285632e-05
2.742456904375420090e-07
3.310779065263097831e-08
5.465229005651170204e-07
1.685541351902848681e-07
3.734494618017713313e-06
1.243017813451174734e-05
6.824953530009756574e-08
1.789081529566766756e-07
3.424034401234492091e-08
1.336932738376293579e-03
3.013566720802219523e-07
4.910698944472672529e-08
2.503626378343610002e-08
2.023794556302414468e-08
3.488522822918584466e-08
1.178257669431477397e-06
9.616857473272286352e-07
3.716404442291047640e-07
2.189391988063367958e-05
1.831309179495910254e-07
6.921868622709253377e-03
4.374775564008472062e-02
1.946145419904240704e-06
3.862680763966077053e-07
1.393171031866789039e-08
2.434183961590816146e-06
1.180922792887969844e-07
3.135059226169812415e-04
5.074454335601249922e-08
1.032457581409695811e-05
1.390385860775747093e-06
1.701942464345866459e-08
8.206150011337571136e-07
1.015534604621857352e-07
2.645139099187350247e-05
7.504713566642973728e-09
1.219494191691176058e-07
2.233849376983428725e-07
4.075901406218743089e-08
4.880951513340695389e-08
7.746034762608556255e-08
5.798717349435537352e-07
3.234306689200078329e-08
1.336262765142115982e-06
3.702724860078246104e-08
3.168985334044752368e-07
1.719459916328406194e-06
1.082885248703078558e-07
6.449138962925315200e-06
9.991223582632429042e-07
1.577730445420147565e-06
5.586443801250137894e-07
5.607289234854502553e-08
1.173850281958981116e-07
1.854328147812773757e-05
2.024938388448874194e-01
1.008719674814779199e-01
2.322266755409215973e-08
1.945872957485918158e-07
5.948025419531637308e-05
2.324412227010312637e-02
7.497350406303186776e-02
9.244892339535337074e-09
1.488391882194452507e-06
1.012898560520309968e-08
1.203492733824626081e-03
2.363359444555362528e-08
1.111543250621509627e-06
1.083720289415736908e-07
1.405212272517993209e-06
5.999624117463741901e-08
4.473264015013253870e-08
1.813552566477555117e-05
1.147840803543653818e-07
4.217960784574559644e-07
5.402604952147701444e-08
3.480917653022914862e-07
3.117190661234554770e-08
5.796914456171812517e-08
1.708327278272389197e-08
2.181673511670959697e-08
1.668504793062643289e-06
2.231564815595466176e-06
2.208135262392911311e-07
1.368305287195224645e-05
2.989897667426240174e-06
7.322209146602953837e-08
7.397825927794295835e-08
1.820053209824364776e-02
2.286609778779980973e-08
9.330033193944154979e-09
6.244100773854352808e-07
6.351795819973940169e-07
1.235763877773025764e-08
1.980889031176670404e-05
6.057678123626675405e-07
1.704521107007892823e-06
9.104356255691469046e-08
1.795095953297861741e-08
1.101544305729835961e-07
6.889547439243016713e-01
8.963575454826632515e-07
3.657902729140977839e-06
2.576220390196202656e-04
1.261495206378000669e-07
1.780517784739797524e-08
1.212402745908386226e-06
5.144085184393885832e-07
1.788655314293450778e-06
3.908519333831453547e-08
7.764140445826104274e-05
1.860944751905463195e-04
4.378404857735975039e-04
9.729904055790582052e-09
4.098301475222038869e-08
3.747633949828750939e-08
7.381706799257547330e-03
4.998486050244284546e-04
2.355592176311677146e-06
1.923737763679889978e-07
1.260733288940540643e-08
2.179903948486204541e-06
1.419823378440440711e-07
7.441781202750259270e-07
4.520120866444220100e-07
4.007578140775313820e-08
1.910590209821994575e-07
9.241414532702245299e-06
7.898971628153784853e-06
4.776600278577769346e-04
2.178439855497276057e-08
2.034284463210038712e-08
9.244892339535337074e-09
1.581720650692265058e-05
9.244892339535337074e-09
9.244892339535337074e-09
1.755419848284331818e-07
1.003050408509639895e-06
2.368274992151580722e-08
2.753428113263980138e-07
2.298461454626920937e-08
7.715755285222293442e-09
8.062232748734253759e-07
1.003607779654592371e-07
7.136025936782383062e-08
9.244892339535337074e-09
3.033846779539798891e-06
1.010623777572554647e-04
1.474893637046589729e-06
7.974332044879415673e-06
1.023087910737192865e-06
9.330033193944154979e-09
1.002299915168550080e-05
3.586221928824319329e-06
9.244892339535337074e-09
1.381395670613728294e-06
3.025208073301214571e-08
7.549143852172484658e-08
9.345581018297730021e-08
2.820421422820966907e-08
9.244892339535337074e-09
5.308104791921118348e-05
3.883659410764851846e-04
2.407910858326249624e-07
2.414183439660514033e-06
5.365849518940616106e-08
6.373635281988717153e-05
8.096209937889960184e-07
1.106210619242122435e-06
1.106020056947252691e-05
5.340096879235716168e-08
2.669534619474815253e-07
2.446751757883306111e-07
1.193287285752411927e-08
3.872575174806184374e-05
1.169039550613166484e-05
5.853089478114003086e-06
1.381618281335073493e-07
2.805839602000334554e-02
1.303934364054912865e-05
2.234720744103235199e-08
9.149151481615117309e-07
6.697586307124559191e-06
1.262349873347972885e-05
1.906156604579595869e-05
9.244892339535337074e-09
1.095291320609110690e-06
2.461555046292590012e-07
9.369878827395877389e-08
1.181628756214215732e-08
9.244892339535337074e-09
1.447932882285945189e-06
2.692414327479427986e-07
9.244892339535337074e-09
7.852197197495794671e-04
3.480227327114241366e-08
3.845051261288247593e-07
4.881122755029952710e-08
2.590674944599143022e-06
1.584464923986537532e-07
3.895015682656794780e-08
1.299052196161640039e-07
1.651731500941623310e-07
2.100989987047795562e-02
7.073159049200503784e-04
2.865056579234307245e-07
3.005188798932734748e-06
1.810746306962699457e-06
5.707953614204682867e-06
1.574606674855350077e-08
3.199638754675220794e-06
4.446507697886014761e-07
3.623952329226382393e-08
2.811080981060012716e-06
1.061281896504814469e-04
2.767989877892219643e-07
6.488002114168837609e-06
1.296677281576655211e-08
2.127588855714539551e-05
5.203847570936924634e-03
1.228497856993576027e-06
2.702255463178932469e-03
4.913959368269039691e-04
1.044677445893310782e-07
2.080526084596616542e-06
1.160787917314200699e-07
3.194984350543547491e-06
1.343515522520753114e-07
1.209048357405629427e-06
7.783204649106273521e-06
3.603046528688700697e-08
2.989014548433379238e-04
7.132786851749672412e-08
6.732234208843618025e-07
4.071817926709383041e-06
7.741436315261633259e-07
3.570341088942317800e-03
4.667751125722004071e-07
1.620111647013929310e-07
1.168841798212413536e-07
5.272135169688307957e-07
1.311681344377895234e-06
8.841476016496571898e-08
1.010818670822107535e-07
4.407664000552777005e-07
6.525246083416701240e-07
6.218233570068771918e-06
7.307770316122005135e-08
4.518665218829860168e-08
2.396978221855064268e-06
4.308900425076490997e-06
7.994413020774943316e-07
6.529169007037991132e-06
6.775502560806687224e-08
2.579214969374104593e-07
8.316551071029698869e-07
1.130868320918236607e-04
2.348180186054474952e-07
1.439532275130300369e-06
2.873470402957150325e-04
7.143924100167994670e-06
1.203632649988265487e-06
1.766828331276819691e-08
6.441190879764952861e-08
1.563743279231885363e-06
9.059510595671048296e-05
6.087914456579207332e-08
8.659876352662167209e-04
8.688806238917208891e-07
1.780169776637917454e-04
8.642923906329287531e-08
3.269322371794836877e-05
5.096236118433046817e-07
3.129395415886738273e-08
7.094053981375900001e-08
2.133840483327203011e-07
1.252276077616495300e-07
5.912202275103415743e-05
3.279646214333905110e-04
1.419489820597636004e-06
2.624095902577381765e-07
2.615018093066631732e-08
8.415524860890064035e-06
1.537350720389144899e-08
5.641415242437537324e-07
8.553063349415509890e-05
3.374676821277829079e-06
6.883305789931561916e-07
8.379672328256850640e-04
1.635491651859428371e-07
5.543137278504722968e-08
3.609538057428045221e-08
5.032468734215674730e-09
7.220003223342528957e-07
6.670704992387378647e-08
3.851919314322950043e-08
1.801519930722664047e-04
9.244892339535337074e-09
7.208388499134719138e-09
3.656856057482417273e-06
4.289905156823162145e-08
4.262752144320363339e-07
2.988431861985146229e-07
2.715395419124424272e-05
1.238132487290429445e-06
2.783171424239370563e-05
1.611788117277948946e-07
1.509360995323249869e-07
1.452417529858466424e-05
4.665576868865302819e-06
5.950256130452896569e-07
1.417289156821032864e-06
1.312157868999482533e-07
2.010631430589569816e-06
9.852167395129376954e-07
3.043734877127875573e-08
5.685853816033555958e-05
2.024324719682155701e-04
1.972213418213779801e-05
1.131491822327654593e-08
1.093529457056038020e-08
4.956992609799359571e-04
1.924407669696720624e-07
4.271259662502483768e-03
3.865691612429462393e-06
9.330033193944154979e-09
1.251688586669101090e-05
4.108617394661593346e-05
3.806656883936321540e-06
4.468429734978728715e-06
9.175716070136091290e-08
1.145795926437478059e-07
8.167736251906486885e-07
4.288648656349470369e-08
3.933499156493654686e-08
1.545208936240801407e-05
1.925767672837089513e-06
2.601766946057517636e-08
1.297632806308889677e-08
3.442891521338250483e-06
1.354352999414039757e-08
2.217816644706300533e-06
3.706916332869231125e-06
1.707327269062764793e-06
1.487889074504758680e-07
3.939797526336227866e-05
9.330033193944154979e-09
3.086649292398963587e-05
1.970860541613775278e-05
1.582915197486853536e-05
4.176387186368252385e-07
7.613334319872474003e-08
3.324420478767425005e-08
6.967544170660176128e-07
1.649882026161806684e-08
6.778762953139091258e-08
4.285291871233459192e-08
4.256012009482993473e-08
3.804501268865645862e-08
4.058812305265008508e-07
9.149486063446307562e-07
7.063745097164217270e-07
1.105579375194893057e-06
7.964160816006892488e-08
5.875180383057110909e-08
5.820954864050264209e-07
4.623017345185332885e-08
3.110435966135891113e-07
1.925479221332341358e-05
7.158742146196467182e-08
7.866194772599509181e-05
9.244892339535337074e-09
9.244892339535337074e-09
9.330033193944154979e-09
1.195623906201434748e-06
2.241285451500606070e-08
7.686699938965195118e-07
1.753682976568523829e-08
2.695251960855231022e-06
1.131742489943077137e-05
2.008350474921513222e-05
1.657151521872597916e-04
2.467557402482880937e-06
5.177140139292813609e-02
7.413801025463306561e-06
1.036756304129775666e-02
4.122885764545480458e-08
1.452906796333913069e-06
9.244892339535337074e-09
1.835792960998944276e-07
9.213715239721612238e-08
3.035813878988161722e-06
4.275071506118660949e-03
1.671970379503631265e-03
3.771757409473044149e-08
3.164341531609976291e-06
4.950108365105646189e-06
9.974758574423975201e-06
9.622382161688582299e-04
9.379975973910623468e-09
1.683182216972233516e-08
2.222957138523438716e-06
2.093171151904623341e-07
1.259526306363598101e-06
5.752153487847687027e-03
2.621826860459150472e-07
1.328798485614930459e-06
3.331628007956873380e-07
7.530123960390260905e-07
2.439379323315635342e-06
1.912276616907881427e-08
6.788151365515816590e-08
9.330033193944154979e-09
1.116419487388573684e-08
1.146414274558262322e-08
9.244892339535337074e-09
8.121939490870539640e-04
2.125335214455288945e-06
5.583687982623408313e-08
5.954457591825854920e-05
5.298476509058958560e-07
1.088045580738616720e-08
1.954372744560347762e-07
7.134662722510655667e-08
1.375419070335128511e-06
2.716050198543335692e-08
1.529247848609594406e-06
3.748616798257540094e-07
9.244892339535337074e-09
2.928798262513158833e-08
5.068809889222822621e-03
6.654399827993568806e-05
2.365613298654116552e-06
1.877188521096555891e-04
4.689089259737444894e-04
1.442231421964019358e-08
6.815557066715664036e-09
4.167160219137915544e-04
5.439044586733264661e-07
4.320731102564508012e-07
3.276148088342081314e-08
1.688039998943828603e-07
9.244892339535337074e-09
8.892414092387199206e-08
4.163801512738466439e-06
2.307931533948914587e-04
3.061076619016704127e-06
2.201041317288936525e-06
1.598563096469891160e-04
1.586303342651152829e-07
8.426421827828856674e-07
2.275482992777437113e-07
4.067690919268724401e-07
1.859141099811883330e-07
2.419486699927915711e-06
3.571498380002341383e-07
2.534319998969624943e-08
4.747624983672267784e-06
1.625149636775841320e-05
1.271858626485727504e-03
6.967244159569734917e-08
5.983389727613163095e-08
6.522031559605229612e-08
3.500737260912428674e-03
2.017997673259689787e-07
2.027078348343979504e-05
3.607681944177903782e-05
3.160401868668175088e-08
9.729687572619844326e-07
2.610147527476501070e-07
1.282145114749796040e-06
1.911950678722974691e-07
1.300429729102910669e-04
4.619356684647139605e-07
9.111956097143127019e-06
8.926605793256123115e-04
7.528041699405089621e-07
2.451250919374318757e-08
1.157364122882471541e-06
2.081862053413410012e-07
6.397245973442663796e-06
4.496073973696500328e-06
6.231376736012578925e-06
5.426836057869965628e-06
3.300152398757880702e-06
4.721580004397003203e-06
5.250901257433500066e-05
5.455069747897025419e-08
6.793118109901293309e-08
4.436053489936037394e-07
1.495219760296092855e-06
9.700818485164029172e-06
2.570736351083191183e-08
1.014499086249035156e-07
2.903418115910071963e-03
1.853450929095767555e-06
5.628803899639456128e-08
1.541894143839360978e-08
1.954002942153405348e-08
1.068657804399455725e-06
1.251036947493775475e-07
6.940562308920281498e-08
1.858880745493692580e-08
1.858080912054041643e-05
6.997974144595916027e-07
6.999497883526993737e-07
1.437959111590843013e-06
1.917800890904282688e-04
1.574177064911756345e-05
3.903919675328641497e-06
9.244892339535337074e-09
3.751259598103962878e-06
9.330033193944154979e-09
7.002424500639907144e-07
1.963644191249119039e-03
9.320758237662594148e-01
9.884536724179663336e-01
7.830415690555893038e-01
1.812042842736439566e-07
9.501410157786359228e-07
3.144908980958264458e-04
2.024007645093797646e-08
1.786869422472417095e-07
1.243998427067710259e-07
6.427942660729189131e-08
5.398116836839349449e-08
2.938511957031665994e-08
3.457034906837371996e-06
5.936929428478732316e-06
1.069292525213839021e-05
1.194335319802915882e-05
2.653898886599660783e-07
2.372561825348244407e-05
1.354237202735459611e-01
4.622622979402276312e-06
3.758910022427528479e-08
7.174193361428672168e-06
1.067622589197994297e-08
2.261583462177715987e-08
1.266552121915997986e-08
3.925009626783770096e-05
1.168354045207854958e-03
1.062951162673150747e-06
1.500941774733856055e-03
1.158710724842921830e-06
4.635782424426083859e-07
2.826481089142494098e-06
6.766828265914033774e-06
6.764312052586802157e-08
1.592284127994844223e-07
7.048690807111253289e-07
2.574412560972826979e-07
8.943557618153751948e-07
9.657356802622576430e-08
1.787117412276394024e-08
5.945157030745319999e-06
5.030838321052802549e-03
3.277284414284142760e-08
4.949766833306079714e-08
9.440917775839049978e-06
1.597648415217283893e-07
4.383889522887955725e-07
1.302374437400467526e-07
6.783594953665757578e-08
3.579654135706746894e-07
1.364553243078817957e-05
7.029571122981202292e-08
9.412951660240365244e-09
5.563564659453967411e-08
1.043219521875858858e-07
5.533012288626107359e-08
1.958516503217142307e-07
3.926391680972882246e-06
2.175856430070235731e-07
8.569196285415823317e-09
2.608714116912452763e-06
2.487408879080559312e-08
9.112575501211663708e-08
1.413866250481860999e-07
4.579601112472050684e-07
9.302788897940730421e-08
7.116870397797951278e-06
2.337028603046060048e-08
6.777538624687592538e-08
3.211505426556172071e-08
3.652521861832958191e-07
6.917228399487383417e-07
3.938266483275764302e-07
2.665543573849217997e-06
8.172617211003066705e-08
3.292733031122974581e-07
2.383142713424290395e-08
3.409996540864878354e-06
2.057611920965972192e-07
7.989873846577312178e-07
1.728789030285605824e-08
5.673085583938826018e-08
4.088186518265603271e-07
7.402232425950584875e-07
3.346984291895086581e-07
2.714019677046235643e-08
6.622249492514629849e-09
1.613327448804100991e-06
2.060769191122955530e-05
9.244892339535337074e-09
9.690521616063643630e-05
1.976688027977746638e-08
3.215862778371567325e-08
1.266570530665844105e-08
1.709779161829891570e-06
5.627945955183156354e-06
9.427551746214010217e-08
6.427743019378250216e-08
7.462717472975821123e-08
2.409940777742248293e-08
6.117224298327014123e-08
4.612099197434120544e-08
3.830867211515445719e-08
4.940158742841917705e-07
5.125962723390133305e-08
8.226626568918651659e-07
1.972449275397112525e-07
1.735464633080194196e-05
9.761029914773134512e-06
4.616425694117038054e-05
7.259532445809832244e-09
1.870844161878553209e-07
4.675862402276627488e-07
1.876819062941868270e-08
2.864739989059857993e-07
1.278668649283240218e-08
1.472881792670676803e-06
9.373172275548368663e-08
7.197845600274708418e-08
5.348036214841453108e-05
1.247950317147443564e-04
6.991674856831221877e-08
7.749314762555542594e-08
3.081838095685743572e-07
9.758778673511811495e-08
1.662136667303154504e-04
2.038370253545746524e-01
1.958651680969050623e-06
5.654897893005223983e-08
2.788677330277434429e-07
1.147236256664881442e-07
7.251437660624170665e-05
8.537440304961985985e-07
6.686581327755122448e-08
1.548830103332745970e-07
1.636331971695165120e-07
1.077534657720904650e-03
9.722698321136542376e-04
1.379809229403511828e-04
4.790641130041689312e-07
3.862952676649137223e-06
1.517405759258919868e-06
4.806193389370639050e-06
2.032155946057780000e-07
5.408446329305983003e-04
8.152690191683436465e-04
6.740275177261905687e-06
3.256811616523485855e-05
5.549157378122005334e-08
9.585953299015642444e-09
1.706721367673225394e-05
1.151760916548635420e-05
1.145387127280466871e-08
8.233337105002393034e-05
9.786625477621047962e-07
6.429071172055360914e-05
2.986568838852566357e-06
4.920098099102821863e-07
1.233493690318993304e-07
1.747647560302576367e-07
5.424035591372119054e-07
5.771169723813887968e-08
5.914633949868781466e-07
6.730312464684997520e-07
1.789633092990304982e-07
5.719054481007507804e-04
3.030450330154729878e-08
2.172893058127927385e-06
1.184080738124152772e-07
3.001164986330386944e-08
7.733750811197259674e-08
2.998499470021288214e-06
5.098966489272192238e-07
1.258039690199935504e-07
7.499169634430495323e-08
2.811098478698150182e-08
9.554564502275011057e-08
3.839639131422269549e-07
1.133051557095993544e-08
7.576712050115265203e-06
1.389821581594336607e-08
1.100104370545693599e-05
1.073160693831970354e-07
8.893920916923132660e-06
4.084801068247427117e-06
3.820007722834462357e-07
2.965428856576643597e-06
1.092885397507846229e-04
2.948007672064499300e-06
1.434217216487445915e-07
5.993299433799743337e-07
4.623495244796574349e-08
1.842553380228065762e-06
5.727999105935941630e-07
3.134807840386009111e-06
2.627427198577222858e-05
4.862006483014215919e-08
1.082432357141447050e-07
2.120169883620113245e-05
1.154092474694412706e-07
5.863870944827575265e-07
4.684495617691485175e-07
2.090976938084165810e-06
2.909889354262988660e-08
9.328143374710479906e-06
6.699199131838085399e-06
3.011566277559671999e-06
4.960094499392394374e-07
1.877027007372131606e-07
2.020966589490787286e-07
1.054593389771110162e-07
4.219790695667487872e-08
6.990702910640274673e-05
2.141406591493517266e-07
2.168362246172643047e-04
1.606027961926101243e-05
4.498447354626557293e-07
3.893680039336725775e-04
7.318998505061848984e-07
3.518527475198453143e-06
1.990729795390602504e-06
3.866535438986085443e-07
5.792492194636540470e-06
2.248192507262663148e-08
2.176158846939514144e-06
1.155022023237676395e-08
2.224309902778038805e-05
1.558194526667858174e-08
4.068877598534983328e-08
3.370552994333522106e-06
2.007947758590382067e-07
1.167613733860770604e-07
2.285252876459819150e-06
3.533416453240155641e-07
9.244892339535337074e-09
5.322202791055305678e-08
2.510900400176629001e-08
5.266896573039908337e-08
1.208485410994347875e-07
9.829428361639185537e-09
4.333662351418901117e-07
3.621501128187021631e-07
6.740836556281730731e-06
1.361549080438399349e-08
1.638714572079708556e-06
2.563127592274792010e-08
1.581341633701441607e-08
3.563332016260362524e-05
1.473729590731935818e-04
1.690194755914464493e-04
9.244892339535337074e-09
9.244892339535337074e-09
3.417981360489661986e-07
1.929563857599773538e-07
1.381698904991986423e-06
2.332498965017425677e-08
1.856054738054334615e-05
4.230227085044878832e-05
2.949536794836894119e-06
5.228820227549594703e-08
2.615352982402378062e-05
8.918606299455783898e-06
1.015474470493931997e-04
8.383416141090366963e-05
6.963029016070115732e-08
3.079971201958377631e-07
9.244892339535337074e-09
1.369275399396491598e-07
4.141994349180457028e-07
1.581912922694377963e-08
1.019749555221835085e-05
2.022970254466358039e-05
3.249542166088101184e-04
1.512456132180642935e-06
6.340793510793153913e-06
4.993210158627672490e-07
1.032380646062106227e-07
2.328921021592595460e-04
5.943111407862487500e-08
2.463065574187398447e-06
3.753545156321895015e-07
5.800313620345967337e-08
6.175110187853240184e-06
2.706385741976459827e-03
4.910474535676162993e-06
4.528505625447530230e-08
9.115245173992309533e-07
3.379393215695496315e-08
3.159731478505229583e-07
2.495960170655016136e-05
7.411743467729961683e-03
9.338008306489439803e-04
9.276480160114120828e-09
7.004460608085569153e-05
9.244892339535337074e-09
6.277782797965434195e-06
4.611492610604628953e-06
2.194066945538392076e-06
4.622644122490373628e-08
3.089199953411019657e-08
6.331547299540463788e-08
1.904869171440718013e-07
3.007337734899432146e-08
3.175439144960017484e-08
8.641807004227920467e-07
2.467044732646952205e-08
2.382626350438423329e-08
3.740664764429700035e-07
2.370185838036573718e-08
6.982427789890147465e-04
2.771534409331142073e-07
1.013062743269105238e-03
3.562929028806371015e-08
3.260573299099286856e-08
4.742130527154424376e-08
1.205080064470774780e-06
4.591679263014131334e-06
5.789758638062113476e-07
1.979630350072465043e-07
1.442130981502719317e-06
3.572354029242299267e-08
1.415591999729065276e-07
6.676187164336942822e-08
2.300350873849289210e-08
5.480996170993141043e-06
5.994839617219559204e-06
8.552337499544895683e-07
1.928887972898462893e-07
2.459932093251579705e-08
4.923907042262695953e-07
2.851448714714482601e-08
1.188754953086495955e-06
2.462718172099259667e-07
2.154485187982567512e-07
5.364738057874856021e-07
1.170677745829433479e-07
1.334632786308146168e-07
2.096977821455154489e-07
1.749126220044325809e-07
2.634991646317969870e-07
2.637425388246558716e-07
4.876827902780929902e-05
4.698411755284505505e-03
3.371907391849731258e-06
4.865150595348031445e-08
1.126944728622747573e-07
5.243825743138336688e-08
2.477735067666236150e-06
4.781170071118953858e-05
4.091671817986223626e-08
1.761785436897773519e-07
2.229219676245310524e-07
1.394760192153229406e-04
4.733059231464449442e-08
4.116807809156165846e-07
6.064116456201391053e-06
3.413520232923310095e-06
2.079384377237812783e-07
9.358615855606477370e-06
2.992587386550587753e-08
8.874577984247321221e-06
1.442284353437847036e-06
1.037713466575770188e-06
1.163438899117787896e-06
3.567818852942810747e-08
2.165577534195315310e-06
8.780644310465665581e-08
5.859520029420594284e-08
2.221918177761875681e-07
3.578188202536534045e-06
9.807094366704752199e-08
3.069639875900012767e-07
1.397952399590112940e-07
4.605986097886731154e-06
2.269229506055856771e-01
9.650319779639479830e-07
1.123252327241782723e-07
4.832785629819156470e-08
1.776713094434874562e-05
2.310069763667684599e-07
2.363596838569530217e-07
7.959562234301402277e-06
1.240721984770533808e-07
2.637632557576446366e-08
4.836806191725388340e-07
4.025417495091918264e-08
5.131934697759584546e-08
1.000739462135427150e-05
2.795409529140817217e-06
1.671035043202297228e-06
7.193725234292296140e-07
4.460545441349110467e-08
3.474358974241329534e-08
2.585289770223451140e-08
1.906513522235540878e-08
5.116473485292592614e-06
9.100602090607606129e-08
8.176537865246657699e-06
1.832927446672451981e-07
4.028307503582996835e-08
7.534355018923160572e-08
7.765611610963827504e-09
8.446226732492932748e-09
5.197993231918687072e-09
3.221031773218615244e-08
5.039424850463529775e-08
3.083396743633898950e-07
9.244892339535337074e-09
2.524862496751156117e-08
1.180973259611599170e-06
5.198424868380113249e-08
5.357196333976537926e-08
7.813712351252476994e-09
2.519887557264738998e-05
2.319082263581303085e-04
3.676467842613027876e-05
2.385131693247539579e-07
9.244892339535337074e-09
9.600125144610938122e-08
4.028111511078111325e-07
1.866599477314685016e-08
1.572921237262015924e-08
4.693951588105823066e-08
5.670946493281274421e-07
6.454550285699146557e-05
2.682892371780271900e-05
9.030353771162569169e-08
1.453043067092159336e-05
4.116378343812418088e-06
7.085066339270464306e-07
3.731074504990272886e-07
1.360371121421471883e-07
7.581505885894482006e-04
1.266112584292171683e-07
1.077240315167551224e-06
1.644494744847033457e-07
2.086160631936262627e-07
2.550642265267543309e-08
3.345650539400646335e-05
3.733603748472415651e-07
6.183078763637242661e-08
1.224039935231576660e-06
5.898669296098536678e-08
2.606812838871167410e-07
2.567436547138828921e-05
1.754893815880914035e-03
5.038158750068589310e-06
1.432272943241716726e-05
1.017912964269133568e-07
8.894520509324753035e-09
3.927480666968166224e-07
1.384380479206061202e-07
7.897156863795234461e-05
2.077789742816350757e-08
3.486424984991016459e-06
2.834932031356104295e-07
2.073492995950842134e-08
8.349295952765961068e-07
9.382179928570827962e-06
4.800681356849974580e-08
2.208525002278225063e-08
1.354190948310197735e-06
1.571791770856653795e-07
4.309474287222497790e-09
8.918437158145739484e-05
6.753468191495512082e-07
1.703620437846771427e-06
1.783364751798384136e-03
8.458192002278454129e-05
1.174241478161384045e-04
4.608652570075312017e-03
8.959578366611176866e-06
1.088842034081339377e-06
1.272142930185291153e-06
4.581120706406307630e-04
5.154963999119069796e-08
3.676819473917324766e-09
3.500565268310092755e-04
5.076836762959989698e-08
1.923115333807359925e-06
7.944162357431346910e-01
1.866847201551847081e-03
7.890202147926203341e-07
2.071158840327111048e-07
9.800642444572244861e-08
9.393264662286248593e-08
8.968244994040904805e-01
4.648359433893037797e-07
5.253122251520534864e-08
1.903014857681039724e-07
5.184979773692676137e-06
2.347923725359904600e-07
4.400795351293262093e-08
7.208023477096464658e-08
8.408583604386304863e-08
1.454563499030633804e-07
5.972718748925204984e-09
1.367628848826907261e-07
3.410118773790510851e-06
9.332487835529482445e-07
8.807623774137238030e-05
1.282035848184760105e-06
3.840653583158561177e-07
2.901681711030441980e-07
3.202299675604320329e-07
4.240425905805420246e-08
1.652980381041134065e-07
1.984831028906179845e-08
3.147399248270779762e-07
5.107102414029840369e-08
1.854782284343464189e-05
1.467635244756511202e-08
1.666577705464420090e-06
6.302891058298971503e-08
9.330651922115600687e-06
1.576411771706301107e-07
3.969950267069765246e-06
7.164500068107170797e-08
4.484811903226474305e-04
6.786627755284688302e-08
2.877238615644637639e-05
1.039746651711369640e-07
1.309285028500234110e-07
9.244892339535337074e-09
9.244892339535337074e-09
4.430044760388030099e-08
6.944397137316883559e-09
2.799661672635355564e-02
2.540575405330307231e-08
4.612054232217603513e-08
2.425428925750608409e-07
2.242420794113915734e-08
5.214672251265147889e-08
7.850329529390802795e-08
8.159289620757816236e-07
6.141998951583418216e-07
6.930691609428110712e-06
8.569623125359075057e-06
3.526173098144786138e-06
1.032686480495306851e-08
3.057790031712701006e-08
3.216509074544078773e-08
5.892410867032258868e-07
4.312898680929330572e-07
3.510656319971362117e-08
9.244892339535337074e-09
6.713914789020995418e-09
1.511932920610277409e-07
9.244892339535337074e-09
5.937505850602924777e-07
9.680575507645235812e-08
1.698927511123809910e-07
5.267915598796432084e-05
4.528195910986571563e-07
3.671043108675436540e-07
9.834943778072669836e-09
5.327608770052714755e-07
3.424727457388336206e-07
4.969391763748570549e-07
4.557402992633048529e-08
5.029379267242081275e-05
2.999878556951868398e-04
1.306231054288102987e-07
8.471023177495415155e-07
2.753743146456449767e-07
1.022904803846912933e-04
2.653304774439347363e-08
4.971815008571767996e-08
1.678148925372364730e-07
1.611408533382182140e-07
1.299384166938952490e-06
7.428042431022476170e-07
1.798484187205267572e-06
3.407390737092793247e-06
5.513861951970075989e-08
2.906546760443633972e-07
8.042682347392918793e-07
4.001104220529472715e-08
6.065670983425733626e-08
2.191591151873910354e-07
5.046504033842564852e-07
1.924204599527545929e-07
1.292773181695633590e-06
1.224043720905705903e-06
7.005045393731204606e-02
4.577831546276592819e-08
4.665811844738206155e-08
2.219075214690547607e-04
7.491656916316224273e-07
1.520467206924109754e-07
1.675843645959537442e-07
3.661985871875550279e-05
1.122799431307927627e-06
1.172551399871278920e-05
1.060540988286212939e-06
3.460151258159694015e-06
9.244892339535337074e-09
7.507425833969247914e-09
2.581984447398041906e-08
7.145681887522102991e-08
2.377385898140268422e-05
1.592284033246252522e-07
9.459948181538029420e-06
4.039855454797059319e-06
3.247002798464109029e-08
1.242191245146840147e-07
4.199783692762492001e-07
1.829525016449311245e-07
2.781562448149889276e-07
5.221902980756400572e-07
9.613550623432994704e-08
4.945375061492915809e-08
2.995194697188719219e-06
1.332093684205357978e-08
4.626287856577915930e-07
3.140463500193157857e-04
3.064634129516205896e-06
1.741010865677184059e-08
3.162128116687887105e-07
1.249454052609210067e-07
2.003970849492127333e-07
7.070723782807147009e-07
6.931427988746346694e-06
2.455161237902308276e-08
2.607636238367070603e-07
7.702710103475323366e-08
1.314203132282864358e-07
1.942909536769404574e-03
1.789807136173977230e-06
4.051050804920720770e-08
2.865886139577439055e-06
1.307642526009912965e-07
6.984347322852178053e-08
7.763006561203898851e-07
1.155937106327686472e-07
7.778418938990250143e-08
5.019661695100763726e-07
4.824930621425803856e-08
4.093144566826312718e-08
5.870058209309027527e-07
9.244892339535337074e-09
1.875330653630871977e-07
4.508273556093887565e-06
3.785157567683293335e-07
1.426775768706968932e-08
7.395299737152786267e-07
1.880126266351010661e-07
8.002870798847012635e-07
9.615646816494351448e-08
1.241147025493243036e-06
4.285783177535652171e-07
2.597594106211863613e-06
8.494390876011978983e-08
9.926492042280169374e-08
1.954902448738732348e-08
3.268862177050653277e-07
1.399453111080915744e-06
7.587453781767897823e-08
2.846466690885273157e-07
4.780496686111377746e-09
6.190420345953614422e-08
1.141914392231558502e-08
3.605491845386072214e-08
1.116117841795999207e-07
4.582653199478079512e-07
1.226648456194630225e-06
6.188144697132650363e-06
2.477136973668627311e-07
2.132538864305514744e-07
1.503785290860596044e-08
3.483474906945637075e-05
5.551445268755850913e-07
1.067008831853068432e-08
5.242230241813894085e-08
4.689979262526089664e-07
6.614341749446899313e-07
4.162979228870563076e-08
1.909510943688815329e-06
4.666319847832467586e-06
5.175111089594695588e-07
4.491850820663501701e-07
3.429975473184552441e-06
9.932487009723585915e-07
2.696766496618334722e-08
9.047864917639631496e-08
2.266763093980014049e-06
1.192557856689331332e-07
1.219488852730871366e-07
1.006333719327637138e-07
1.201021813823139262e-08
7.209765951053125042e-08
5.002749984365468063e-06
1.863413847653597582e-08
2.516751536689801444e-07
3.213670310342789485e-07
1.513586355309742924e-04
1.975270009274747747e-06
8.519732796880433040e-06
4.040215184488587877e-07
2.719099711356363370e-08
2.136160010738570334e-08
8.128933659342075987e-09
1.086787433234079135e-08
5.261709366349403044e-07
5.114338902881775378e-04
2.264557559787494931e-07
7.456508272962340425e-07
2.250774271967910712e-05
1.706202375906713017e-04
2.247985812057684058e-07
1.472207155741050784e-07
1.762659345500426525e-07
9.753049283449464262e-06
6.082956648837524547e-04
1.542462570402526496e-08
1.050514070701962569e-08
3.052986689432752657e-06
2.340988305296158697e-08
2.474667715552947435e-05
2.107762563778859291e-06
1.635207836088349071e-08
5.915585652570667343e-09
4.299898618936812086e-08
1.496206725843202208e-08
9.244892339535337074e-09
6.591423190801739510e-08
3.782662089759288301e-08
5.766769529471660450e-06
3.021588938909823452e-08
2.460631384590958922e-06
1.262547069284324497e-07
2.351993465188540735e-08
6.964882261674956388e-08
3.124406747271302392e-08
5.648584279876445344e-08
5.089217535442444237e-08
2.259087461336287316e-07
4.077660652957775235e-08
5.279554941406218659e-08
1.885030692431368000e-07
9.330033193944154979e-09
2.216448025063503613e-05
1.174089628200124231e-04
1.652598856448485464e-05
8.851096139415925639e-09
1.610320531401712764e-08
2.608033625422136062e-05
9.466888601249194967e-06
1.170892656177349364e-04
1.566056921257515575e-08
6.292492282265075738e-08
2.170646797160494717e-08
2.385134249974493385e-07
7.041504002941452723e-06
9.244892339535337074e-09
9.244892339535337074e-09
1.245433059863649439e-07
5.130352396453149999e-02
9.286883199507883191e-07
1.790275390907269186e-06
3.465500907806161924e-07
2.198622591593377237e-07
2.461783786572243423e-07
4.470990442518794476e-08
4.213678776449747816e-08
9.244892339535337074e-09
9.356225665227511152e-09
5.456204758042107340e-07
3.525608262935890381e-07
1.232865247386862080e-08
9.244892339535337074e-09
1.553928966787773834e-07
3.024226520773596407e-08
5.724787275352963838e-07
1.722801909828739561e-07
2.233926937639002150e-04
2.776350388143708173e-07
2.484061921807517118e-03
1.374967764091535593e-07
1.124291316562387849e-04
2.498041716293064181e-05
1.795909692604497173e-06
6.178922495660466537e-06
5.676028703171067904e-08
2.609465568949386737e-08
7.918884300356907406e-07
6.705277298281589392e-08
8.330900822484332120e-07
1.868735065207884777e-08
9.499170610679782832e-09
3.776508224689955289e-06
3.898272545505418048e-07
