3.196657532572092755e-04
3.196657532572092755e-04
4.558680057029324689e-02
2.669640388047013826e-04
2.669640388047013826e-04
1.032214779572870281e-03
4.472494123404224808e-03
2.110716941650791524e-03
5.130791197160948372e-04
8.581661396806937112e-04
8.581661396806937112e-04
8.581661396806937112e-04
8.581661396806937112e-04
7.502657020660647054e-03
2.263168567901692550e-03
2.263168567901692550e-03
5.076668626137330895e-04
3.756723931166667868e-04
3.196657532572092755e-04
3.196657532572092755e-04
3.196657532572092755e-04
1.449374327449522160e-03
6.443019243959867415e-04
8.974717465457004214e-04
3.196657532572092755e-04
3.196657532572092755e-04
2.761819491256761391e-03
2.761819491256761391e-03
1.713104737176839336e-03
8.143472925655502459e-03
8.027628248704622412e-04
3.196657532572092755e-04
2.616973940064923885e-04
2.020762757455482617e-03
2.020762757455482617e-03
2.020762757455482617e-03
2.020762757455482617e-03
1.025215464325190278e-04
2.660994316601304928e-04
3.196657532572092755e-04
1.454336245037567794e-03
3.196657532572092755e-04
3.196657532572092755e-04
1.534866098054788863e-03
7.805341302254502171e-03
8.923945580593875678e-04
3.196657532572092755e-04
4.902515096596604281e-04
3.196657532572092755e-04
3.196657532572092755e-04
3.196657532572092755e-04
3.196657532572092755e-04
3.196657532572092755e-04
3.196657532572092755e-04
3.196657532572092755e-04
3.196657532572092755e-04
3.196657532572092755e-04
3.196657532572092755e-04
3.196657532572092755e-04
3.196657532572092755e-04
3.196657532572092755e-04
3.196657532572092755e-04
3.196657532572092755e-04
3.196657532572092755e-04
3.196657532572092755e-04
3.196657532572092755e-04
3.196657532572092755e-04
2.091012446229091712e-04
3.174922041070724456e-04
8.588637419816207499e-03
2.558651307452327055e-04
2.558651307452327055e-04
1.042541499695780378e-04
1.042541499695780378e-04
3.196657532572092755e-04
3.196657532572092755e-04
1.593367832319753747e-03
3.196657532572092755e-04
1.863078051148644781e-03
3.023999097995992268e-04
3.023999097995992268e-04
3.023999097995992268e-04
3.196657532572092755e-04
5.617734283232938284e-04
1.536892247816264894e-03
1.602194072736836663e-03
3.585161274204009662e-04
8.254383839601266127e-05
8.777317476884493241e-04
2.042947159106923635e-03
2.892383432864905810e-04
2.385285571579918388e-04
3.196657532572092755e-04
2.385285571579918388e-04
1.240359237490941532e-03
3.196657532572092755e-04
1.240359237490941532e-03
1.240359237490941532e-03
1.240359237490941532e-03
1.118756196928830630e-04
4.100223883954732932e-04
1.662061282844217282e-04
3.276226895960671136e-05
3.196657532572092755e-04
3.196657532572092755e-04
1.919467703969431201e-04
3.196657532572092755e-04
3.196657532572092755e-04
1.919467703969431201e-04
7.119833804746838937e-04
7.119833804746838937e-04
3.196657532572092755e-04
4.793861067448296578e-04
4.793861067448296578e-04
3.196657532572092755e-04
3.196657532572092755e-04
3.196657532572092755e-04
1.371930152167330323e-03
1.371930152167330323e-03
1.371930152167330323e-03
3.196657532572092755e-04
1.612583523551652451e-03
3.196657532572092755e-04
3.196657532572092755e-04
1.652337876708843088e-04
1.652337876708843088e-04
3.196657532572092755e-04
3.196657532572092755e-04
3.933566117145531767e-04
3.933566117145531767e-04
2.666469379943729235e-04
2.666469379943729235e-04
2.666469379943729235e-04
4.432467335576122276e-03
3.338266547522806172e-04
8.212757380505206553e-04
3.196657532572092755e-04
3.196657532572092755e-04
3.196657532572092755e-04
3.196657532572092755e-04
8.212757380505206553e-04
3.180261874139852173e-04
2.280917012475446818e-03
5.369052743228690640e-04
2.471509400308393735e-04
2.471509400308393735e-04
2.471509400308393735e-04
2.471509400308393735e-04
3.196657532572092755e-04
2.471509400308393735e-04
2.471509400308393735e-04
4.423645877952604851e-04
4.290955815813717630e-04
1.642128384370112638e-03
6.301344497513015983e-04
1.504215662005569819e-04
2.937498754670800653e-04
2.127387370825753357e-04
2.263168567901692550e-03
2.230365478188035822e-04
2.230365478188035822e-04
3.196657532572092755e-04
3.543889152633332451e-04
1.765516440202120755e-04
3.196657532572092755e-04
3.196657532572092755e-04
6.113937836504578990e-04
1.232795382178196062e-04
2.213650420018042214e-03
2.213650420018042214e-03
5.253382432010775260e-04
3.196657532572092755e-04
5.253382432010775260e-04
3.196657532572092755e-04
3.196657532572092755e-04
6.101486597123845744e-04
5.008502509211029642e-04
3.196657532572092755e-04
3.196657532572092755e-04
2.370089697834410836e-04
3.436761959202547451e-04
3.196657532572092755e-04
1.023151570462128845e-03
1.042541499695780378e-04
3.196657532572092755e-04
7.044863713408639188e-04
3.196657532572092755e-04
3.196657532572092755e-04
2.808027873112357853e-03
1.042692137448829022e-03
3.196657532572092755e-04
7.504170936641257937e-04
5.686310030905276144e-04
3.196657532572092755e-04
3.196657532572092755e-04
7.987675381691323366e-04
7.768836829338056664e-04
1.042541499695780378e-04
3.196657532572092755e-04
1.214196148016481519e-03
1.829775813366557818e-04
9.744384903206083307e-04
4.260260802215089368e-04
2.441440891541112653e-03
1.060617100035932256e-03
6.337298219758377401e-04
1.978169146333631952e-03
1.187998039784058757e-04
1.239107281192509090e-03
2.640099498066321069e-04
1.913188442072718187e-03
6.512200301749679820e-04
6.512200301749679820e-04
3.318851601272286133e-04
5.553652660191261536e-04
2.884126613063225063e-03
3.196657532572092755e-04
7.466423338095117684e-04
5.641234307249111748e-04
3.196657532572092755e-04
4.952645446427666846e-04
3.196657532572092755e-04
3.877427897126683076e-04
3.196657532572092755e-04
2.471509400308393735e-04
1.402702191239232812e-03
2.232673770869660383e-04
2.232673770869660383e-04
1.904047313037020859e-04
4.737680142539598370e-03
6.046109922221703115e-04
3.196657532572092755e-04
3.196657532572092755e-04
1.656033916454831138e-04
8.362630237877909231e-04
3.196657532572092755e-04
3.196657532572092755e-04
3.196657532572092755e-04
3.196657532572092755e-04
5.676954721645777321e-04
3.196657532572092755e-04
5.676954721645777321e-04
5.676954721645777321e-04
4.817058737949820322e-04
3.196657532572092755e-04
3.196657532572092755e-04
3.196657532572092755e-04
3.196657532572092755e-04
3.196657532572092755e-04
3.196657532572092755e-04
3.196657532572092755e-04
3.196657532572092755e-04
3.196657532572092755e-04
3.196657532572092755e-04
3.196657532572092755e-04
4.013904209501007359e-04
9.823982852427344569e-05
4.828810803957732638e-04
1.122717870251820765e-03
2.610994068412063286e-04
3.076577259043017550e-03
3.196657532572092755e-04
3.986045994482649568e-02
6.409831476883920322e-04
3.196657532572092755e-04
1.442483051160764799e-04
1.442483051160764799e-04
6.331040451904939269e-04
3.196657532572092755e-04
3.196657532572092755e-04
2.811852765260712864e-04
2.166755746709636424e-04
3.196657532572092755e-04
6.178700124411089798e-04
6.563132888625681019e-03
3.196657532572092755e-04
3.196657532572092755e-04
3.196657532572092755e-04
1.052092366916836802e-02
3.196657532572092755e-04
2.823887797230290649e-03
3.196657532572092755e-04
1.721261049372277939e-03
2.228846407693638437e-03
7.567144388909479097e-04
3.196657532572092755e-04
3.612226401393144482e-03
3.196657532572092755e-04
1.467135472473958665e-03
1.442777355333949236e-03
1.673711681701440732e-02
8.695882274390517516e-03
3.496929338320233990e-04
3.196657532572092755e-04
3.242495948925491539e-04
3.759519295262710777e-03
5.636077277391182477e-04
6.922183311698897751e-04
3.196657532572092755e-04
3.196657532572092755e-04
7.206596548618613655e-04
7.206596548618613655e-04
2.804201836507942431e-03
2.804201836507942431e-03
6.242219720768078274e-04
3.196657532572092755e-04
6.242219720768078274e-04
6.242219720768078274e-04
3.196657532572092755e-04
1.070071830304593222e-03
3.196657532572092755e-04
1.397863254063139073e-03
1.389553676264674491e-04
2.660994316601304928e-04
2.384376077093600717e-03
5.707200098265950705e-02
9.617420230242380505e-03
1.481085169814197900e-03
5.302712401551346218e-04
8.305136015851081804e-04
8.305136015851081804e-04
8.305136015851081804e-04
3.196657532572092755e-04
3.190037369102218662e-02
3.196657532572092755e-04
3.196657532572092755e-04
2.394756316069455437e-01
2.886886191916869081e-04
4.293492835484948901e-05
3.196657532572092755e-04
3.196657532572092755e-04
8.110525154619509410e-04
2.978287833205431226e-04
1.688035837505271137e-03
3.196657532572092755e-04
4.176524793437535652e-04
3.569860223560719094e-04
1.031883910376574703e-04
3.196657532572092755e-04
3.196657532572092755e-04
8.115837501169859830e-03
8.115837501169859830e-03
8.115837501169859830e-03
2.172748013171215548e-02
1.483044510223311503e-03
3.196657532572092755e-04
3.196657532572092755e-04
6.483609464130334413e-03
1.243231072954382593e-01
2.894226287152752274e-03
2.894226287152752274e-03
2.894226287152752274e-03
2.894226287152752274e-03
1.350499238986510391e-04
1.350499238986510391e-04
3.196657532572092755e-04
5.801723881702489614e-03
4.248822114397813351e-04
1.600984802052951355e-04
1.089833049333435245e-03
3.196657532572092755e-04
3.196657532572092755e-04
2.173759219975738947e-04
3.765657334919289621e-04
9.287743606975698216e-03
1.631896642128046295e-04
2.722084407539708843e-04
3.455359811167894868e-04
3.446217939236241416e-04
9.828089065346303776e-01
1.967922786545664438e-02
4.314268003964560894e-04
2.290705900084589195e-04
1.570610124177650375e-04
9.071610898152714444e-03
2.882536407198312283e-04
6.497093180201851063e-04
3.196657532572092755e-04
5.864190943107812359e-02
1.011021296100543792e-03
1.271788414486328331e-03
9.732422127734717890e-03
3.991406294214577474e-03
3.196657532572092755e-04
1.072021890423874866e-03
4.480671169445261297e-04
3.983539251896889657e-04
2.747831730775339280e-04
3.196657532572092755e-04
1.199502331918050543e-02
5.756324639673753366e-04
2.724150999172213986e-03
1.376821039678537226e-03
2.193877715817712452e-04
5.491105478347257235e-04
5.491105478347257235e-04
2.444481154445927703e-04
9.734764428676882103e-03
3.423548174870453376e-05
2.853455769474514021e-04
9.259982385010661525e-04
2.827856109966365994e-03
6.614453966048873665e-04
3.196657532572092755e-04
3.570017684330377070e-04
4.676430121269818815e-04
4.676430121269818815e-04
1.280344375155642329e-03
3.689028508364374914e-04
1.243439781543725182e-03
1.107201390909862788e-03
2.657942056715205826e-04
2.631271602122999161e-03
2.036627155865626451e-03
8.709789747905882090e-04
3.639048087312168325e-04
3.196657532572092755e-04
1.034894513276239398e-03
1.042541499695780378e-04
1.804725715130983373e-03
1.954974830440325774e-04
3.196657532572092755e-04
4.628909036214284779e-04
2.029784047449238900e-04
2.610994068412063286e-04
2.543223831401863208e-04
2.649419343071647125e-03
1.940968228036945285e-04
3.196657532572092755e-04
2.823413556023430084e-04
2.823413556023430084e-04
3.196657532572092755e-04
4.947805300345802480e-04
4.947805300345802480e-04
4.947805300345802480e-04
4.048735966039041217e-04
4.501675558045915154e-03
3.196657532572092755e-04
4.501675558045915154e-03
4.501675558045915154e-03
2.644897498648008088e-03
3.782585010106307918e-04
3.196657532572092755e-04
6.827897029779109606e-04
2.568565001542516958e-04
2.568565001542516958e-04
1.291417202358971375e-03
4.667920959055471206e-03
4.667920959055471206e-03
3.196657532572092755e-04
3.443472666710563324e-04
8.976597435721100915e-03
3.933640491099272413e-02
3.933640491099272413e-02
3.196657532572092755e-04
9.331737920499003081e-04
1.248443783149861218e-04
6.101486597123845744e-04
5.225500386655121876e-04
5.225500386655121876e-04
5.225500386655121876e-04
3.839602863972529923e-03
3.488771663114238752e-04
3.196657532572092755e-04
1.811355789999528421e-03
1.811355789999528421e-03
3.196657532572092755e-04
5.205645125197138961e-04
5.205645125197138961e-04
3.052507569707968286e-04
5.735845502661469138e-04
3.168271124800275105e-04
3.196657532572092755e-04
2.219834430099000642e-04
7.913768451707368836e-04
4.407912198841356407e-04
1.178594094630510959e-04
3.482072127647986917e-03
9.200302936836899552e-04
7.671148642015520637e-04
1.464596030355544984e-03
6.106886765345829853e-04
3.196657532572092755e-04
3.196657532572092755e-04
2.163863784434466413e-03
3.196657532572092755e-04
3.816585373584699468e-04
4.539790866424459558e-04
3.137550993266454129e-04
8.629254350441041576e-05
7.982786355304087654e-05
3.196657532572092755e-04
3.354592439429451844e-02
2.066091015566920517e-03
5.236411697863442008e-04
5.236411697863442008e-04
4.334135816580101199e-04
3.196657532572092755e-04
2.137056662874621212e-04
2.137056662874621212e-04
3.196657532572092755e-04
3.196657532572092755e-04
1.634475467111203267e-03
1.634475467111203267e-03
1.634475467111203267e-03
3.188120585251294275e-04
2.596607597453167251e-04
1.042541499695780378e-04
2.348031009931642391e-02
2.348031009931642391e-02
1.512869545389610663e-03
3.196657532572092755e-04
3.196657532572092755e-04
3.196657532572092755e-04
4.124939390104177036e-04
1.937757549681272200e-04
1.042541499695780378e-04
3.196657532572092755e-04
1.042541499695780378e-04
4.913666355914300329e-03
3.172806021291385992e-03
3.697820596225400314e-03
3.196657532572092755e-04
2.008672459751888119e-04
3.196657532572092755e-04
3.196657532572092755e-04
3.196657532572092755e-04
3.196657532572092755e-04
1.057468043527254277e-03
9.051505740523948856e-04
1.042541499695780378e-04
3.331508631169720932e-04
7.639249427581451231e-04
2.752020058545032416e-04
3.809600786952617988e-04
3.162560477584972461e-04
3.196657532572092755e-04
3.196657532572092755e-04
1.171185177108980411e-03
2.180775706426238934e-03
1.279120458290096320e-04
1.268989678503229393e-03
1.120790907331585930e-03
3.196657532572092755e-04
6.258747537644406261e-04
1.024922089688477074e-03
3.196657532572092755e-04
2.342462809552489991e-02
7.881706247878891066e-04
3.196657532572092755e-04
1.978425882772841390e-04
3.196657532572092755e-04
3.196657532572092755e-04
1.228652989506947846e-01
2.061222362751156945e-02
3.196657532572092755e-04
1.444477842178068386e-03
3.361062661159901080e-04
4.632789999566499888e-03
6.917655259492405413e-04
1.717847515686275143e-03
1.982347156918233804e-03
9.577253740206362765e-04
3.945973627319934252e-04
1.284318101129702002e-04
3.196657532572092755e-04
5.507582712992215197e-04
3.651838571557027967e-04
3.925361516182544340e-04
3.196657532572092755e-04
5.053749968665487841e-03
1.466768705008724815e-03
2.838335045919088292e-04
5.080527349095339922e-04
3.259045964858874457e-04
3.326116701914804113e-03
1.321627137532574220e-03
3.196657532572092755e-04
7.537302799749516242e-04
1.938560844422839574e-04
1.038579871489953531e-03
3.196657532572092755e-04
3.196657532572092755e-04
7.132612293851430148e-03
3.196657532572092755e-04
3.196657532572092755e-04
5.042701911600591582e-04
3.196657532572092755e-04
1.475383309153790925e-03
9.541803477269299345e-04
3.196657532572092755e-04
9.541803477269299345e-04
7.842194128160571976e-05
2.285265449586623167e-04
3.196657532572092755e-04
1.130066883966922286e-02
5.931069215623063426e-03
3.607218661490910801e-04
2.913236419328827883e-04
3.196657532572092755e-04
2.404723256981089019e-04
1.011654799067086222e-04
8.000658171487443722e-04
3.196657532572092755e-04
2.497873956037206388e-04
7.820050380850148558e-04
7.272785238194196498e-03
1.235056928397931450e-03
1.974366619980413764e-03
1.600984802052951355e-04
4.596232838918418249e-04
3.196657532572092755e-04
4.596232838918418249e-04
2.021770393660146138e-03
1.804455018331508134e-03
1.394686690981683508e-04
9.139233986010734511e-04
3.196657532572092755e-04
3.196657532572092755e-04
1.537777465888937501e-04
3.196657532572092755e-04
3.355314389238055824e-04
3.196657532572092755e-04
1.001326239554434965e-03
2.867497676209576716e-04
4.757750294373438429e-04
1.305895815699662605e-03
5.333954371360194241e-04
3.370190270252957070e-03
2.365438788823532625e-03
3.196657532572092755e-04
3.196657532572092755e-04
2.165949469261855415e-03
4.087836994490063832e-04
3.196657532572092755e-04
3.196657532572092755e-04
3.196657532572092755e-04
2.706098275816662792e-04
4.545529684402003687e-04
3.196657532572092755e-04
4.545529684402003687e-04
4.545529684402003687e-04
7.011807846570295745e-03
3.196657532572092755e-04
1.710106756259654592e-03
2.846874854235450494e-04
2.814169766739393593e-04
1.026603499391243266e-03
3.426984626203978318e-04
2.145718914210434695e-04
1.354932106219447182e-03
2.625041829726595423e-03
6.101486597123845744e-04
3.806677304729738903e-04
3.308152650835112225e-04
3.196657532572092755e-04
3.900823588804008574e-04
6.697326368713811843e-04
6.667581704440028127e-04
8.557538620656905378e-04
2.127058273084405596e-03
3.155901697672048299e-04
2.239372927380265082e-04
1.601446311885371121e-03
5.968770581853172393e-04
5.968770581853172393e-04
5.968770581853172393e-04
3.196657532569871225e-04
9.264830776607294906e-04
5.330396449189299737e-03
4.736982842019465804e-04
3.044159789942214021e-04
1.193289703271319590e-03
1.042541499695780378e-04
4.042492980576910949e-02
3.196657532572092755e-04
6.629970596495551741e-04
5.273249099846870173e-04
9.410524461754168728e-04
8.366307736013084374e-04
1.667281948433371611e-03
4.129752027882987900e-04
6.099075625133146012e-04
2.701295117580225437e-04
2.597847778451063509e-04
6.203982021329524981e-04
1.361315574673271033e-04
2.880412383977286979e-04
5.444541091777732600e-01
3.196657532572092755e-04
1.042541499695780378e-04
5.419481782880997741e-04
3.196657532572092755e-04
6.250064725816878658e-04
1.210453465024170869e-03
2.750885072121052322e-02
3.196657532572092755e-04
5.723719918187899353e-03
3.383375234029164093e-04
3.383375234029164093e-04
3.940042933811779033e-04
2.573172557658583246e-03
2.573172557658583246e-03
3.743978291590542421e-04
3.743978291590542421e-04
6.375199265586379942e-04
4.456050017284852614e-04
3.196657532572092755e-04
2.210963534726384516e-03
9.786448819734653096e-03
2.432245791053975776e-03
3.988591333279313208e-04
3.196657532572092755e-04
1.496790900710246851e-03
3.196657532572092755e-04
1.496790900710246851e-03
1.901604741424612341e-03
3.196657532572092755e-04
1.901604741424612341e-03
1.901604741424612341e-03
1.901604741424612341e-03
1.901604741424612341e-03
3.196657532569871225e-04
6.710174199016621498e-04
1.284066883533599792e-04
1.284066883533599792e-04
1.284066883533599792e-04
3.068037645361538644e-04
6.066330815484879914e-04
3.196657532572092755e-04
3.196657532572092755e-04
3.196657532572092755e-04
3.196657532572092755e-04
4.440589570089601389e-03
2.782275368283319817e-04
9.948628351610945813e-04
3.196657532572092755e-04
8.313278418828649397e-04
3.196657532572092755e-04
1.617584799109939280e-03
1.617584799109939280e-03
3.324118203418855800e-04
1.383361132255652066e-04
1.383361132255652066e-04
3.196657532572092755e-04
1.383361132255652066e-04
1.092918620090280895e-04
2.458266067074058188e-04
3.196657532572092755e-04
3.446431212386897149e-04
9.406599979436913543e-05
9.406599979436913543e-05
1.831335069252618955e-03
1.724567013494254526e-04
9.036880622974934833e-04
3.196657532572092755e-04
9.036880622974934833e-04
3.965257652725282379e-04
3.396061674123345927e-04
2.730296211002072805e-04
1.175158136390851453e-03
4.889754694411015514e-04
6.156665328702307528e-04
3.196657532572092755e-04
3.196657532572092755e-04
3.196657532572092755e-04
2.769656235471478368e-04
2.769656235471478368e-04
3.196657532572092755e-04
2.769656235471478368e-04
2.953695108602823237e-04
7.039162010349393067e-04
1.848099656879381150e-03
3.709825356059839874e-01
9.703301060869646676e-04
5.905453852164874867e-03
3.829861370867638517e-04
5.798892116639873043e-03
1.356722745460698905e-04
3.179496291798939909e-04
3.196657532572092755e-04
2.154579141612359642e-03
3.196657532572092755e-04
1.287248691346514276e-03
1.545945256450469672e-02
2.680175112848337364e-03
3.130028416817865465e-04
3.371988809365075853e-04
1.463379182170796572e-03
1.523108199665487500e-03
2.243856173812329782e-03
3.196657532572092755e-04
1.042541499695780378e-04
3.835893979463813382e-03
9.369675606427085033e-04
3.196657532572092755e-04
1.047733244624312254e-03
4.126494389465371168e-04
3.539949618375097165e-05
3.640021383020863519e-03
1.213427809993715759e-03
3.196657532572092755e-04
1.604570706389294105e-04
1.604570706389294105e-04
3.196657532572092755e-04
1.604570706389294105e-04
4.082054794294430033e-04
3.196657532572092755e-04
9.292111442370402713e-04
1.721947796269483006e-03
3.025230341560256270e-04
5.232245018116339977e-03
3.196657532572092755e-04
5.185760930728173330e-04
3.431947854132180861e-04
8.933647153817368203e-04
3.160674052113308062e-04
3.196657532572092755e-04
3.196657532572092755e-04
4.778813935277741566e-04
3.196657532572092755e-04
5.832738315268853630e-04
1.839527320812748071e-02
2.867342342558929294e-03
5.109655893937254355e-03
3.594446430455162933e-02
3.491678348866499287e-03
3.196657532572092755e-04
2.718063429837820340e-04
1.241500341738513554e-03
1.033044019055363080e-03
7.612802787940430027e-04
3.196657532572092755e-04
1.363638986888031064e-03
3.196657532572092755e-04
3.196657532572092755e-04
4.336133950943185460e-04
1.811439300799165281e-03
3.441550378284805424e-04
4.382955655848784146e-04
1.154012357547396688e-03
3.424582313840540270e-04
3.196657532572092755e-04
6.101486597123845744e-04
6.101486597123845744e-04
4.380570211399400561e-04
3.196657532572092755e-04
4.380570211399400561e-04
3.196657532572092755e-04
1.804780408959679892e-03
1.982480950050135356e-03
1.122524175360927259e-02
3.196657532572092755e-04
2.104528855890369686e-04
3.879895737587201561e-04
9.917780456714339055e-01
3.918562651023992853e-04
2.494403411497567429e-03
1.680757715752314576e-03
2.041553289183787256e-04
5.717460814490927341e-04
2.762008647732103347e-04
3.196657532572092755e-04
3.196657532572092755e-04
7.243327566770561398e-04
3.196657532572092755e-04
2.251229723942405579e-03
1.897693624970052048e-03
3.196657532572092755e-04
2.019454201492066909e-04
4.714690782654605951e-04
3.196657532572092755e-04
2.011271654171547033e-03
2.011271654171547033e-03
2.011271654171547033e-03
2.011271654171547033e-03
2.011271654171547033e-03
2.279516852740539462e-04
6.101486597123845744e-04
2.662717405101999247e-04
3.196657532572092755e-04
4.932771800276148592e-04
5.256896978811284246e-03
3.186193853004406183e-03
2.637931405487207873e-04
1.279120458290096320e-04
1.191392074358599675e-03
1.191392074358599675e-03
3.687218304320564761e-04
3.196657532572092755e-04
1.240386276111754397e-04
3.196657532572092755e-04
4.413324872245637091e-04
3.196657532572092755e-04
6.106886765345829853e-04
6.041313986284530153e-03
3.196657532572092755e-04
3.196657532572092755e-04
3.196657532572092755e-04
2.186723869262532406e-03
4.548566001260348685e-04
5.614952092873894650e-04
3.196657532572092755e-04
6.361629779909409562e-04
3.196657532572092755e-04
4.759307449419052051e-04
1.857631927289199849e-03
4.897882309601565842e-03
4.897882309601565842e-03
4.897882309601565842e-03
3.196657532572092755e-04
5.534803637028343085e-04
1.755642698888942345e-03
3.429498065699691789e-04
3.196657532572092755e-04
3.429498065699691789e-04
8.813510605445996600e-04
6.464209306592283736e-04
3.196657532572092755e-04
1.695770187716866446e-04
8.558301805600681145e-04
1.457468020770060326e-03
5.986137730659696473e-04
3.196657532572092755e-04
8.390889485251706121e-04
1.379300026514184915e-02
2.628441208705038518e-03
3.196657532572092755e-04
2.628441208705038518e-03
1.892424245503105719e-04
1.892424245503105719e-04
1.203419313887989093e-04
8.972059960286582134e-03
5.082107284372233864e-03
2.461989839716279081e-04
1.644884021122265325e-02
3.196657532572092755e-04
1.344845898103995364e-03
3.102170222453423968e-04
1.510942247229087173e-03
9.001392809221284369e-05
3.196657532572092755e-04
1.190400306886213802e-03
1.139954520318852256e-04
3.065726150025231017e-04
3.196657532572092755e-04
3.196657532572092755e-04
2.625980200849636491e-04
4.757605889768814654e-04
6.359525867011344650e-04
4.249490971659148405e-04
4.249490971659148405e-04
3.196657532572092755e-04
3.196657532572092755e-04
3.196657532572092755e-04
2.179042544712795444e-04
2.179042544712795444e-04
5.836467006666761024e-04
1.233746442460054084e-04
3.196657532572092755e-04
1.752541697814163479e-03
1.752541697814163479e-03
1.752541697814163479e-03
6.005158972126346242e-04
3.613814356755781082e-04
3.196657532572092755e-04
2.896650699649214286e-04
6.101486597123845744e-04
7.437651878483919708e-04
3.196657532572092755e-04
7.437651878483919708e-04
3.196657532572092755e-04
3.098527653214489560e-04
2.076378514318866827e-03
3.196657532572092755e-04
3.196657532572092755e-04
3.196657532572092755e-04
3.969445020321768838e-04
2.215491737923364274e-04
7.022570843586880803e-04
6.101486597123845744e-04
2.533753675141562798e-04
3.196657532572092755e-04
2.573026618803787358e-04
1.042541499695780378e-04
3.196657532572092755e-04
5.833408665814265263e-04
2.460804037186313086e-04
2.460804037186313086e-04
4.454061541413628384e-04
4.454061541413628384e-04
6.099075625133146012e-04
3.196657532572092755e-04
3.743291280153118522e-04
5.897774963475364320e-03
1.696031554599892240e-03
3.196657532572092755e-04
1.696031554599892240e-03
1.483631593018833867e-04
7.891673698387112121e-05
7.891673698387112121e-05
3.111177818783335096e-03
2.107785447464257094e-04
2.360192826473479278e-04
1.691252756491527320e-04
1.691252756491527320e-04
3.586155919166092681e-04
1.724237897084378128e-03
3.196657532572092755e-04
3.196657532572092755e-04
2.556007461770100245e-04
1.107176592522084239e-04
8.095600417031143447e-04
3.196657532572092755e-04
2.137277061939012006e-03
7.099710545901143262e-04
2.392196046012259620e-03
1.217423411639099898e-04
2.464050912899447840e-04
4.193379478434715139e-03
2.359173490911087333e-04
3.423777925725994477e-04
3.196657532572092755e-04
5.132921185236382147e-04
1.738487798194951310e-04
3.196657532572092755e-04
3.508925791542872024e-03
3.508925791542872024e-03
5.244471494594893151e-04
2.680673646105855186e-04
3.196657532572092755e-04
3.196657532572092755e-04
2.564088718596971295e-02
2.098857346328473691e-02
3.828448250056605984e-04
4.819611330556793647e-04
4.651315738052921021e-04
2.634874540982565759e-03
2.044135198649453533e-03
1.513437303232014657e-03
1.600984802052951355e-04
3.196657532572092755e-04
2.031124409405859674e-04
1.121104827241696305e-03
5.045122792479962703e-03
1.406943811739033538e-03
6.099075625133146012e-04
3.665796336033677041e-04
3.665796336033677041e-04
8.339018108783669047e-04
3.771291846446985386e-04
3.774102016923464725e-02
4.210344566203816016e-03
5.868709346675257676e-03
1.251806940522876650e-03
2.813563660172099432e-04
9.085132371799635291e-05
1.122388708052354583e-03
3.843570483440452313e-04
3.196657532572092755e-04
1.717411173470193356e-03
4.802214333931980879e-04
3.196657532572092755e-04
5.022654786600642789e-04
1.371840479121790024e-03
3.196657532572092755e-04
3.196657532572092755e-04
3.196657532572092755e-04
3.196657532572092755e-04
1.371840479121790024e-03
1.371840479121790024e-03
3.196657532572092755e-04
3.544096236217624939e-03
2.516753948241570163e-04
3.196657532572092755e-04
3.196657532572092755e-04
3.196657532572092755e-04
2.577287251943180882e-03
2.632248073562146184e-03
2.264190646874724756e-04
3.196657532572092755e-04
3.196657532572092755e-04
3.011335429449952562e-04
1.245049958282310734e-04
2.730029667380118753e-03
3.196657532572092755e-04
1.325541548998322456e-03
2.282206891842473572e-04
1.354062214579713434e-03
2.080223389793533790e-03
9.728238984559548636e-04
6.531331210577025681e-04
1.922572089473161678e-04
1.287795952475045448e-03
4.919098272255374282e-04
2.323204088291566487e-03
2.767983886627816206e-04
7.314677580021318416e-04
9.528175395588191817e-04
1.938560844422839574e-04
1.279120458290096320e-04
1.632896673503410594e-03
1.632896673503410594e-03
6.938946062682747537e-04
2.295740253726312908e-04
7.998667350133259078e-04
7.998667350133259078e-04
3.196657532572092755e-04
5.484220975091146219e-04
4.210098373347081016e-04
2.067568770630734507e-04
3.196657532572092755e-04
6.870904897647306256e-04
3.196657532572092755e-04
5.536043158732258714e-04
1.142933857176155877e-04
1.142933857176155877e-04
2.184956066329621534e-04
2.328071655888836920e-04
2.847195066452692155e-03
2.305570187186770483e-04
1.139834622451438913e-04
1.138584708340845131e-02
2.810120047273860977e-04
5.180523852274412748e-04
9.553987400223030828e-04
5.228013530922693284e-04
1.026835008690236712e-04
3.276311737181664195e-04
2.824745984982477667e-04
2.824745984982477667e-04
2.824745984982477667e-04
3.196657532572092755e-04
1.858124613238984610e-03
3.196657532572092755e-04
3.281684351953457904e-04
3.793976279073857025e-03
2.557334251352357305e-04
3.196657532572092755e-04
1.808679397623658494e-03
3.196657532572092755e-04
3.196657532572092755e-04
3.196657532572092755e-04
1.521661121426835057e-04
9.457904130316839510e-05
1.099814986780154290e-04
3.196657532572092755e-04
2.488152084686259292e-04
2.267477342443449467e-04
1.672035472665547428e-03
4.036235306179507634e-04
7.910048966930902136e-04
2.610994068412063286e-04
3.196657532572092755e-04
2.149590278976415587e-03
6.101486597123845744e-04
4.619484349406209785e-03
3.196657532572092755e-04
3.196657532572092755e-04
9.125228490647142908e-04
1.079678208042360532e-04
1.689835613551126780e-03
3.196657532572092755e-04
3.139744393402695813e-04
2.863256782963360600e-03
1.995481393615793509e-03
4.420503343149694096e-04
2.915302438888613861e-04
3.663250079819568654e-04
6.315937372259540668e-04
1.739595640552573145e-04
1.523106136202675097e-04
3.196657532572092755e-04
3.196657532572092755e-04
3.141857070840661315e-04
5.371269436365096097e-04
1.042541499695780378e-04
3.439993725529189050e-04
3.196657532572092755e-04
3.662533257011696148e-03
2.766110042079999000e-04
5.127907250636988068e-04
3.196657532572092755e-04
5.828775814943116694e-04
3.535857600075846974e-03
1.606105832199365875e-04
6.101486597123845744e-04
3.196657532572092755e-04
3.196657532572092755e-04
8.508477112139909738e-04
6.911841383707569789e-04
2.450999583735269469e-03
2.372228135755308784e-04
1.838583400009192841e-03
3.196657532572092755e-04
4.031526290414774272e-04
3.591747440604222438e-04
1.530361634678706513e-02
1.530361634678706513e-02
3.196657532572092755e-04
7.458747702815171458e-03
3.196657532572092755e-04
1.249745020105599283e-03
1.341592109697899377e-04
1.341592109697899377e-04
3.196657532569871225e-04
1.893817544716933944e-04
3.196657532572092755e-04
1.094916910174754580e-04
3.196657532572092755e-04
5.602398430778702393e-04
3.196657532572092755e-04
3.196657532572092755e-04
3.647495028753688288e-04
3.647495028753688288e-04
3.196657532572092755e-04
1.424465562917147897e-02
6.865240143665107906e-04
6.101486597123845744e-04
3.117392318889426230e-04
7.068237159311986347e-04
1.187998039784058757e-04
2.745417992033615841e-04
2.745417992033615841e-04
9.462266340882321332e-05
5.567264602591266102e-04
1.042541499695780378e-04
4.745195554417408479e-04
2.767515710327900572e-04
6.427025635966795124e-04
3.496685567552450702e-04
4.462584489076128896e-03
6.808734932876095696e-04
6.808734932876095696e-04
1.399175436069314236e-04
5.061591747504408465e-04
3.196657532572092755e-04
6.099075625133146012e-04
3.196657532572092755e-04
4.897072375963888854e-04
5.577833380138598040e-04
3.196657532572092755e-04
1.638164621753418124e-04
4.488106911934718231e-04
8.676366069347233711e-04
3.196657532569871225e-04
7.714498205743863975e-03
3.339970481432053451e-04
1.277199549887977296e-03
8.847053461939943450e-03
3.196657532572092755e-04
3.501895314836768973e-05
3.501895314836768973e-05
2.272786605064198778e-04
9.959471469078078152e-04
3.196657532572092755e-04
1.244558951879021181e-04
1.244558951879021181e-04
2.891421867095384998e-04
9.000072941119147043e-04
2.765683668171818122e-04
1.483606689938726754e-03
2.866675514068963782e-04
1.885170114091243646e-03
9.966851293115282576e-04
1.192180204279588186e-03
3.196657532572092755e-04
9.051178738724164740e-04
1.864420548670317609e-03
1.703925346779287808e-03
7.873204882396567022e-04
1.097378151252641714e-04
2.050127349264185177e-04
1.000926589450142415e-03
5.322743782208256506e-04
2.292267443316318293e-04
1.042541499695780378e-04
3.196657532572092755e-04
1.724000668305716920e-04
9.469827640717195171e-05
1.288250927270624549e-03
1.460664618628340281e-02
3.196657532572092755e-04
3.196657532572092755e-04
3.196657532572092755e-04
1.836799209899781220e-03
3.196657532572092755e-04
3.118034336466072665e-04
2.174684353867759393e-03
1.283752837855820081e-03
1.493641856816722694e-04
3.196657532572092755e-04
1.493641856816722694e-04
4.495133142878392609e-04
7.533673445534076274e-04
1.172211812346170192e-03
3.235874667203821942e-04
4.248822114397813351e-04
3.196657532572092755e-04
4.248822114397813351e-04
3.196657532572092755e-04
3.196657532572092755e-04
7.348521576515779129e-04
3.196657532572092755e-04
4.466677705889015378e-04
4.001591065604284680e-03
3.196657532572092755e-04
1.202099679968508621e-04
1.202099679968508621e-04
1.202099679968508621e-04
1.600984802052951355e-04
1.600984802052951355e-04
1.600984802052951355e-04
7.433807836864938200e-04
3.196657532572092755e-04
7.433807836864938200e-04
1.897545359059065297e-03
5.137752819383059871e-04
5.137752819383059871e-04
3.196657532572092755e-04
2.940637481982597556e-01
6.566982105353806262e-03
6.566982105353806262e-03
4.306277002884059809e-04
3.196657532572092755e-04
3.196657532572092755e-04
1.509581361842685879e-03
1.600984802052951355e-04
8.778150856194776779e-05
8.778150856194776779e-05
6.101486597123845744e-04
1.352023815212528325e-02
7.097476967390958270e-04
1.297153749726490416e-04
9.856578275672610561e-04
3.748918272467874281e-04
3.196657532572092755e-04
3.196657532572092755e-04
3.196657532572092755e-04
7.990492552999174311e-03
2.570692419776812124e-03
2.675017644515969260e-04
5.187903179954048410e-04
7.703458975653629335e-04
5.743049440831762007e-04
6.936711690661447440e-04
1.042541499695780378e-04
3.192764086450355725e-04
3.670988263897943782e-04
4.129046761209636488e-04
6.938145075825521155e-04
7.274479238817806387e-04
8.689346602641520589e-03
9.588228444809892767e-04
8.553620534128173825e-04
3.169333889678555200e-04
2.847589895687817623e-04
7.407919788024287322e-04
1.141051365145174211e-03
5.159230927051091601e-04
3.196657532572092755e-04
2.556173902598249739e-03
1.973689675347284865e-03
3.196657532572092755e-04
3.860713130511736718e-04
3.860713130511736718e-04
3.196657532572092755e-04
3.196657532572092755e-04
3.196657532572092755e-04
3.860713130511736718e-04
3.196657532572092755e-04
2.531901560603386659e-03
3.560269501008734737e-04
4.434630903195953960e-03
2.796030817690235096e-03
5.020926016147076940e-04
5.782446173214858152e-04
1.483944944738002300e-03
2.279541805530995151e-03
1.707181059328708502e-03
6.863052738650784112e-04
4.471381061614427069e-03
3.196657532572092755e-04
3.196657532572092755e-04
9.033089456143982184e-04
3.196657532572092755e-04
3.196657532572092755e-04
5.571893917657060047e-02
4.974598111054218987e-03
1.158002339623507258e-03
3.196657532572092755e-04
6.230942384288135115e-04
1.346048065093499464e-04
3.389621417162003852e-02
5.322124019277993173e-04
3.196657532572092755e-04
3.196657532572092755e-04
2.042333617817848439e-03
3.196657532572092755e-04
4.662181601161762999e-04
7.734288677575477250e-04
3.196657532572092755e-04
2.412504650083339584e-04
3.196657532572092755e-04
1.346566878902555331e-03
1.245947489984277397e-03
4.032305394783445652e-04
4.032305394783445652e-04
3.196657532572092755e-04
9.081430374972768041e-04
8.230380899267618951e-04
1.087215286720552619e-04
3.196657532572092755e-04
1.087215286720552619e-04
1.087215286720552619e-04
8.733261818392561160e-04
3.196657532572092755e-04
8.733261818392561160e-04
3.196657532572092755e-04
8.733261818392561160e-04
3.500734009508302161e-04
1.924098104612432386e-03
1.924098104612432386e-03
1.924098104612432386e-03
1.534216116481085929e-04
8.854863187198868529e-04
3.196657532572092755e-04
4.888631259150862714e-04
3.412093491569790239e-04
3.196657532572092755e-04
3.196657532572092755e-04
3.196657532572092755e-04
3.412093491569790239e-04
3.196657532572092755e-04
5.477960681797308315e-03
1.382975835956730968e-04
3.196657532572092755e-04
2.557253275617084386e-04
3.996386459560417599e-04
1.279120458290096320e-04
1.780764735490577622e-04
1.780764735490577622e-04
3.196657532572092755e-04
4.641614450543423277e-04
1.759862826622530033e-03
1.614431901555456314e-03
3.196657532572092755e-04
1.600984802052951355e-04
3.196657532572092755e-04
3.635989135211924184e-04
3.635989135211924184e-04
2.815880431105037074e-04
3.196657532572092755e-04
3.196657532572092755e-04
1.496541555156508108e-03
3.196657532572092755e-04
1.488913012198443339e-03
1.042541499695780378e-04
1.042541499695780378e-04
1.485787000727580237e-03
3.196657532572092755e-04
3.432422811472993478e-04
3.432422811472993478e-04
6.101486597123845744e-04
6.099075625133146012e-04
1.497278782910939040e-04
3.196657532572092755e-04
2.018569829302458742e-03
7.763257769149546107e-03
3.196657532572092755e-04
1.901638717631131694e-04
3.196657532572092755e-04
6.632267167533848840e-04
3.300633570407406829e-04
3.196657532569871225e-04
3.196657532569871225e-04
2.212202658311095659e-04
1.806310516756817882e-03
6.632277518370953591e-04
2.904033777134410951e-03
1.017013180931705587e-03
3.196657532572092755e-04
1.050351264279313426e-03
2.717211473601097334e-04
3.196657532572092755e-04
1.039645065366786485e-03
7.056749902818647497e-04
8.576635974642585593e-04
3.196657532572092755e-04
5.650865568239410311e-04
4.191041709716335564e-04
1.069572632371566280e-02
3.196657532572092755e-04
3.433954565879942752e-04
2.858589507828184374e-03
7.349355201403017434e-04
3.196657532572092755e-04
2.387616358763106853e-04
1.160588735075458126e-03
3.303679984092365660e-03
9.367607513152122157e-04
2.394988327687064679e-04
3.196657532572092755e-04
3.196657532572092755e-04
1.211462956347540042e-04
1.211462956347540042e-04
3.196657532572092755e-04
2.006856331378756037e-03
3.196657532572092755e-04
2.236075272598797396e-03
2.236075272598797396e-03
2.092212581706050874e-04
2.685994322713186611e-03
2.685994322713186611e-03
2.685994322713186611e-03
3.196657532572092755e-04
8.589251728148883424e-04
4.224006671253370364e-04
3.651971170283863240e-04
2.731324532853131337e-04
1.612064809400609979e-04
2.011129843843769446e-04
1.331893553627488264e-02
1.331893553627488264e-02
9.090397075055217744e-04
9.090397075055217744e-04
3.196657532572092755e-04
3.196657532572092755e-04
3.196657532572092755e-04
1.582783140307924500e-03
2.758884238790021144e-04
3.196657532572092755e-04
2.337067585936123532e-04
3.196657532572092755e-04
2.732844431364256713e-03
1.800767085908496021e-03
3.993898995852641844e-04
1.638677226634481477e-04
1.638677226634481477e-04
8.360266855066479956e-04
3.196657532572092755e-04
4.282033713845067452e-04
3.196657532572092755e-04
3.196657532572092755e-04
3.196657532572092755e-04
3.196657532572092755e-04
4.282033713845067452e-04
3.196657532572092755e-04
8.666574115528949060e-04
7.399140218357302089e-04
3.196657532572092755e-04
4.947105256093201585e-04
1.437280375614667389e-03
2.002071646261623279e-04
4.809024341551409944e-04
2.610994068412063286e-04
1.995551056901638271e-03
6.101486597123845744e-04
1.421691025252398146e-03
1.938518151826758220e-04
3.196657532572092755e-04
3.196657532572092755e-04
6.099075625133146012e-04
3.196657532572092755e-04
2.887755833032351529e-04
2.473457191417702738e-04
9.527116137681480065e-05
2.368365226141721331e-04
1.108826562376663262e-04
3.196657532572092755e-04
2.708719638636722556e-04
5.340606331805641252e-04
3.186013568788963971e-04
1.504707005589101757e-03
9.125368865721253170e-04
9.125368865721253170e-04
3.196657532572092755e-04
1.007886581274544712e-03
3.196657532572092755e-04
1.008699352867688492e-04
1.029779077123237627e-04
9.021612213626038768e-04
6.567257687538437163e-04
4.398008538725203353e-04
1.924296007635930444e-04
1.029966918480173859e-03
3.196657532572092755e-04
3.196657532572092755e-04
2.802402387426833515e-03
3.196657532572092755e-04
3.841982052008264338e-05
3.196657532572092755e-04
1.743760411760983181e-03
3.196657532572092755e-04
1.743760411760983181e-03
1.743760411760983181e-03
3.196657532572092755e-04
1.743760411760983181e-03
2.156594027126865817e-03
3.196657532572092755e-04
1.434243490826562150e-04
1.453474349734106593e-04
9.207910008675176602e-04
4.454606018088567705e-04
3.847928612637804661e-04
2.474752890456244424e-04
3.196657532572092755e-04
3.798724872425291582e-04
3.196657532572092755e-04
3.196657532572092755e-04
1.247720229683215928e-03
9.416984326585194423e-03
8.047286372309097463e-04
4.787326667050746079e-04
5.122964453211694552e-04
2.965202139499227389e-03
1.434217838195131684e-04
3.196657532572092755e-04
3.098685700768151084e-04
8.196019899147868491e-04
1.189940832900113253e-03
1.094979730493701221e-04
3.196657532572092755e-04
1.162438129161449127e-03
3.196657532572092755e-04
2.452377935295986001e-03
1.890580695629220888e-03
3.196657532572092755e-04
3.196657532572092755e-04
9.289047311657417033e-04
4.347104331052652378e-04
3.196657532572092755e-04
1.538503644913882806e-03
3.196657532572092755e-04
3.737725392388164397e-04
2.476064322706424451e-04
2.278555647887481924e-04
3.965257652725282379e-04
1.042541499695780378e-04
3.196657532569871225e-04
4.563101131461121357e-04
5.079999031668074819e-04
5.079999031668074819e-04
1.620249536289300333e-04
1.620249536289300333e-04
1.620249536289300333e-04
5.571606147118841629e-04
3.196657532572092755e-04
1.711322218717675628e-03
1.711322218717675628e-03
1.711322218717675628e-03
4.504517121019684708e-04
4.504517121019684708e-04
7.503168169223028115e-04
7.382741456554096351e-04
1.042541499695780378e-04
1.042541499695780378e-04
1.042541499695780378e-04
2.959827576525227242e-04
2.534173028554330908e-04
2.071139942578471491e-03
3.196657532572092755e-04
3.196657532572092755e-04
4.644577631760143433e-04
3.019300452500790679e-03
1.191995506531389398e-04
3.466858220850781310e-04
6.099075625133146012e-04
2.312555713405677732e-04
2.312555713405677732e-04
1.225117944607473309e-04
1.600984802052951355e-04
3.196657532572092755e-04
3.196657532572092755e-04
3.196657532572092755e-04
3.196657532572092755e-04
3.196657532572092755e-04
3.196657532572092755e-04
6.099075625133146012e-04
6.099075625133146012e-04
1.601614527152516257e-04
6.140462596597676820e-04
1.678184762810910674e-03
9.120941157504029815e-04
1.863068145740729765e-04
1.427159946416503924e-04
4.743167228103860843e-03
9.487464695943731386e-04
1.369452661153039441e-04
1.865675320273224298e-04
3.196657532572092755e-04
2.266215381039444435e-04
4.001918410800946679e-04
3.760153726651235297e-04
5.417619187230467278e-04
3.196657532572092755e-04
5.417619187230467278e-04
3.196657532572092755e-04
3.196657532572092755e-04
