1.469893119567869371e-08
6.655530337980084187e-08
9.498681345560193486e-08
4.026255054306355731e-08
4.026255054306355731e-08
4.026255054306355731e-08
6.658155486379396793e-06
1.282708259913949146e-07
5.177730910763048037e-07
4.957438746359454430e-06
5.268122989656739819e-08
3.473737537900463350e-06
2.103493048868845280e-08
5.188800993814956588e-08
1.393012966715053796e-07
1.717946082064396887e-08
6.828368456742494579e-08
1.694670473693727279e-07
2.308455337320091724e-06
6.115649583329065573e-09
8.383386210554590076e-09
6.442504734527234571e-09
3.321403215915803915e-08
1.785983674606964535e-06
4.745115801813136419e-07
4.879914683290730898e-08
7.253569494727384048e-02
2.225289717619203182e-07
9.733148051388710101e-08
2.807125139886710776e-08
6.671984956024384316e-08
7.786005392115434282e-08
4.764038858618475687e-07
2.014530538386029092e-07
2.753036999331867939e-07
5.205167085497452156e-07
4.646632942910615551e-07
1.917041330917145067e-06
1.775676191528914983e-07
3.045190205100031913e-08
4.005305577138536851e-04
6.503266887826307860e-07
1.636206056452384877e-08
3.276410293110776427e-04
3.729566646465296023e-07
3.729566646465296023e-07
1.514977906226830928e-07
2.173609661020991469e-08
1.337168398604409267e-07
3.413067419466990794e-08
1.284702372246812839e-07
3.077870101044097926e-08
1.054897832874587829e-08
2.242805903305292927e-08
3.213563427710524828e-07
4.788705612293647921e-07
1.103738761592622645e-07
5.727588156578782787e-08
4.702657148285836749e-07
1.398380236250167066e-07
1.547139202865241733e-08
1.658393568522281457e-08
3.767333762861041483e-08
1.314887187351405532e-08
8.912892965151367946e-08
2.197440867658435169e-06
1.996226039116293236e-08
4.683307725249383526e-07
1.261205576086995341e-08
1.621715524833119010e-06
1.248376948162761992e-07
4.392406356235289923e-06
2.748218810031570410e-05
4.300384447380389959e-07
1.170197865580475172e-05
4.986778467634742960e-07
2.155702640716643456e-06
9.934327841036883569e-09
2.720050892184855029e-08
1.238957723814329452e-08
5.466064149770672325e-08
1.240702764935386961e-07
4.396068732436540991e-07
1.801191079254020040e-06
8.019342846730958539e-08
3.688554502226444045e-07
7.632682731291034518e-07
1.993860996685797858e-08
5.646782990410675670e-07
2.278113637054480199e-04
1.001335374299752519e-08
2.932677737860575651e-06
8.725678630485630603e-09
4.798329549163335281e-08
1.445933626410568214e-08
6.241001911719710857e-09
6.838299398935887301e-08
2.231102069260528860e-07
1.965517283325311571e-08
1.168557440179874945e-07
6.830079811567220472e-09
5.853219979572364013e-08
2.076458938620214014e-08
1.891917270128748942e-08
2.162077346269458561e-08
2.962217926833482543e-07
6.291921936897422829e-09
2.385803653483666512e-06
9.169325034778701737e-07
2.536710625405272813e-08
2.371292126124874067e-08
3.172836944280753629e-08
1.150849691662250754e-07
1.412254724012117541e-07
9.434337593921454721e-08
1.361736213828943622e-08
2.088593823339494168e-08
2.958369731878767702e-08
4.804612794279486228e-08
4.045091315310633847e-07
4.156873069050280691e-08
1.641453275532319595e-07
1.918097120294446081e-08
1.071855135844319764e-03
8.528762353071871843e-09
1.401914458179112008e-07
6.293936730815336207e-09
1.540476822902194698e-07
3.527446883716192000e-06
8.076986627713080198e-08
2.578196772265085229e-08
1.300590322099271869e-07
1.932905995432103103e-07
3.790974634228582316e-07
1.107398279778894448e-08
2.081931706348108522e-07
1.667676047947217856e-06
1.690411499873673502e-07
3.030583293120647671e-06
4.902014805071557402e-08
3.884218230951897103e-08
4.281751595547041709e-08
8.625105128246242835e-08
1.045492743623502724e-07
1.009964221553993837e-06
3.418165670104352743e-08
1.010912534496798851e-07
4.381410521982903623e-09
2.950601112048761425e-08
4.780900497106619470e-09
2.233347165288109004e-02
5.454699642857247555e-07
4.026255054306355731e-08
3.244525085724877735e-08
2.049343824129220535e-08
3.549239814767959110e-08
9.933827897489566782e-06
3.549239814767959110e-08
1.255186776610826967e-06
1.525931029899547435e-07
1.250480023904465800e-08
3.990967898681679735e-07
4.646754186354925611e-07
1.502939382378819611e-05
1.469514747679335772e-06
1.832188243154277154e-08
4.336942477696342995e-06
9.425092867287229763e-08
3.424149637913471167e-06
5.322352147992963902e-08
5.737553972520390630e-08
2.482474827531979262e-06
3.415889378543741674e-07
2.278176031875082110e-07
3.620308566935649253e-07
5.545684504425436636e-08
1.041725696477443596e-07
2.992875519480999512e-08
1.318284212629586549e-08
1.047152437277210110e-08
1.228903028421683122e-08
9.726841470898762114e-08
9.999510015616325243e-01
1.061410165163012327e-07
1.032369231623468860e-07
1.823462886816724664e-06
4.026255054306355731e-08
3.547171022462325293e-08
4.007851664465510633e-08
4.026255054306355731e-08
2.331438018668427134e-02
1.993459225256750780e-06
4.802259576147223075e-07
4.562552336424044545e-07
1.882649185401703200e-08
4.026255054306355731e-08
6.365795488810110666e-08
1.868684485048370761e-07
4.722010074714079029e-06
1.771711275853018870e-07
1.516182778597925489e-02
6.158898890450581119e-09
2.054835704106592852e-08
1.665441260101764319e-07
5.067054043095256050e-06
4.422630970448263622e-07
8.853096627993614599e-05
9.180577062811451045e-08
1.408253287997118079e-08
2.497869662934838544e-08
2.425080062893280173e-07
2.594424317129439585e-03
4.898459405067261390e-04
2.245651680067160317e-08
8.710741124651386051e-08
1.936423409642051559e-08
1.322398964093694004e-04
3.135844303398896077e-07
5.898707563596879916e-08
4.611827577624704715e-08
4.026255054306355731e-08
9.474164011426642218e-05
1.083023346050495349e-03
5.978705326359608769e-07
1.570598212908733105e-04
1.472894604375998800e-06
1.782484116663425253e-02
4.870260135131425953e-07
1.259343068915475317e-05
1.661933253315248035e-07
3.187161959227335251e-08
2.452293724653635850e-07
6.301804471245790407e-08
8.024519610953053289e-06
2.810107763861166426e-06
1.899694425424983235e-05
2.254614490748452949e-06
2.062038013532937671e-07
2.009606467584851371e-07
7.453129128187108356e-07
7.453129128187108356e-07
7.232036823769383282e-04
8.156239205929502469e-08
2.130043221674895912e-08
3.316186908324914167e-07
3.032319111446729559e-07
3.807313972001353373e-07
1.583728311516801346e-06
1.018861336301349601e-08
3.719463979930641976e-05
4.420332828752765087e-07
3.621407360987419634e-04
9.826967848420404082e-09
6.252702835023079623e-08
1.868111827477782513e-07
2.045217396736956909e-07
1.174172026090139400e-03
3.702122223988561913e-06
1.101092791799221889e-06
1.808089526539460475e-06
2.191916812309787933e-07
1.841651698816790624e-08
6.015009189171190219e-08
6.077409857035900757e-06
1.513326058062593041e-04
1.968246252292081228e-06
6.781909276339226356e-01
1.963373999023404723e-06
8.800910828496900851e-07
9.732220555446981079e-08
1.132186883532918929e-06
2.886102146546047669e-07
6.262043186323969448e-08
4.538441710248311371e-08
1.723169532188787220e-06
9.573214686643342306e-09
3.441135233362486728e-09
8.622519827669596454e-09
5.817806218451636664e-08
2.014242478226924036e-08
5.555442461908096103e-08
4.020540074215333118e-08
6.775803946692936014e-08
2.335911112396345702e-08
5.203270746939410345e-08
1.539398595496213082e-08
4.487283482388846107e-08
3.037923519608882449e-08
2.049630389256875459e-08
4.766755270185841272e-04
7.273835909319843253e-09
3.170048340733712804e-06
2.809557875675550215e-06
5.903655710369005663e-09
1.807343863152300567e-06
2.864632849314280677e-07
1.389435926719281345e-07
4.071614271076692987e-08
1.754449207506303329e-06
1.628422843691653549e-02
1.362098971367395962e-07
7.450539918730296751e-01
2.603150521636898787e-06
4.026255054306355731e-08
2.130043221674895912e-08
9.361295849041059531e-08
1.944917055153268122e-08
7.798555509010760323e-06
2.437767266198628200e-06
7.000745914668353788e-08
1.535094052377389122e-06
4.082651015836224882e-07
4.356970981172038416e-08
1.305981480723040262e-07
8.191732490161839963e-08
6.211098205012943376e-07
3.228350775584553245e-06
6.114752944350701575e-07
5.572223503069745313e-08
7.867985588518973871e-04
2.845872814288739697e-08
4.239285112520091996e-07
9.924853040514787191e-07
5.562799107348597851e-07
3.590110370419526305e-04
1.981980115401690166e-08
4.671677710891770262e-08
2.058038401854620980e-06
1.942912735803714313e-08
1.815441776798689183e-08
4.902167074720814360e-08
1.505355233309026412e-07
9.165010756345799744e-08
2.582328446224357525e-07
1.054180024327503822e-07
8.664548716739702135e-07
7.935283536249842173e-06
4.351941571824944450e-05
3.574690329667211386e-05
1.646079545383887055e-07
6.793429874481783995e-03
8.696364011804295341e-06
3.343353763638597941e-08
1.663791615710250500e-07
5.225998606076062761e-07
1.719878565220304801e-07
7.327040208409920811e-07
1.035144831593985816e-06
2.927335190889092734e-02
5.233744517264475039e-08
1.726884668790859318e-07
5.637186594663020408e-06
3.830717037689943049e-07
3.355365542143721199e-07
1.348071465370525451e-06
5.890913068617204347e-08
4.973570792392283875e-06
1.334191169248856285e-06
5.465996445275012458e-08
1.470437823862259338e-07
2.130043221674895912e-08
4.196705610465630112e-07
1.126625206511855382e-03
4.546275874381086910e-08
4.947293923557520793e-08
1.025691170029668100e-07
2.145014535850120913e-06
1.115312025036991199e-08
1.852010921650858771e-05
1.065590695099651264e-07
1.267746083144411751e-08
8.447937520626128561e-05
4.020666587389804734e-05
2.095765242991306763e-08
2.559469902002378135e-08
7.621329587821048998e-08
1.392035513426036971e-07
1.583883945571203586e-07
2.644453392839643533e-09
8.251860149848806105e-07
4.026255054306355731e-08
5.896879399565237524e-06
4.272839552834985115e-08
9.460452130106484321e-09
1.478962189626632277e-07
1.005992080796399444e-05
1.205354905120639656e-06
1.448982528189020889e-08
1.434120580553296175e-08
6.043745914760994145e-08
9.652642626636539912e-09
1.890034474250968471e-07
1.272290869809286349e-07
8.109570877250299462e-06
3.445936243972334001e-01
4.588875634235157448e-09
9.183063226750921619e-08
1.964517540948886794e-08
5.609345292422594938e-05
7.023779875185266286e-05
