9.732315301592507758e-04
2.093015973387683103e-06
2.434001455766814832e-08
4.365625297237887287e-09
4.365625297237887287e-09
4.365625297237887287e-09
4.947638452978388495e-07
4.281507547600585863e-08
2.252845782237893338e-07
1.019160052313327836e-08
9.798688120880311159e-01
2.898352249750356063e-07
1.520387413057856595e-07
8.673980719642586813e-05
9.407116385516099439e-06
4.955203188830772381e-07
1.959132176635153002e-06
4.438535415011621057e-07
2.569214264913935101e-08
5.062835457554000669e-03
9.143544279859396051e-02
9.998062487787614527e-01
2.588114627130889032e-08
4.616802011097427620e-06
2.126265185105100269e-07
1.302609075718023075e-06
2.400887323856949193e-06
1.270481431083668467e-06
1.791753180926184081e-06
7.746616624134355342e-07
4.279742496060244340e-07
3.306839577679516761e-07
3.289193311576645737e-08
8.360977763193206509e-06
2.594881220691201316e-08
7.016201923489916168e-07
2.673484224783686164e-05
4.864257684478452283e-08
3.941712394687169936e-08
8.104618655388383764e-07
4.335263846755983925e-09
1.678999442645050201e-04
6.626769420651038259e-07
5.596240304046266184e-07
3.650420661639994154e-05
3.650420661639994154e-05
7.081718202657579427e-08
7.196657379230512791e-05
6.108646837133736355e-07
3.716308163678716982e-08
1.646981740225362969e-08
3.275244517674956105e-07
9.657894873776919512e-08
8.807848458295281401e-07
4.237381153694311047e-05
7.568828884608062911e-09
3.082057452249788878e-07
1.772784978986849422e-06
2.559832747867746196e-03
3.240260434303276343e-02
1.208459351381378898e-06
3.865769856700542774e-04
3.206202327227471773e-05
2.793578225862434360e-07
6.843704494665528617e-07
1.313398582283763329e-07
7.336756534566617694e-07
1.831892966015953985e-08
8.267647481146043959e-08
5.578236901629119978e-04
1.041921375392635439e-07
2.162119077529225842e-06
1.679153725452381236e-08
3.171071396573728487e-09
1.244800638622720998e-05
2.789252703088914402e-07
3.438877458933761481e-07
2.077480333015288832e-05
2.194804875305569837e-08
1.025534535006508580e-08
3.239112420249870431e-04
6.819135667014600267e-07
1.069986718522888745e-08
8.206021018011073245e-08
1.193623572858062955e-08
5.693993343962918183e-09
9.188067391801400282e-09
1.917985110082218187e-06
1.521647837976987166e-03
2.104065125436870323e-08
6.022878196012344729e-07
6.986748504386046314e-08
3.281044095665783655e-07
8.938672441572413987e-03
3.082040537144448036e-04
9.755957104450770282e-06
5.658633266784826032e-01
2.702227251415164734e-07
5.003757443345372949e-08
6.981709131108200344e-08
8.029853165527448293e-04
3.335755983258926107e-07
5.915305401130739724e-05
6.270965944472349082e-07
7.631960255871255841e-07
1.945889798680134764e-07
3.900352484025632878e-06
1.433398863213035737e-07
1.919949043679115024e-07
3.677427853368742018e-08
7.967617289168811223e-06
3.899648083287564912e-05
7.450317167206984453e-05
4.781109344265688926e-02
3.685469691375185862e-04
2.028608804324810093e-04
1.918978204677630100e-03
6.991543369521301327e-05
1.373137625016081638e-05
6.820897821395852247e-08
7.092585718766840146e-09
5.659479084041859016e-07
3.170988622655663771e-08
8.654938630323844719e-09
2.282385505536941588e-05
1.785748454384391985e-07
1.403431164154130934e-06
5.702440727102019245e-04
2.103491977179000742e-07
3.739328334708881032e-06
2.404373936600954696e-08
2.478777310463184563e-07
5.327976754084163410e-08
6.866893191340350574e-07
2.092695532453919170e-07
4.605732190205772142e-07
2.091683310586518107e-07
4.465226479154373171e-05
1.041259310820186668e-07
2.917008574593412921e-07
3.910072947195545909e-08
4.468841827612799984e-08
4.070007312015604462e-08
1.855842351389007210e-03
6.911400916754713929e-08
1.679485995945253417e-05
2.726648363343712594e-07
5.114754441368367449e-08
9.184242674659190357e-06
1.002888384213952778e-05
2.316655644746234618e-07
1.305453034269479060e-07
4.365625297237887287e-09
2.139523888316265167e-07
5.442701564435032477e-07
5.365848851001729122e-08
4.166310837055579345e-08
5.365848851001729122e-08
1.453753027440504699e-07
4.545961859440003121e-07
4.011158822788221486e-06
1.112742154247599776e-07
2.922377980043456309e-07
2.434750174286129553e-08
1.035174920233959531e-06
1.274479749549890756e-08
4.300256892973069223e-08
1.730331947991424132e-02
2.456761554752910868e-07
2.196731329838833094e-07
1.097866716018435277e-08
2.714630838430510820e-07
1.724714036005375317e-01
9.159675570317252165e-08
9.741575380466614026e-08
7.192969950438354577e-08
2.955205016617305598e-08
4.406206731705981964e-07
5.587177197379578151e-06
5.669751301419993783e-02
4.929475066623122232e-08
2.941171120024755549e-07
6.227150230941800072e-09
2.919331143385577597e-06
2.877421574664230835e-07
1.111734979030869426e-07
4.365625297237887287e-09
1.651445772157554993e-03
5.124756687786658171e-09
4.365625297237887287e-09
3.447967889334111030e-08
5.488405049479674165e-07
6.576836090419054853e-07
1.368680156794389354e-07
4.323337035997909528e-01
4.365625297237887287e-09
1.998629869298240713e-02
2.912891543365536769e-07
3.062847002030501720e-07
5.656466513970697366e-08
4.967928837902315327e-08
2.061197018456226176e-06
5.520818616858929017e-05
1.225333398978814881e-08
6.038906886611000277e-08
1.029081630432995101e-07
9.171448563419207890e-07
8.643798678398518637e-08
3.551371488055888887e-03
7.582274446887543218e-06
1.264995660422093555e-06
3.776430879451546071e-08
2.412523111868142665e-07
3.068895426366580886e-02
1.920168244665089452e-01
1.546092555851921968e-07
3.549852127875576025e-07
2.022020152642427949e-08
6.845327395253290254e-07
3.395632159034441309e-08
4.365625297237887287e-09
4.020535580404157306e-06
3.250018035265116707e-08
2.927250894578049043e-08
1.462556469981953164e-07
2.955697650490260422e-07
2.734351913082120137e-07
3.593723022048670866e-09
1.379358021365685062e-03
3.937131090040568624e-08
9.154089002002750536e-09
6.523673297560914335e-09
1.211921340304099763e-06
2.006674679616329906e-07
7.039907240833169121e-08
3.510074631324735175e-08
1.740547526973389184e-08
6.032523133889599958e-09
2.392715926827134614e-08
5.803229464015670480e-08
6.467388212223227669e-08
1.960776099390064068e-08
2.156736572097129461e-07
5.978827394425158896e-09
3.325218740477612478e-05
8.279465941404377237e-07
2.147178228315321585e-07
3.720094223193542873e-06
2.652269668900272865e-07
2.842823514773144546e-07
9.720583806306811285e-08
8.455696673323694588e-08
2.504943802474505175e-03
3.932413620328202075e-06
3.451737806350541673e-06
3.913094893610981134e-07
1.458248618265775898e-06
1.219859208442220872e-07
2.429817034119375923e-07
1.156335141515148570e-08
1.846640607069239705e-06
1.050330653280267581e-06
2.348472835395202093e-08
6.302651837674961182e-08
3.470097216393068276e-07
1.368112740199058149e-08
2.188126148436206929e-08
2.321888482604033410e-01
1.233768937658643897e-07
2.426776671778332709e-08
2.028586454825555497e-08
6.819922532504876019e-07
1.524195383164014567e-04
8.771152325156920058e-09
8.238431793309934649e-09
2.274370740026289720e-06
1.138702098748843204e-03
2.604399899187204610e-06
1.197846988840405843e-07
5.378971303606307382e-03
1.103227621226885622e-06
2.371312965317609673e-08
4.510554659418327993e-07
8.423592348425122341e-07
6.742981113560218440e-08
1.246249332317130040e-08
8.519996195218446853e-06
2.915134243738739114e-07
3.761806781596333704e-06
2.441573090616006462e-07
3.010369218790523698e-08
2.988807435673234968e-06
4.782295029223894136e-08
9.288130293156106631e-07
4.918271014434220753e-08
9.474663390595953398e-07
6.209401487820926991e-09
1.541770366139894557e-06
8.905317223496368245e-08
1.093443929155720219e-06
6.729273613067972265e-07
2.093862035004686376e-07
1.538414624573563756e-08
4.365625297237887287e-09
5.978827394425158896e-09
1.729249384446612293e-09
3.680726391437308674e-08
7.119837854234652205e-08
6.562725097774294528e-08
1.394999386011354944e-05
5.422173575679018176e-08
2.703904455796589832e-06
4.624875048287270359e-09
9.741679318886359643e-03
1.240390468120614694e-07
3.437129086872498292e-07
8.397762835585199578e-05
2.282453361938336345e-07
1.745733111274513872e-03
3.098969430778207721e-08
3.176930105162289359e-07
1.176272942206871649e-04
2.642438689825047478e-08
2.168817502475939666e-08
3.843088575762669389e-09
8.216889808036486294e-06
1.308034990283492070e-07
9.426977721408667652e-06
4.829689093577588203e-07
8.775156402099696090e-05
2.251408562491977792e-07
1.582879160648959659e-07
1.925136935948505633e-06
1.402040102623952553e-07
3.496229841938301375e-08
8.022100552508953370e-08
1.244431411178143412e-05
6.931315829255072492e-08
1.268006842973290159e-07
5.482912661178980342e-08
2.648554217864944869e-08
7.263698886287172222e-08
2.747711798848646945e-08
5.204539718440087587e-07
1.777945070250928712e-07
5.312787593973488084e-08
3.002455472057810415e-07
1.375483518213299290e-07
5.558038354156367533e-08
1.081710811406112269e-07
2.017970957723663751e-07
2.261426722440994802e-07
6.753502598612879277e-06
3.593511235644086581e-06
6.056441034577235417e-09
1.950144442673305309e-07
4.991128548413140153e-05
4.692096024700636766e-07
6.189911607218771556e-04
5.942524839494518284e-08
5.978827394425158896e-09
1.049696411996580810e-07
6.253708599856101712e-08
7.978536113344881922e-04
7.201029958447743186e-09
2.823556038134549331e-08
4.858242780824834587e-08
3.334550669003496661e-07
1.596275230495720193e-04
5.437986362324362692e-05
7.235170253206627943e-06
1.402130820742820367e-05
8.490130451166769206e-07
1.304922665063494123e-05
1.793288586535180131e-05
1.015059233814430118e-05
8.019828781312862597e-06
1.273696036906814889e-07
1.025678847126376128e-08
3.377655658131502028e-06
4.365625297237887287e-09
1.268621911611652428e-07
4.286451057143487912e-08
8.755059386235461704e-06
2.376605356393744628e-08
2.928496667710396770e-07
3.530190032740650081e-09
2.455374509267459223e-07
2.026102150210918034e-03
1.032807266426624638e-04
6.437510672478231785e-06
8.046199366392185163e-08
5.120243992414910663e-09
8.745780171867688208e-06
6.152164017832410366e-08
3.541403753641567923e-08
4.262498487383518074e-04
5.584585693061222219e-06
4.153828875022371697e-07
4.703336951909220735e-08
