1.315075315840538843e-09
5.822851742213907415e-06
1.071377717012562325e-06
2.272763621278741215e-07
2.272763621278741215e-07
2.272763621278741215e-07
8.818675293971714804e-03
3.050719607836262573e-03
3.395902160820286925e-10
6.867321505061345580e-09
1.368316628587748344e-08
1.652687081030726448e-06
6.836932946947682234e-10
2.643703568426997635e-08
8.706773944098042942e-06
9.206249957533712816e-08
8.290721734778195636e-08
4.079086016927130190e-08
1.043691567400850154e-07
1.769366225793080110e-08
8.565676799888308397e-08
9.079323622912174411e-08
2.430763371398273961e-03
7.510064133738196838e-04
2.402362915559724723e-03
4.828104682409080522e-07
1.325622219770629606e-06
9.467566597773286928e-07
5.024533515888605165e-07
4.464767351084388254e-07
7.289146962623047906e-06
1.139740264461565424e-06
5.294766528932055192e-09
3.715806033664644236e-08
2.047617643121845558e-08
4.436308690513029391e-06
3.080717144986491771e-06
5.643554337802834249e-07
4.339698233514086720e-07
1.872112966277298959e-06
9.232844719506891340e-02
6.448166000642964775e-06
2.315990007628728602e-08
3.818529897139889375e-07
5.428003797452050965e-07
5.428003797452050965e-07
1.453899891705285839e-07
5.400215855286141246e-09
1.332317501644768548e-04
4.699876688080532979e-08
1.802373639618351330e-05
8.788199767766154862e-05
1.080788486042996751e-05
3.657302470795942857e-06
6.885858700030757575e-06
7.868517033997140721e-07
2.905904439220023270e-07
1.836748648435416608e-05
8.198821671502322842e-08
4.414526349780295554e-07
1.812400053699274621e-09
9.813464368955601315e-09
3.520514111206298025e-08
4.931295549727369998e-02
2.940857379120394993e-07
9.774458029077666437e-06
2.777480211866123466e-07
8.363818523061567769e-05
2.380695495614099356e-07
1.429585445057794365e-04
1.828706864678544834e-06
9.990374482447071935e-01
4.988107425954811224e-04
1.472564832725795967e-08
2.506043737103717136e-07
1.632398553238104152e-05
1.564554585084238745e-05
2.122474962900743677e-08
3.697961393377161912e-08
8.551560042913893386e-09
7.695118887221466009e-08
1.081166822324259722e-07
2.432027073455085838e-08
4.423828609883224830e-08
2.634150871616050764e-07
4.778404149708716678e-07
4.429262052311231116e-07
1.895373412624987919e-06
2.239605068533706862e-06
7.008863418676781754e-01
1.047820289096170888e-07
7.553709918928968953e-06
2.016208839956876357e-05
9.742441514616991741e-08
4.078653040848777544e-08
2.112297056305216196e-08
3.576207672193639823e-07
3.698211786092579128e-05
3.537846686649894057e-06
4.877806422272412993e-05
2.027062341537354780e-08
9.769382589599782087e-10
5.645944947172943915e-07
8.217740047352709281e-04
4.489919341930863538e-06
2.719477694939470231e-06
2.702123257091551465e-07
2.369094757294932470e-06
1.422574621369070364e-03
4.877904223667578949e-06
9.081005704940004560e-08
6.018497338675234587e-08
7.016024203193305473e-08
2.761812798785713815e-08
1.329659159588521168e-06
2.773868236822279471e-06
8.331168558264871953e-08
1.101432619329308392e-07
3.004608725324420273e-09
1.058667213526660010e-04
1.498185017047013204e-05
1.565110148882164192e-07
7.746148066000771562e-06
4.061872812444428473e-04
5.874999308332682464e-06
3.179295481884664126e-09
4.683488710377582605e-05
1.463464663867942191e-08
1.276943156033809914e-07
3.164195594358342779e-03
2.989294036677050403e-01
4.984948358279029934e-01
4.684244287759278352e-05
1.602422070422312886e-04
3.643426678790784856e-01
9.328157299408452106e-08
2.677134406443211836e-02
1.310590118124492392e-05
8.067296783102884117e-01
4.044574390102237567e-06
9.127785292478303170e-01
9.829696640809677533e-01
2.334555511266900004e-04
4.037157312573480683e-08
9.695898476390620862e-06
3.196672081362019845e-07
3.521516222831031493e-06
1.527027263322459733e-07
6.278894215390121367e-06
9.399180738052081672e-07
2.688981404303758078e-07
1.486042556482101552e-06
2.272763621278741215e-07
1.006906492758401790e-07
5.217507120237456939e-08
3.467026684066337001e-04
8.124975808872221636e-06
3.467026684066337001e-04
2.595890661720368892e-05
1.974626200195285207e-09
3.550004221849225564e-04
7.412693191618681527e-09
9.992478388050386462e-01
9.868265921615924086e-01
7.858113551466298086e-01
3.029805898148601971e-06
3.150907058565257561e-04
3.507497480766888012e-06
9.935882910783039312e-01
8.551525422392051623e-07
1.934469115434993508e-04
9.984519355467508239e-01
3.711936292397972104e-07
5.713866864800846481e-07
9.887676971812098259e-01
9.406677345262292938e-04
3.632222730092241259e-06
4.945868515338770804e-07
3.451525082868490708e-05
3.337039377760012454e-08
1.216261275820882055e-07
3.122367385329030918e-06
1.424663076902288198e-05
9.452088087854165156e-06
6.234782020262927586e-05
2.191899751947755772e-05
2.272763621278741215e-07
5.473852670125326843e-06
1.997336521356528247e-08
2.272763621278741215e-07
4.433408482051740332e-03
2.575015334467499687e-05
9.086287516242789585e-04
4.942338218699258848e-05
3.346244253220002145e-06
2.272763621278741215e-07
4.637358827371490832e-08
1.246882833841110941e-02
9.214072478037357451e-06
4.287631250702563697e-08
5.580900334348628543e-07
1.730791989542818647e-07
2.442451366031928790e-07
9.700198762245444163e-06
6.863462690754817790e-03
1.338297459664299095e-06
7.208401542276670418e-08
4.267749706410929903e-06
5.680696513795803537e-08
9.491147815919877918e-09
3.659304047157610829e-07
2.765356835869729236e-05
1.773693219459730906e-05
5.461563453585364084e-09
1.478488436727641632e-06
7.107735539097626487e-10
4.572216364651699935e-03
8.929960207599425115e-06
5.027527137898159910e-05
7.207871579034265223e-04
2.272763621278741215e-07
2.815415826125727133e-02
5.089630824871192603e-07
1.772823943863115735e-05
3.156165011169979904e-08
1.359844511120332005e-05
6.930194105831005656e-06
3.113950117351443471e-09
9.241695260665769989e-08
8.838506938407009417e-07
1.517576565621172559e-06
1.079192595080126466e-06
6.152679228511564715e-06
1.232259325601914966e-09
2.857016291079224515e-06
7.411004345700742152e-07
1.033363252461927861e-04
1.370974750880722914e-07
4.749096880251177450e-07
1.113125036006911254e-08
2.025207133012715159e-08
3.356839288276015419e-08
9.140019507234785390e-08
4.824520484962469443e-08
1.325482519180771813e-08
6.722958633030097841e-09
1.094379579286491313e-03
6.012646136713643790e-07
6.750094878441493965e-05
4.700934410270020102e-10
6.149368292047596381e-07
1.658136473680559692e-02
1.522324399685345434e-07
6.510365924725609624e-08
4.637198668553715354e-03
5.108598120126193310e-05
3.136759021445697150e-08
3.063133751613015534e-04
8.879835941985520211e-06
4.769288926171601835e-08
3.012772478904700949e-07
2.041643540844652401e-07
3.271116135272339465e-04
2.502977591824566384e-05
1.939619219818672986e-05
3.505633612535285809e-04
2.550953448582018871e-04
9.475534492828068597e-08
2.369916976672017012e-05
1.342205014106268035e-04
4.709943947182207658e-06
4.851330237837758708e-06
3.533574034445183548e-06
4.548633557542121971e-07
1.481848342217435706e-07
5.564107529713387303e-08
1.918602386872902909e-09
2.876875945281565423e-06
1.323903213541525049e-08
7.552544703428217279e-09
3.124093153565037594e-07
1.625263174534608758e-08
3.085521762319883339e-08
5.261866326056227183e-04
9.861875058672331894e-06
3.241207874586965842e-06
2.294288317357421720e-06
1.593096376798327010e-02
1.270056551920054137e-06
3.754664158228606546e-04
6.311888927184874623e-09
8.131740153751733133e-06
9.361965747123475671e-09
2.080437370992285587e-08
2.372241489947688381e-05
8.272623851278777618e-08
1.727170422104668466e-07
4.261291439248889894e-09
1.626885950601382756e-07
6.430381818807303916e-07
4.274129768184344551e-05
1.305257919446472722e-03
2.030185390756993983e-06
2.272763621278741215e-07
4.824520484962469443e-08
6.637446592610912613e-08
1.819375092019465074e-05
1.111806011105392693e-06
7.024279839124944423e-09
1.544742967706377531e-05
1.644283351012328664e-05
5.421800059543622588e-08
2.782627986937166070e-06
2.924351193986447078e-03
8.447497518029348197e-05
5.462972873975527634e-07
8.420235113620736823e-05
7.423916809067266135e-08
1.882589971698608647e-09
9.129471942477683684e-04
9.280777195736347455e-06
3.484083427476431354e-08
1.380832540692547290e-04
1.014524799568199825e-02
1.347881885421479338e-07
1.769034388312073555e-06
1.041553630679937495e-03
8.467315969179085291e-04
4.633559962856108523e-04
1.023996597527154450e-05
1.225967716089265585e-08
3.969319202868328031e-07
9.927621698456901985e-08
1.026802501624213086e-04
1.326659604070915440e-06
6.552987968482737164e-08
1.670781745595314568e-05
1.661151009275596757e-07
1.728188432429154532e-05
1.448009590857692369e-08
4.449962817978093051e-07
1.134194904156841407e-07
2.057145081921949747e-06
9.234306973244712103e-04
1.389694966539233893e-07
1.553154925055509356e-04
3.360148374234226375e-04
4.926065212851718079e-08
7.826324069861690064e-05
2.904311544483828382e-03
3.713786819506848594e-07
5.051234689690685029e-06
1.370637260323730525e-03
2.870462417614475542e-05
7.262777519741144116e-06
5.832503162047082423e-07
1.914429485012175843e-07
1.204631018504393027e-06
1.932164760953733231e-06
8.040651941657183792e-08
4.824520484962469443e-08
6.840586903798995776e-03
3.654772408110438797e-01
6.521570594677889370e-07
9.600734278290713066e-08
1.682862837215904453e-06
2.768220233757722686e-06
1.207297741011836050e-08
3.941481936347790362e-05
5.266210063533654910e-05
7.561847963113034206e-07
5.005484802947007643e-03
1.599638901126867622e-07
4.723649636975145865e-06
6.428393028210443488e-07
5.444183783176011376e-07
4.839450613533418102e-10
1.600405719864625336e-08
5.856878248245104902e-09
3.533774312501847527e-11
2.272763621278741215e-07
1.111726145307548818e-04
7.871529524489215252e-08
7.690298738916871617e-07
1.266215383422022360e-07
3.410245927507003141e-07
2.315708216170093866e-08
2.856847008016683419e-05
1.517542819905685933e-07
6.632451782668517922e-08
1.434025096837260499e-07
4.175282630724057694e-06
6.904072707790681845e-07
1.659611911990773960e-05
2.228312697825532408e-07
3.681526596267986453e-07
2.064314700856411788e-04
3.354189906930845271e-05
9.864927593025631936e-01
1.565040732439817257e-04
